test/fft_8_rad2_tb.sv:74 YES:SyncFF
verilog/fft_8_rad2.sv:27 YES:AsyncFF
verilog/butterfly.sv:38 YES:SyncFF
verilog/delay_commutator.sv:36 YES:SyncFF
verilog/delay_commutator.sv:69 YES:SyncFF
verilog/delay.sv:17 YES:SyncFF
verilog/delay.sv:33 YES:SyncFF
verilog/deserializer.sv:20 YES:SyncFF
verilog/input_reorder.sv:34 YES:SyncFF
verilog/delay_commutator.sv:36 YES:SyncFF
verilog/delay_commutator.sv:69 YES:SyncFF
verilog/delay.sv:17 YES:SyncFF
verilog/delay.sv:33 YES:SyncFF
==================================================
Unified Inference Statistics
Number of always_ff:                   12
Number of always_latch:                0
Number of always @*:                   0
Number of always_comb :                1
Number of always :                     2
Number of flip-flop candidates:        13
Number of synchronous flops inferred:  12
Number of Asynchronous flops inferred: 1
