verilog/QR_decomp4.sv:21 YES
verilog/QR_decomp4.sv:130 YES
verilog/fp_add.sv:56 YES
verilog/fp_add.sv:126 YES
verilog/fp_add.sv:178 YES
verilog/fp_mul.sv:45 YES
verilog/fp_mul.sv:71 YES
verilog/fp_mul.sv:91 YES
verilog/givens_matrix.sv:20 YES
verilog/givens_matrix.sv:31 YES
verilog/givens_rotation.sv:26 YES
verilog/givens_rotation.sv:94 YES
verilog/givens_rotation.sv:119 YES
verilog/givens_rotation.sv:144 YES
verilog/givens_rotation.sv:168 YES
verilog/givens_rotation.sv:193 YES
verilog/givens_rotation.sv:220 YES
verilog/givens_rotation.sv:233 NO "an edge-triggered block not inferred as a flop" (233)
verilog/transpose.sv:18 YES
verilog/inv_sqrt.sv:53 YES
verilog/delay_fp.sv:18 YES
verilog/delay_fp.sv:32 YES
verilog/matmul.sv:94 YES
verilog/delay_fp.sv:18 YES
verilog/delay_fp.sv:32 YES
==================================================
X P R O P   S T A T I S T I C S
instrumentable assignments:    230
instrumented assignments:      228
instrumentation success rate:  99%
