test/fft_N_rad2_syn_tb.sv:60 YES
verilog/butterfly.sv:33 YES
verilog/butterfly.sv:67 YES
verilog/butterfly.sv:94 YES
verilog/delay_commutator.sv:36 YES
verilog/delay_commutator.sv:69 YES
verilog/delay.sv:17 YES
verilog/delay.sv:33 YES
verilog/deserializer.sv:20 YES
verilog/input_folding.sv:35 YES
verilog/twiddle_control_pointer.sv:17 YES
verilog/interleaver.sv:70 YES
verilog/fft_N_rad2.sv:219 YES
verilog/input_reorder.sv:34 YES
verilog/delay.sv:17 YES
verilog/delay.sv:33 YES
verilog/delay_commutator.sv:36 YES
verilog/delay_commutator.sv:69 YES
==================================================
X P R O P   S T A T I S T I C S
instrumentable assignments:    170
instrumented assignments:      170
instrumentation success rate:  100%
