****************************************
Report : Time Based Power
	-verbose
	-nosplit
Design : fft_N_rad2
Version: T-2022.03-SP3
Date   : Wed Dec 11 14:53:07 2024
****************************************

Simulation Periods: 50 ns - 3e+06 ns

Sampling Interval: 0.001 ns

Library(s) Used:

    saed32rvt_tt1p05v25c (File: /afs/umich.edu/class/eecs598-002/SAED32/SAED32_EDK/lib/stdcell_rvt/db_ccs/saed32rvt_tt1p05v25c.db)


Operating Conditions: tt1p05v25c   Library: saed32rvt_tt1p05v25c
Wire Load Model Mode: enclosed

Cell               Design       Wire_model  Library       Selection_type
--------------------------------------------------------------------------------
                   fft_N_rad2   280000      saed32rvt_tt1p05v25c automatic-by-area

Power-specific unit information :
    Voltage Units = 1 V
    Capacitance Units = 0.001 pf
    Time Units = 1 ns
    Dynamic Power Units = 1 W
    Leakage Power Units = 1 W



  Attributes
  ----------
      i  -  Including register clock pin internal power
      u  -  User defined power group

                        Internal  Switching  Leakage    Total               Peak         Peak            Glitch    X-tran
Power Group             Power     Power      Power      Power   (     %)    Power        Time            Power     Power    Attrs
----------------------------------------------------------------------------------------------------------------------------------
clock_network           5.760e-06    0.0000    0.0000 5.760e-06 ( 0.17%)      N/A         N/A             0.0000    0.0000  i
register                3.649e-09    0.0000 1.644e-03 1.644e-03 (47.79%)      N/A         N/A             0.0000    0.0000  
combinational           1.709e-09 1.639e-09 1.791e-03 1.791e-03 (52.05%)      N/A         N/A             0.0000    0.0000  
sequential                 0.0000    0.0000    0.0000    0.0000 ( 0.00%)      N/A         N/A             0.0000    0.0000  
memory                     0.0000    0.0000    0.0000    0.0000 ( 0.00%)      N/A         N/A             0.0000    0.0000  
io_pad                     0.0000    0.0000    0.0000    0.0000 ( 0.00%)      N/A         N/A             0.0000    0.0000  
black_box                  0.0000    0.0000    0.0000    0.0000 ( 0.00%)      N/A         N/A             0.0000    0.0000  

  Net Switching Power  = 1.639e-09   ( 0.00%)
  Cell Internal Power  = 5.766e-06   ( 0.17%)
  Cell Leakage Power   = 3.436e-03   (99.83%)
                         ---------
Total Power            = 3.441e-03  (100.00%)

X Transition Power     =    0.0000
Glitching Power        =    0.0000

Peak Power             =    1.2166
Peak Time              =   320.000

1
