****************************************
Report : Time Based Power
	-hierarchy
	-verbose
	-nosplit
Design : fft_N_rad2
Version: T-2022.03-SP3
Date   : Wed Dec 11 14:18:59 2024
****************************************

Simulation Periods: 50 ns - 3e+06 ns

Sampling Interval: 0.001 ns

Library(s) Used:

    saed32rvt_tt1p05v25c (File: /afs/umich.edu/class/eecs598-002/SAED32/SAED32_EDK/lib/stdcell_rvt/db_ccs/saed32rvt_tt1p05v25c.db)


Operating Conditions: tt1p05v25c   Library: saed32rvt_tt1p05v25c
Wire Load Model Mode: enclosed

Cell               Design       Wire_model  Library       Selection_type
--------------------------------------------------------------------------------
                   fft_N_rad2   140000      saed32rvt_tt1p05v25c automatic-by-area

Power-specific unit information :
    Voltage Units = 1 V
    Capacitance Units = 0.001 pf
    Time Units = 1 ns
    Dynamic Power Units = 1 W
    Leakage Power Units = 1 W



                                      Int      Switch   Leak     Peak     Peak            Glitch   X-tran   Total
Hierarchy                             Power    Power    Power    Power    Time            Power    Power    Power    %
-----------------------------------------------------------------------------------------------------------------------------
fft_N_rad2                            2.43e-06 1.69e-09 2.07e-03    0.679 350.010-350.011    0.000    0.000 2.07e-03 100.0
1
