
                                 PrimeTime (R)

               Version T-2022.03-SP3 for linux64 - Jul 12, 2022 

                    Copyright (c) 1988 - 2022 Synopsys, Inc.
   This software and the associated documentation are proprietary to Synopsys,
 Inc. This software may only be used in accordance with the terms and conditions
 of a written license agreement with Synopsys, Inc. All other use, reproduction,
   or distribution of this software is strictly prohibited.  Licensed Products
     communicate with Synopsys servers for the purpose of providing software
    updates, detecting software piracy and verifying that customers are using
    Licensed Products in conformity with the applicable License Key for such
  Licensed Products. Synopsys will use information gathered in connection with
    this process to deliver software updates and pursue software pirates and
                                   infringers.

 Inclusivity & Diversity - Visit SolvNetPlus to read the "Synopsys Statement on
            Inclusivity and Diversity" (Refer to article 000036315 at
                        https://solvnetplus.synopsys.com)
#####################################################
#Enable power analysis
#####################################################
set power_enable_analysis "true"
Information: Checked out license 'PrimePower' (PT-019)
true
#####################################################
#Perform vector analysis
#####################################################
#write_activity_waveforms
#####################################################
#Read design data & technology
#####################################################
source "./envset.tcl"
3000000.0
3000000.0
set_app_var link_path $LINK_PATH
* ~/../../afs/umich.edu/class/eecs598-002/SAED32/SAED32_EDK/lib/stdcell_rvt/db_ccs/saed32rvt_tt1p05v25c.db
read_verilog "$NETLIST_FILE"
1
list_design
Info: Library 'saed32rvt_tt1p05v25c' has compact CCS timing.
Loading db file '/afs/umich.edu/class/eecs598-002/SAED32/SAED32_EDK/lib/stdcell_rvt/db_ccs/saed32rvt_tt1p05v25c.db'
Loading verilog file '/home/ksnl/eecs598/final-project/mimo-ofdm/syn/fft_N_rad2.mapped.v'

Design Registry:
 *  fft_N_rad2     /home/ksnl/eecs598/final-project/mimo-ofdm/syn/fft_N_rad2.mapped.v:fft_N_rad2

1
current_design $TOP_DESIGN
Information: current_design won't return any data before link (DES-071)
link
Linking design fft_N_rad2...
Information: 206 (70.07%) library cells are unused in library saed32rvt_tt1p05v25c..... (LNK-045)
Information: total 206 library cells are unused (LNK-046)
Design 'fft_N_rad2' was successfully linked.
Information: There are 24400 leaf cells, ports, hiers and 24529 nets in the design (LNK-047)
1
read_sdc "$SDC_FILE"

Reading SDC version 2.1...
Warning: Setting input delay on clock port (clk) relative to a clock (core_clk) defined at the same port. Command is ignored. (UITE-489)
1
1
set power_model_preference "ccs"
ccs
#####################################################
#Specify variables
#####################################################
#set_operating_conditions 
set power_limit_extrapolation_range "false"
false
#####################################################
#Perform timing analysis
#####################################################
update_timing
Information: Using automatic max wire load selection group 'predcaps'. (ENV-003)
Information: Using automatic min wire load selection group 'predcaps'. (ENV-003)
Warning: Some timing arcs have been disabled for breaking timing loops or because of constant propagation. Use the 'report_disable_timing' command to get the list of these disabled timing arcs. (PTE-003)
Information: Building multi voltage information for entire design. (MV-022)
1
#####################################################
#Check for potential errors that might affect accuracy
#####################################################
check_power
Information: Checking 'out_of_table_range'.
Warning: There are 46908 out_of_range ramps.
Warning: There are 3164 out_of_range loads.
Information: Checking 'missing_table'.
Warning: There are 6 library cells without internal power tables.
Information: Checking 'missing_function'.
0
#####################################################
#Select power analysis mode
#####################################################
#set_app_var power_analysis_mode "averaged"
set_app_var power_analysis_mode "time_based"
Information: Switched to Time_based power analysis mode.
             Activity data, power analysis options and results are reset.
             Please provide activity data for analysis in the current mode.
time_based
set_host_options -max_cores 4
0
#####################################################
#Specify switching activity data
#####################################################
#set_switching_activity
read_vcd -strip_path $STRIP_PATH $ACTIVITY_FILE -time  "$START_TIME $END_TIME"

======================================================================
Summary:
Total number of nets = 24529
Number of annotated nets = 24529 (100.00%)
Total number of leaf cells = 23242
Number of fully annotated leaf cells = 16898 (72.70%)
======================================================================

1
#saif(switching activity interface) : only in averaged power analysis mode
#vcd (verilog change dump)          : both
#fsdb(fast switching data dump)     : both
report_switching_activity -list_not_annotated
****************************************
Report : Switching Activity
	-list_not_annotated
Design : fft_N_rad2
Version: T-2022.03-SP3
Date   : Wed Dec 11 14:18:56 2024
****************************************

 Switching Activity Overview Statistics for "fft_N_rad2"
----------------------------------------------------------------------------------------------------------------------------------------------------------------------------------------------
                  From Activity     From         From         From             From            From                                                            Not
Object Type       File (%)          SSA (%)      SSA Force (%) SSA Force (%)   SCA (%)         Clock (%)       Default (%)     Propagated(%)   Implied(%)      Annotated(%)  Total
                                                 Annotated    Implied                                                                                                        
----------------------------------------------------------------------------------------------------------------------------------------------------------------------------------------------
 Nets             24529(100.00%)    0(0.00%)     0(0.00%)     0(0.00%)         0(0.00%)        0(0.00%)        0(0.00%)        0(0.00%)        0(0.00%)        0(0.00%)      24529
----------------------------------------------------------------------------------------------------------------------------------------------------------------------------------------------
Nets Driven by
----------------------------------------------------------------------------------------------------------------------------------------------------------------------------------------------
Primary Input     131(100.00%)      0(0.00%)     0(0.00%)     0(0.00%)         0(0.00%)        0(0.00%)        0(0.00%)        0(0.00%)        0(0.00%)        0(0.00%)      131
Tri-State         0(0%)             0(0%)        0(0%)        0(0%)            0(0%)           0(0%)           0(0%)           0(0%)           0(0%)           0(0%)         0
Black Box         0(0%)             0(0%)        0(0%)        0(0%)            0(0%)           0(0%)           0(0%)           0(0%)           0(0%)           0(0%)         0
Sequential        7043(100.00%)     0(0.00%)     0(0.00%)     0(0.00%)         0(0.00%)        0(0.00%)        0(0.00%)        0(0.00%)        0(0.00%)        0(0.00%)      7043
Combinational     17355(100.00%)    0(0.00%)     0(0.00%)     0(0.00%)         0(0.00%)        0(0.00%)        0(0.00%)        0(0.00%)        0(0.00%)        0(0.00%)      17355
Memory            0(0%)             0(0%)        0(0%)        0(0%)            0(0%)           0(0%)           0(0%)           0(0%)           0(0%)           0(0%)         0
Clock Gate        0(0%)             0(0%)        0(0%)        0(0%)            0(0%)           0(0%)           0(0%)           0(0%)           0(0%)           0(0%)         0
----------------------------------------------------------------------------------------------------------------------------------------------------------------------------------------------
 Static Probability Overview Statistics for "fft_N_rad2"
----------------------------------------------------------------------------------------------------------------------------------------------------------------------------------------------
                  From Activity     From         From         From             From            From                                                            Not
Object Type       File (%)          SSA (%)      SSA Force (%) SSA Force (%)   SCA (%)         Clock (%)       Default (%)     Propagated(%)   Implied(%)      Annotated(%)  Total
                                                 Annotated    Implied                                                                                                        
----------------------------------------------------------------------------------------------------------------------------------------------------------------------------------------------
 Nets             24529(100.00%)    0(0.00%)     0(0.00%)     0(0.00%)         0(0.00%)        0(0.00%)        0(0.00%)        0(0.00%)        0(0.00%)        0(0.00%)      24529
----------------------------------------------------------------------------------------------------------------------------------------------------------------------------------------------
Nets Driven by
----------------------------------------------------------------------------------------------------------------------------------------------------------------------------------------------
Primary Input     131(100.00%)      0(0.00%)     0(0.00%)     0(0.00%)         0(0.00%)        0(0.00%)        0(0.00%)        0(0.00%)        0(0.00%)        0(0.00%)      131
Tri-State         0(0%)             0(0%)        0(0%)        0(0%)            0(0%)           0(0%)           0(0%)           0(0%)           0(0%)           0(0%)         0
Black Box         0(0%)             0(0%)        0(0%)        0(0%)            0(0%)           0(0%)           0(0%)           0(0%)           0(0%)           0(0%)         0
Sequential        7043(100.00%)     0(0.00%)     0(0.00%)     0(0.00%)         0(0.00%)        0(0.00%)        0(0.00%)        0(0.00%)        0(0.00%)        0(0.00%)      7043
Combinational     17355(100.00%)    0(0.00%)     0(0.00%)     0(0.00%)         0(0.00%)        0(0.00%)        0(0.00%)        0(0.00%)        0(0.00%)        0(0.00%)      17355
Memory            0(0%)             0(0%)        0(0%)        0(0%)            0(0%)           0(0%)           0(0%)           0(0%)           0(0%)           0(0%)         0
Clock Gate        0(0%)             0(0%)        0(0%)        0(0%)            0(0%)           0(0%)           0(0%)           0(0%)           0(0%)           0(0%)         0
----------------------------------------------------------------------------------------------------------------------------------------------------------------------------------------------


List of nonannotated nets :
1
#####################################################
#Specify options for power analysis
#####################################################
set_power_analysis_options
#####################################################
#Perform power analysis
#####################################################
update_power
Information: Running time_based power analysis... (PWR-601)
Warning: Can not find power table for library cell 'NBUFFX8_RVT' in technology libraries.  (PLIB-153)
Warning: Can not find power table for library cell 'IBUFFX8_RVT' in technology libraries.  (PLIB-153)
Warning: Can not find power table for library cell 'IBUFFX16_RVT' in technology libraries.  (PLIB-153)
Warning: Can not find power table for library cell 'NBUFFX4_RVT' in technology libraries.  (PLIB-153)
Warning: Can not find power table for library cell 'NBUFFX16_RVT' in technology libraries.  (PLIB-153)
Warning: Can not find power table for library cell 'IBUFFX4_RVT' in technology libraries.  (PLIB-153)
Information: Reading vcd file '/home/ksnl/eecs598/final-project/mimo-ofdm/fft_N_rad2_tb.vcd'
Information: The waveform options are:
		File name:	primetime_px.fsdb
		File format:	fsdb
		Time interval:	0.001ns
		Hierarchical level:	all

Information: Power analysis is running, please wait ...

Information: analysis is done for time window (50ns - 3e+06ns)

Information: Total simulation time = 2999950.000000 ns
1
#####################################################
#Generate report
#####################################################
report_power -nosplit -verbose > "power.rpt"
report_power -nosplit -verbose -hier > "power_hier.rpt"
report_hierarchy > "hier.rpt"
report_units > "units.rpt"
quit
Information: Defining new variable 'TOP_DESIGN'. (CMD-041)
Information: Defining new variable 'NETLIST_FILE'. (CMD-041)
Information: Defining new variable 'LINK_PATH'. (CMD-041)
Information: Defining new variable 'STRIP_PATH'. (CMD-041)
Information: Defining new variable 'START_TIME'. (CMD-041)
Information: Defining new variable 'SDC_FILE'. (CMD-041)
Information: Defining new variable 'CURRENT_PATH'. (CMD-041)
Information: Defining new variable 'END_TIME'. (CMD-041)
Information: Defining new variable 'ACTIVITY_FILE'. (CMD-041)
Information: Defining new variable 'power_model_preference'. (CMD-041)

Timing updates: 1 (0 implicit, 1 explicit) (0 incremental, 1 full, 0 logical)
Noise updates: 0 (0 implicit, 0 explicit) (0 incremental, 0 full)
Maximum memory usage for this session: 2773.59 MB
CPU usage for this session: 11 seconds 
Elapsed time for this session: 9 seconds
Diagnostics summary: 8 warnings, 19 informationals

Thank you for using pt_shell!
