Information: Propagating switching activity (low effort zero delay simulation). (PWR-6)
Warning: Design has unannotated primary inputs. (PWR-414)
Warning: Design has unannotated black box outputs. (PWR-428)
 
****************************************
Report : power
        -analysis_effort low
Design : dc_top
Version: T-2022.03-SP3
Date   : Mon Nov 11 14:10:13 2024
****************************************


Library(s) Used:

    No libraries used.


Operating Conditions: tt1p05v25c   Library: saed32rvt_tt1p05v25c
Wire Load Model Mode: enclosed

Design        Wire Load Model            Library
------------------------------------------------
dc_top                 ForQA             saed32rvt_tt1p05v25c


Global Operating Voltage = 1.05 
Power-specific unit information :
    Voltage Units = 1V
    Capacitance Units = 1.000000ff
    Time Units = 1ns
    Dynamic Power Units = 1uW    (derived from V,C,T units)
    Leakage Power Units = 1pW


Attributes
----------
i - Including register clock pin internal power


  Cell Internal Power  =   0.0000 uW    (0%)
  Net Switching Power  = 343.1162 nW  (100%)
                         ---------
Total Dynamic Power    = 343.1162 nW  (100%)

Cell Leakage Power     =   0.0000 pW


                 Internal         Switching           Leakage            Total
Power Group      Power            Power               Power              Power   (   %    )  Attrs
--------------------------------------------------------------------------------------------------
io_pad             0.0000            0.0000            0.0000            0.0000  (   0.00%)
memory             0.0000            0.0000            0.0000            0.0000  (   0.00%)
black_box          0.0000            0.0000            0.0000            0.0000  (   0.00%)
clock_network      0.0000            0.3431            0.0000            0.3431  ( 100.00%)  i
register           0.0000            0.0000            0.0000            0.0000  (   0.00%)
sequential         0.0000            0.0000            0.0000            0.0000  (   0.00%)
combinational      0.0000            0.0000            0.0000            0.0000  (   0.00%)
--------------------------------------------------------------------------------------------------
Total              0.0000 uW         0.3431 uW         0.0000 pW         0.3431 uW
1
