Warning: Design 'dc_top' has '1' unresolved references. For more detailed information, use the "link" command. (UID-341)
 
****************************************
Report : qor
Design : dc_top
Version: T-2022.03-SP3
Date   : Sun Nov 10 21:12:50 2024
****************************************


  Timing Path Group (none)
  -----------------------------------
  Levels of Logic:               1.00
  Critical Path Length:          0.00
  Critical Path Slack:         uninit
  Critical Path Clk Period:       n/a
  Total Negative Slack:          0.00
  No. of Violating Paths:        0.00
  Worst Hold Violation:          0.00
  Total Hold Violation:          0.00
  No. of Hold Violations:        0.00
  -----------------------------------


  Cell Count
  -----------------------------------
  Hierarchical Cell Count:          0
  Hierarchical Port Count:          0
  Leaf Cell Count:                  4
  Buf/Inv Cell Count:               0
  Buf Cell Count:                   0
  Inv Cell Count:                   0
  CT Buf/Inv Cell Count:            0
  Combinational Cell Count:         4
  Sequential Cell Count:            0
  Macro Count:                      0
  -----------------------------------


  Area
  -----------------------------------
  Combinational Area:        0.000000
  Noncombinational Area:     0.000000
  Buf/Inv Area:              0.000000
  Total Buffer Area:             0.00
  Total Inverter Area:           0.00
  Macro/Black Box Area:      0.000000
  Net Area:                 46.548764
  -----------------------------------
  Cell Area:                 0.000000
  Design Area:              46.548764


  Design Rules
  -----------------------------------
  Total Number of Nets:           169
  Nets With Violations:             0
  Max Trans Violations:             0
  Max Cap Violations:               0
  -----------------------------------


  Hostname: caen-vnc-mi04.engin.umich.edu

  Compile CPU Statistics
  -----------------------------------------
  Resource Sharing:                    0.00
  Logic Optimization:                  0.00
  Mapping Optimization:                0.00
  -----------------------------------------
  Overall Compile Time:                0.64
  Overall Compile Wall Clock Time:     0.64

  --------------------------------------------------------------------

  Design  WNS: 0.00  TNS: 0.00  Number of Violating Paths: 0


  Design (Hold)  WNS: 0.00  TNS: 0.00  Number of Violating Paths: 0

  --------------------------------------------------------------------


1
