Warning: Design 'dc_top' has '1' unresolved references. For more detailed information, use the "link" command. (UID-341)
 
****************************************
Report : net fanout
        -high_fanout
Design : dc_top
Version: T-2022.03-SP3
Date   : Sun Nov 10 21:12:50 2024
****************************************


Operating Conditions: tt1p05v25c   Library: saed32rvt_tt1p05v25c
Wire Load Model Mode: enclosed

Design        Wire Load Model            Library
------------------------------------------------
dc_top                 ForQA             saed32rvt_tt1p05v25c


Attributes:
   dr - drc disabled
    c - annotated capacitance
    d - dont_touch
    i - ideal_net
    I - ideal_network
    p - includes pin load
    r - annotated resistance
    h - high fanout

Net                 Fanout   Attributes   Capacitance   Driver
--------------------------------------------------------------------------------
1
