
Design          Type    Object                  New Name
--------------------------------------------------------------------------------
delay           port    in[r][31]               in[63]
delay           port    in[r][30]               in[62]
delay           port    in[r][29]               in[61]
delay           port    in[r][28]               in[60]
delay           port    in[r][27]               in[59]
delay           port    in[r][26]               in[58]
delay           port    in[r][25]               in[57]
delay           port    in[r][24]               in[56]
delay           port    in[r][23]               in[55]
delay           port    in[r][22]               in[54]
delay           port    in[r][21]               in[53]
delay           port    in[r][20]               in[52]
delay           port    in[r][19]               in[51]
delay           port    in[r][18]               in[50]
delay           port    in[r][17]               in[49]
delay           port    in[r][16]               in[48]
delay           port    in[r][15]               in[47]
delay           port    in[r][14]               in[46]
delay           port    in[r][13]               in[45]
delay           port    in[r][12]               in[44]
delay           port    in[r][11]               in[43]
delay           port    in[r][10]               in[42]
delay           port    in[r][9]                in[41]
delay           port    in[r][8]                in[40]
delay           port    in[r][7]                in[39]
delay           port    in[r][6]                in[38]
delay           port    in[r][5]                in[37]
delay           port    in[r][4]                in[36]
delay           port    in[r][3]                in[35]
delay           port    in[r][2]                in[34]
delay           port    in[r][1]                in[33]
delay           port    in[r][0]                in[32]
delay           port    in[i][31]               in[31]
delay           port    in[i][30]               in[30]
delay           port    in[i][29]               in[29]
delay           port    in[i][28]               in[28]
delay           port    in[i][27]               in[27]
delay           port    in[i][26]               in[26]
delay           port    in[i][25]               in[25]
delay           port    in[i][24]               in[24]
delay           port    in[i][23]               in[23]
delay           port    in[i][22]               in[22]
delay           port    in[i][21]               in[21]
delay           port    in[i][20]               in[20]
delay           port    in[i][19]               in[19]
delay           port    in[i][18]               in[18]
delay           port    in[i][17]               in[17]
delay           port    in[i][16]               in[16]
delay           port    in[i][15]               in[15]
delay           port    in[i][14]               in[14]
delay           port    in[i][13]               in[13]
delay           port    in[i][12]               in[12]
delay           port    in[i][11]               in[11]
delay           port    in[i][10]               in[10]
delay           port    in[i][9]                in[9]
delay           port    in[i][8]                in[8]
delay           port    in[i][7]                in[7]
delay           port    in[i][6]                in[6]
delay           port    in[i][5]                in[5]
delay           port    in[i][4]                in[4]
delay           port    in[i][3]                in[3]
delay           port    in[i][2]                in[2]
delay           port    in[i][1]                in[1]
delay           port    in[i][0]                in[0]
delay           port    out[r][31]              out[63]
delay           port    out[r][30]              out[62]
delay           port    out[r][29]              out[61]
delay           port    out[r][28]              out[60]
delay           port    out[r][27]              out[59]
delay           port    out[r][26]              out[58]
delay           port    out[r][25]              out[57]
delay           port    out[r][24]              out[56]
delay           port    out[r][23]              out[55]
delay           port    out[r][22]              out[54]
delay           port    out[r][21]              out[53]
delay           port    out[r][20]              out[52]
delay           port    out[r][19]              out[51]
delay           port    out[r][18]              out[50]
delay           port    out[r][17]              out[49]
delay           port    out[r][16]              out[48]
delay           port    out[r][15]              out[47]
delay           port    out[r][14]              out[46]
delay           port    out[r][13]              out[45]
delay           port    out[r][12]              out[44]
delay           port    out[r][11]              out[43]
delay           port    out[r][10]              out[42]
delay           port    out[r][9]               out[41]
delay           port    out[r][8]               out[40]
delay           port    out[r][7]               out[39]
delay           port    out[r][6]               out[38]
delay           port    out[r][5]               out[37]
delay           port    out[r][4]               out[36]
delay           port    out[r][3]               out[35]
delay           port    out[r][2]               out[34]
delay           port    out[r][1]               out[33]
delay           port    out[r][0]               out[32]
delay           port    out[i][31]              out[31]
delay           port    out[i][30]              out[30]
delay           port    out[i][29]              out[29]
delay           port    out[i][28]              out[28]
delay           port    out[i][27]              out[27]
delay           port    out[i][26]              out[26]
delay           port    out[i][25]              out[25]
delay           port    out[i][24]              out[24]
delay           port    out[i][23]              out[23]
delay           port    out[i][22]              out[22]
delay           port    out[i][21]              out[21]
delay           port    out[i][20]              out[20]
delay           port    out[i][19]              out[19]
delay           port    out[i][18]              out[18]
delay           port    out[i][17]              out[17]
delay           port    out[i][16]              out[16]
delay           port    out[i][15]              out[15]
delay           port    out[i][14]              out[14]
delay           port    out[i][13]              out[13]
delay           port    out[i][12]              out[12]
delay           port    out[i][11]              out[11]
delay           port    out[i][10]              out[10]
delay           port    out[i][9]               out[9]
delay           port    out[i][8]               out[8]
delay           port    out[i][7]               out[7]
delay           port    out[i][6]               out[6]
delay           port    out[i][5]               out[5]
delay           port    out[i][4]               out[4]
delay           port    out[i][3]               out[3]
delay           port    out[i][2]               out[2]
delay           port    out[i][1]               out[1]
delay           port    out[i][0]               out[0]
delay           cell    delay_reg_reg[0][r][31] delay_reg_reg_0__r__31_
delay           cell    delay_reg_reg[1][r][31] delay_reg_reg_1__r__31_
delay           cell    delay_reg_reg[2][r][31] delay_reg_reg_2__r__31_
delay           cell    delay_reg_reg[3][r][31] delay_reg_reg_3__r__31_
delay           cell    delay_reg_reg[0][r][30] delay_reg_reg_0__r__30_
delay           cell    delay_reg_reg[1][r][30] delay_reg_reg_1__r__30_
delay           cell    delay_reg_reg[2][r][30] delay_reg_reg_2__r__30_
delay           cell    delay_reg_reg[3][r][30] delay_reg_reg_3__r__30_
delay           cell    delay_reg_reg[0][r][29] delay_reg_reg_0__r__29_
delay           cell    delay_reg_reg[2][r][29] delay_reg_reg_2__r__29_
delay           cell    delay_reg_reg[3][r][29] delay_reg_reg_3__r__29_
delay           cell    delay_reg_reg[0][r][28] delay_reg_reg_0__r__28_
delay           cell    delay_reg_reg[1][r][28] delay_reg_reg_1__r__28_
delay           cell    delay_reg_reg[2][r][28] delay_reg_reg_2__r__28_
delay           cell    delay_reg_reg[3][r][28] delay_reg_reg_3__r__28_
delay           cell    delay_reg_reg[0][r][27] delay_reg_reg_0__r__27_
delay           cell    delay_reg_reg[1][r][27] delay_reg_reg_1__r__27_
delay           cell    delay_reg_reg[2][r][27] delay_reg_reg_2__r__27_
delay           cell    delay_reg_reg[3][r][27] delay_reg_reg_3__r__27_
delay           cell    delay_reg_reg[0][r][26] delay_reg_reg_0__r__26_
delay           cell    delay_reg_reg[1][r][26] delay_reg_reg_1__r__26_
delay           cell    delay_reg_reg[2][r][26] delay_reg_reg_2__r__26_
delay           cell    delay_reg_reg[3][r][26] delay_reg_reg_3__r__26_
delay           cell    delay_reg_reg[0][r][25] delay_reg_reg_0__r__25_
delay           cell    delay_reg_reg[1][r][25] delay_reg_reg_1__r__25_
delay           cell    delay_reg_reg[2][r][25] delay_reg_reg_2__r__25_
delay           cell    delay_reg_reg[3][r][25] delay_reg_reg_3__r__25_
delay           cell    delay_reg_reg[0][r][24] delay_reg_reg_0__r__24_
delay           cell    delay_reg_reg[1][r][24] delay_reg_reg_1__r__24_
delay           cell    delay_reg_reg[2][r][24] delay_reg_reg_2__r__24_
delay           cell    delay_reg_reg[3][r][24] delay_reg_reg_3__r__24_
delay           cell    delay_reg_reg[0][r][23] delay_reg_reg_0__r__23_
delay           cell    delay_reg_reg[1][r][23] delay_reg_reg_1__r__23_
delay           cell    delay_reg_reg[2][r][23] delay_reg_reg_2__r__23_
delay           cell    delay_reg_reg[3][r][23] delay_reg_reg_3__r__23_
delay           cell    delay_reg_reg[0][r][22] delay_reg_reg_0__r__22_
delay           cell    delay_reg_reg[1][r][22] delay_reg_reg_1__r__22_
delay           cell    delay_reg_reg[2][r][22] delay_reg_reg_2__r__22_
delay           cell    delay_reg_reg[3][r][22] delay_reg_reg_3__r__22_
delay           cell    delay_reg_reg[0][r][21] delay_reg_reg_0__r__21_
delay           cell    delay_reg_reg[1][r][21] delay_reg_reg_1__r__21_
delay           cell    delay_reg_reg[2][r][21] delay_reg_reg_2__r__21_
delay           cell    delay_reg_reg[3][r][21] delay_reg_reg_3__r__21_
delay           cell    delay_reg_reg[0][r][20] delay_reg_reg_0__r__20_
delay           cell    delay_reg_reg[1][r][20] delay_reg_reg_1__r__20_
delay           cell    delay_reg_reg[2][r][20] delay_reg_reg_2__r__20_
delay           cell    delay_reg_reg[3][r][20] delay_reg_reg_3__r__20_
delay           cell    delay_reg_reg[0][r][19] delay_reg_reg_0__r__19_
delay           cell    delay_reg_reg[1][r][19] delay_reg_reg_1__r__19_
delay           cell    delay_reg_reg[2][r][19] delay_reg_reg_2__r__19_
delay           cell    delay_reg_reg[3][r][19] delay_reg_reg_3__r__19_
delay           cell    delay_reg_reg[0][r][18] delay_reg_reg_0__r__18_
delay           cell    delay_reg_reg[1][r][18] delay_reg_reg_1__r__18_
delay           cell    delay_reg_reg[2][r][18] delay_reg_reg_2__r__18_
delay           cell    delay_reg_reg[3][r][18] delay_reg_reg_3__r__18_
delay           cell    delay_reg_reg[0][r][17] delay_reg_reg_0__r__17_
delay           cell    delay_reg_reg[1][r][17] delay_reg_reg_1__r__17_
delay           cell    delay_reg_reg[2][r][17] delay_reg_reg_2__r__17_
delay           cell    delay_reg_reg[3][r][17] delay_reg_reg_3__r__17_
delay           cell    delay_reg_reg[0][r][16] delay_reg_reg_0__r__16_
delay           cell    delay_reg_reg[1][r][16] delay_reg_reg_1__r__16_
delay           cell    delay_reg_reg[2][r][16] delay_reg_reg_2__r__16_
delay           cell    delay_reg_reg[3][r][16] delay_reg_reg_3__r__16_
delay           cell    delay_reg_reg[0][r][15] delay_reg_reg_0__r__15_
delay           cell    delay_reg_reg[1][r][15] delay_reg_reg_1__r__15_
delay           cell    delay_reg_reg[2][r][15] delay_reg_reg_2__r__15_
delay           cell    delay_reg_reg[3][r][15] delay_reg_reg_3__r__15_
delay           cell    delay_reg_reg[0][r][14] delay_reg_reg_0__r__14_
delay           cell    delay_reg_reg[1][r][14] delay_reg_reg_1__r__14_
delay           cell    delay_reg_reg[2][r][14] delay_reg_reg_2__r__14_
delay           cell    delay_reg_reg[3][r][14] delay_reg_reg_3__r__14_
delay           cell    delay_reg_reg[0][r][13] delay_reg_reg_0__r__13_
delay           cell    delay_reg_reg[1][r][13] delay_reg_reg_1__r__13_
delay           cell    delay_reg_reg[2][r][13] delay_reg_reg_2__r__13_
delay           cell    delay_reg_reg[3][r][13] delay_reg_reg_3__r__13_
delay           cell    delay_reg_reg[0][r][12] delay_reg_reg_0__r__12_
delay           cell    delay_reg_reg[1][r][12] delay_reg_reg_1__r__12_
delay           cell    delay_reg_reg[2][r][12] delay_reg_reg_2__r__12_
delay           cell    delay_reg_reg[3][r][12] delay_reg_reg_3__r__12_
delay           cell    delay_reg_reg[0][r][11] delay_reg_reg_0__r__11_
delay           cell    delay_reg_reg[1][r][11] delay_reg_reg_1__r__11_
delay           cell    delay_reg_reg[2][r][11] delay_reg_reg_2__r__11_
delay           cell    delay_reg_reg[3][r][11] delay_reg_reg_3__r__11_
delay           cell    delay_reg_reg[0][r][10] delay_reg_reg_0__r__10_
delay           cell    delay_reg_reg[1][r][10] delay_reg_reg_1__r__10_
delay           cell    delay_reg_reg[2][r][10] delay_reg_reg_2__r__10_
delay           cell    delay_reg_reg[3][r][10] delay_reg_reg_3__r__10_
delay           cell    delay_reg_reg[0][r][9]  delay_reg_reg_0__r__9_
delay           cell    delay_reg_reg[1][r][9]  delay_reg_reg_1__r__9_
delay           cell    delay_reg_reg[2][r][9]  delay_reg_reg_2__r__9_
delay           cell    delay_reg_reg[3][r][9]  delay_reg_reg_3__r__9_
delay           cell    delay_reg_reg[0][r][8]  delay_reg_reg_0__r__8_
delay           cell    delay_reg_reg[1][r][8]  delay_reg_reg_1__r__8_
delay           cell    delay_reg_reg[2][r][8]  delay_reg_reg_2__r__8_
delay           cell    delay_reg_reg[3][r][8]  delay_reg_reg_3__r__8_
delay           cell    delay_reg_reg[0][r][7]  delay_reg_reg_0__r__7_
delay           cell    delay_reg_reg[1][r][7]  delay_reg_reg_1__r__7_
delay           cell    delay_reg_reg[2][r][7]  delay_reg_reg_2__r__7_
delay           cell    delay_reg_reg[3][r][7]  delay_reg_reg_3__r__7_
delay           cell    delay_reg_reg[0][r][6]  delay_reg_reg_0__r__6_
delay           cell    delay_reg_reg[1][r][6]  delay_reg_reg_1__r__6_
delay           cell    delay_reg_reg[2][r][6]  delay_reg_reg_2__r__6_
delay           cell    delay_reg_reg[3][r][6]  delay_reg_reg_3__r__6_
delay           cell    delay_reg_reg[0][r][5]  delay_reg_reg_0__r__5_
delay           cell    delay_reg_reg[1][r][5]  delay_reg_reg_1__r__5_
delay           cell    delay_reg_reg[2][r][5]  delay_reg_reg_2__r__5_
delay           cell    delay_reg_reg[3][r][5]  delay_reg_reg_3__r__5_
delay           cell    delay_reg_reg[0][r][4]  delay_reg_reg_0__r__4_
delay           cell    delay_reg_reg[1][r][4]  delay_reg_reg_1__r__4_
delay           cell    delay_reg_reg[2][r][4]  delay_reg_reg_2__r__4_
delay           cell    delay_reg_reg[3][r][4]  delay_reg_reg_3__r__4_
delay           cell    delay_reg_reg[0][r][3]  delay_reg_reg_0__r__3_
delay           cell    delay_reg_reg[1][r][3]  delay_reg_reg_1__r__3_
delay           cell    delay_reg_reg[2][r][3]  delay_reg_reg_2__r__3_
delay           cell    delay_reg_reg[3][r][3]  delay_reg_reg_3__r__3_
delay           cell    delay_reg_reg[0][r][2]  delay_reg_reg_0__r__2_
delay           cell    delay_reg_reg[1][r][2]  delay_reg_reg_1__r__2_
delay           cell    delay_reg_reg[2][r][2]  delay_reg_reg_2__r__2_
delay           cell    delay_reg_reg[3][r][2]  delay_reg_reg_3__r__2_
delay           cell    delay_reg_reg[0][r][1]  delay_reg_reg_0__r__1_
delay           cell    delay_reg_reg[1][r][1]  delay_reg_reg_1__r__1_
delay           cell    delay_reg_reg[2][r][1]  delay_reg_reg_2__r__1_
delay           cell    delay_reg_reg[3][r][1]  delay_reg_reg_3__r__1_
delay           cell    delay_reg_reg[0][r][0]  delay_reg_reg_0__r__0_
delay           cell    delay_reg_reg[1][r][0]  delay_reg_reg_1__r__0_
delay           cell    delay_reg_reg[2][r][0]  delay_reg_reg_2__r__0_
delay           cell    delay_reg_reg[3][r][0]  delay_reg_reg_3__r__0_
delay           cell    delay_reg_reg[0][i][31] delay_reg_reg_0__i__31_
delay           cell    delay_reg_reg[1][i][31] delay_reg_reg_1__i__31_
delay           cell    delay_reg_reg[2][i][31] delay_reg_reg_2__i__31_
delay           cell    delay_reg_reg[3][i][31] delay_reg_reg_3__i__31_
delay           cell    delay_reg_reg[0][i][30] delay_reg_reg_0__i__30_
delay           cell    delay_reg_reg[1][i][30] delay_reg_reg_1__i__30_
delay           cell    delay_reg_reg[2][i][30] delay_reg_reg_2__i__30_
delay           cell    delay_reg_reg[3][i][30] delay_reg_reg_3__i__30_
delay           cell    delay_reg_reg[0][i][29] delay_reg_reg_0__i__29_
delay           cell    delay_reg_reg[1][i][29] delay_reg_reg_1__i__29_
delay           cell    delay_reg_reg[2][i][29] delay_reg_reg_2__i__29_
delay           cell    delay_reg_reg[3][i][29] delay_reg_reg_3__i__29_
delay           cell    delay_reg_reg[0][i][28] delay_reg_reg_0__i__28_
delay           cell    delay_reg_reg[1][i][28] delay_reg_reg_1__i__28_
delay           cell    delay_reg_reg[2][i][28] delay_reg_reg_2__i__28_
delay           cell    delay_reg_reg[3][i][28] delay_reg_reg_3__i__28_
delay           cell    delay_reg_reg[0][i][27] delay_reg_reg_0__i__27_
delay           cell    delay_reg_reg[1][i][27] delay_reg_reg_1__i__27_
delay           cell    delay_reg_reg[2][i][27] delay_reg_reg_2__i__27_
delay           cell    delay_reg_reg[3][i][27] delay_reg_reg_3__i__27_
delay           cell    delay_reg_reg[0][i][26] delay_reg_reg_0__i__26_
delay           cell    delay_reg_reg[1][i][26] delay_reg_reg_1__i__26_
delay           cell    delay_reg_reg[2][i][26] delay_reg_reg_2__i__26_
delay           cell    delay_reg_reg[3][i][26] delay_reg_reg_3__i__26_
delay           cell    delay_reg_reg[0][i][25] delay_reg_reg_0__i__25_
delay           cell    delay_reg_reg[1][i][25] delay_reg_reg_1__i__25_
delay           cell    delay_reg_reg[2][i][25] delay_reg_reg_2__i__25_
delay           cell    delay_reg_reg[3][i][25] delay_reg_reg_3__i__25_
delay           cell    delay_reg_reg[0][i][24] delay_reg_reg_0__i__24_
delay           cell    delay_reg_reg[1][i][24] delay_reg_reg_1__i__24_
delay           cell    delay_reg_reg[2][i][24] delay_reg_reg_2__i__24_
delay           cell    delay_reg_reg[3][i][24] delay_reg_reg_3__i__24_
delay           cell    delay_reg_reg[0][i][23] delay_reg_reg_0__i__23_
delay           cell    delay_reg_reg[1][i][23] delay_reg_reg_1__i__23_
delay           cell    delay_reg_reg[2][i][23] delay_reg_reg_2__i__23_
delay           cell    delay_reg_reg[3][i][23] delay_reg_reg_3__i__23_
delay           cell    delay_reg_reg[0][i][22] delay_reg_reg_0__i__22_
delay           cell    delay_reg_reg[1][i][22] delay_reg_reg_1__i__22_
delay           cell    delay_reg_reg[2][i][22] delay_reg_reg_2__i__22_
delay           cell    delay_reg_reg[3][i][22] delay_reg_reg_3__i__22_
delay           cell    delay_reg_reg[0][i][21] delay_reg_reg_0__i__21_
delay           cell    delay_reg_reg[1][i][21] delay_reg_reg_1__i__21_
delay           cell    delay_reg_reg[2][i][21] delay_reg_reg_2__i__21_
delay           cell    delay_reg_reg[3][i][21] delay_reg_reg_3__i__21_
delay           cell    delay_reg_reg[0][i][20] delay_reg_reg_0__i__20_
delay           cell    delay_reg_reg[1][i][20] delay_reg_reg_1__i__20_
delay           cell    delay_reg_reg[2][i][20] delay_reg_reg_2__i__20_
delay           cell    delay_reg_reg[3][i][20] delay_reg_reg_3__i__20_
delay           cell    delay_reg_reg[0][i][19] delay_reg_reg_0__i__19_
delay           cell    delay_reg_reg[1][i][19] delay_reg_reg_1__i__19_
delay           cell    delay_reg_reg[2][i][19] delay_reg_reg_2__i__19_
delay           cell    delay_reg_reg[3][i][19] delay_reg_reg_3__i__19_
delay           cell    delay_reg_reg[0][i][18] delay_reg_reg_0__i__18_
delay           cell    delay_reg_reg[1][i][18] delay_reg_reg_1__i__18_
delay           cell    delay_reg_reg[2][i][18] delay_reg_reg_2__i__18_
delay           cell    delay_reg_reg[3][i][18] delay_reg_reg_3__i__18_
delay           cell    delay_reg_reg[0][i][17] delay_reg_reg_0__i__17_
delay           cell    delay_reg_reg[1][i][17] delay_reg_reg_1__i__17_
delay           cell    delay_reg_reg[2][i][17] delay_reg_reg_2__i__17_
delay           cell    delay_reg_reg[3][i][17] delay_reg_reg_3__i__17_
delay           cell    delay_reg_reg[0][i][16] delay_reg_reg_0__i__16_
delay           cell    delay_reg_reg[1][i][16] delay_reg_reg_1__i__16_
delay           cell    delay_reg_reg[2][i][16] delay_reg_reg_2__i__16_
delay           cell    delay_reg_reg[3][i][16] delay_reg_reg_3__i__16_
delay           cell    delay_reg_reg[0][i][15] delay_reg_reg_0__i__15_
delay           cell    delay_reg_reg[1][i][15] delay_reg_reg_1__i__15_
delay           cell    delay_reg_reg[2][i][15] delay_reg_reg_2__i__15_
delay           cell    delay_reg_reg[3][i][15] delay_reg_reg_3__i__15_
delay           cell    delay_reg_reg[0][i][14] delay_reg_reg_0__i__14_
delay           cell    delay_reg_reg[1][i][14] delay_reg_reg_1__i__14_
delay           cell    delay_reg_reg[2][i][14] delay_reg_reg_2__i__14_
delay           cell    delay_reg_reg[3][i][14] delay_reg_reg_3__i__14_
delay           cell    delay_reg_reg[0][i][13] delay_reg_reg_0__i__13_
delay           cell    delay_reg_reg[1][i][13] delay_reg_reg_1__i__13_
delay           cell    delay_reg_reg[2][i][13] delay_reg_reg_2__i__13_
delay           cell    delay_reg_reg[3][i][13] delay_reg_reg_3__i__13_
delay           cell    delay_reg_reg[0][i][12] delay_reg_reg_0__i__12_
delay           cell    delay_reg_reg[1][i][12] delay_reg_reg_1__i__12_
delay           cell    delay_reg_reg[2][i][12] delay_reg_reg_2__i__12_
delay           cell    delay_reg_reg[3][i][12] delay_reg_reg_3__i__12_
delay           cell    delay_reg_reg[0][i][11] delay_reg_reg_0__i__11_
delay           cell    delay_reg_reg[1][i][11] delay_reg_reg_1__i__11_
delay           cell    delay_reg_reg[2][i][11] delay_reg_reg_2__i__11_
delay           cell    delay_reg_reg[3][i][11] delay_reg_reg_3__i__11_
delay           cell    delay_reg_reg[0][i][10] delay_reg_reg_0__i__10_
delay           cell    delay_reg_reg[1][i][10] delay_reg_reg_1__i__10_
delay           cell    delay_reg_reg[2][i][10] delay_reg_reg_2__i__10_
delay           cell    delay_reg_reg[3][i][10] delay_reg_reg_3__i__10_
delay           cell    delay_reg_reg[0][i][9]  delay_reg_reg_0__i__9_
delay           cell    delay_reg_reg[1][i][9]  delay_reg_reg_1__i__9_
delay           cell    delay_reg_reg[2][i][9]  delay_reg_reg_2__i__9_
delay           cell    delay_reg_reg[3][i][9]  delay_reg_reg_3__i__9_
delay           cell    delay_reg_reg[0][i][8]  delay_reg_reg_0__i__8_
delay           cell    delay_reg_reg[1][i][8]  delay_reg_reg_1__i__8_
delay           cell    delay_reg_reg[2][i][8]  delay_reg_reg_2__i__8_
delay           cell    delay_reg_reg[3][i][8]  delay_reg_reg_3__i__8_
delay           cell    delay_reg_reg[0][i][7]  delay_reg_reg_0__i__7_
delay           cell    delay_reg_reg[1][i][7]  delay_reg_reg_1__i__7_
delay           cell    delay_reg_reg[2][i][7]  delay_reg_reg_2__i__7_
delay           cell    delay_reg_reg[3][i][7]  delay_reg_reg_3__i__7_
delay           cell    delay_reg_reg[0][i][6]  delay_reg_reg_0__i__6_
delay           cell    delay_reg_reg[1][i][6]  delay_reg_reg_1__i__6_
delay           cell    delay_reg_reg[2][i][6]  delay_reg_reg_2__i__6_
delay           cell    delay_reg_reg[3][i][6]  delay_reg_reg_3__i__6_
delay           cell    delay_reg_reg[0][i][5]  delay_reg_reg_0__i__5_
delay           cell    delay_reg_reg[1][i][5]  delay_reg_reg_1__i__5_
delay           cell    delay_reg_reg[2][i][5]  delay_reg_reg_2__i__5_
delay           cell    delay_reg_reg[3][i][5]  delay_reg_reg_3__i__5_
delay           cell    delay_reg_reg[0][i][4]  delay_reg_reg_0__i__4_
delay           cell    delay_reg_reg[1][i][4]  delay_reg_reg_1__i__4_
delay           cell    delay_reg_reg[2][i][4]  delay_reg_reg_2__i__4_
delay           cell    delay_reg_reg[3][i][4]  delay_reg_reg_3__i__4_
delay           cell    delay_reg_reg[0][i][3]  delay_reg_reg_0__i__3_
delay           cell    delay_reg_reg[1][i][3]  delay_reg_reg_1__i__3_
delay           cell    delay_reg_reg[2][i][3]  delay_reg_reg_2__i__3_
delay           cell    delay_reg_reg[3][i][3]  delay_reg_reg_3__i__3_
delay           cell    delay_reg_reg[0][i][2]  delay_reg_reg_0__i__2_
delay           cell    delay_reg_reg[1][i][2]  delay_reg_reg_1__i__2_
delay           cell    delay_reg_reg[2][i][2]  delay_reg_reg_2__i__2_
delay           cell    delay_reg_reg[0][i][1]  delay_reg_reg_0__i__1_
delay           cell    delay_reg_reg[1][i][1]  delay_reg_reg_1__i__1_
delay           cell    delay_reg_reg[2][i][1]  delay_reg_reg_2__i__1_
delay           cell    delay_reg_reg[3][i][1]  delay_reg_reg_3__i__1_
delay           cell    delay_reg_reg[0][i][0]  delay_reg_reg_0__i__0_
delay           cell    delay_reg_reg[1][i][0]  delay_reg_reg_1__i__0_
delay           cell    delay_reg_reg[2][i][0]  delay_reg_reg_2__i__0_
delay           cell    delay_reg_reg[3][i][0]  delay_reg_reg_3__i__0_
delay           cell    delay_counter_reg[0]    delay_counter_reg_0_
delay           cell    delay_counter_reg[1]    delay_counter_reg_1_
delay           cell    delay_counter_reg[2]    delay_counter_reg_2_
delay           cell    switch_counter_reg[0]   switch_counter_reg_0_
delay           cell    switch_counter_reg[1]   switch_counter_reg_1_
delay           cell    switch_counter_reg[2]   switch_counter_reg_2_
delay           cell    delay_reg_reg[1][r][29] delay_reg_reg_1__r__29_
delay           cell    delay_reg_reg[3][i][2]  delay_reg_reg_3__i__2_
delay           net     in[r][31]               in[63]
delay           net     in[r][30]               in[62]
delay           net     in[r][29]               in[61]
delay           net     in[r][28]               in[60]
delay           net     in[r][27]               in[59]
delay           net     in[r][26]               in[58]
delay           net     in[r][25]               in[57]
delay           net     in[r][24]               in[56]
delay           net     in[r][23]               in[55]
delay           net     in[r][22]               in[54]
delay           net     in[r][21]               in[53]
delay           net     in[r][20]               in[52]
delay           net     in[r][19]               in[51]
delay           net     in[r][18]               in[50]
delay           net     in[r][17]               in[49]
delay           net     in[r][16]               in[48]
delay           net     in[r][15]               in[47]
delay           net     in[r][14]               in[46]
delay           net     in[r][13]               in[45]
delay           net     in[r][12]               in[44]
delay           net     in[r][11]               in[43]
delay           net     in[r][10]               in[42]
delay           net     in[r][9]                in[41]
delay           net     in[r][8]                in[40]
delay           net     in[r][7]                in[39]
delay           net     in[r][6]                in[38]
delay           net     in[r][5]                in[37]
delay           net     in[r][4]                in[36]
delay           net     in[r][3]                in[35]
delay           net     in[r][2]                in[34]
delay           net     in[r][1]                in[33]
delay           net     in[r][0]                in[32]
delay           net     in[i][31]               in[31]
delay           net     in[i][30]               in[30]
delay           net     in[i][29]               in[29]
delay           net     in[i][28]               in[28]
delay           net     in[i][27]               in[27]
delay           net     in[i][26]               in[26]
delay           net     in[i][25]               in[25]
delay           net     in[i][24]               in[24]
delay           net     in[i][23]               in[23]
delay           net     in[i][22]               in[22]
delay           net     in[i][21]               in[21]
delay           net     in[i][20]               in[20]
delay           net     in[i][19]               in[19]
delay           net     in[i][18]               in[18]
delay           net     in[i][17]               in[17]
delay           net     in[i][16]               in[16]
delay           net     in[i][15]               in[15]
delay           net     in[i][14]               in[14]
delay           net     in[i][13]               in[13]
delay           net     in[i][12]               in[12]
delay           net     in[i][11]               in[11]
delay           net     in[i][10]               in[10]
delay           net     in[i][9]                in[9]
delay           net     in[i][8]                in[8]
delay           net     in[i][7]                in[7]
delay           net     in[i][6]                in[6]
delay           net     in[i][5]                in[5]
delay           net     in[i][4]                in[4]
delay           net     in[i][3]                in[3]
delay           net     in[i][2]                in[2]
delay           net     in[i][1]                in[1]
delay           net     in[i][0]                in[0]
delay           net     out[r][31]              out[63]
delay           net     out[r][30]              out[62]
delay           net     out[r][29]              out[61]
delay           net     out[r][28]              out[60]
delay           net     out[r][27]              out[59]
delay           net     out[r][26]              out[58]
delay           net     out[r][25]              out[57]
delay           net     out[r][24]              out[56]
delay           net     out[r][23]              out[55]
delay           net     out[r][22]              out[54]
delay           net     out[r][21]              out[53]
delay           net     out[r][20]              out[52]
delay           net     out[r][19]              out[51]
delay           net     out[r][18]              out[50]
delay           net     out[r][17]              out[49]
delay           net     out[r][16]              out[48]
delay           net     out[r][15]              out[47]
delay           net     out[r][14]              out[46]
delay           net     out[r][13]              out[45]
delay           net     out[r][12]              out[44]
delay           net     out[r][11]              out[43]
delay           net     out[r][10]              out[42]
delay           net     out[r][9]               out[41]
delay           net     out[r][8]               out[40]
delay           net     out[r][7]               out[39]
delay           net     out[r][6]               out[38]
delay           net     out[r][5]               out[37]
delay           net     out[r][4]               out[36]
delay           net     out[r][3]               out[35]
delay           net     out[r][2]               out[34]
delay           net     out[r][1]               out[33]
delay           net     out[r][0]               out[32]
delay           net     out[i][31]              out[31]
delay           net     out[i][30]              out[30]
delay           net     out[i][29]              out[29]
delay           net     out[i][28]              out[28]
delay           net     out[i][27]              out[27]
delay           net     out[i][26]              out[26]
delay           net     out[i][25]              out[25]
delay           net     out[i][24]              out[24]
delay           net     out[i][23]              out[23]
delay           net     out[i][22]              out[22]
delay           net     out[i][21]              out[21]
delay           net     out[i][20]              out[20]
delay           net     out[i][19]              out[19]
delay           net     out[i][18]              out[18]
delay           net     out[i][17]              out[17]
delay           net     out[i][16]              out[16]
delay           net     out[i][15]              out[15]
delay           net     out[i][14]              out[14]
delay           net     out[i][13]              out[13]
delay           net     out[i][12]              out[12]
delay           net     out[i][11]              out[11]
delay           net     out[i][10]              out[10]
delay           net     out[i][9]               out[9]
delay           net     out[i][8]               out[8]
delay           net     out[i][7]               out[7]
delay           net     out[i][6]               out[6]
delay           net     out[i][5]               out[5]
delay           net     out[i][4]               out[4]
delay           net     out[i][3]               out[3]
delay           net     out[i][2]               out[2]
delay           net     out[i][1]               out[1]
delay           net     out[i][0]               out[0]
delay           net     delay_reg[2][r][31]     delay_reg_2__r__31_
delay           net     delay_reg[2][r][30]     delay_reg_2__r__30_
delay           net     delay_reg[2][r][29]     delay_reg_2__r__29_
delay           net     delay_reg[2][r][28]     delay_reg_2__r__28_
delay           net     delay_reg[2][r][27]     delay_reg_2__r__27_
delay           net     delay_reg[2][r][26]     delay_reg_2__r__26_
delay           net     delay_reg[2][r][25]     delay_reg_2__r__25_
delay           net     delay_reg[2][r][24]     delay_reg_2__r__24_
delay           net     delay_reg[2][r][23]     delay_reg_2__r__23_
delay           net     delay_reg[2][r][22]     delay_reg_2__r__22_
delay           net     delay_reg[2][r][21]     delay_reg_2__r__21_
delay           net     delay_reg[2][r][20]     delay_reg_2__r__20_
delay           net     delay_reg[2][r][19]     delay_reg_2__r__19_
delay           net     delay_reg[2][r][18]     delay_reg_2__r__18_
delay           net     delay_reg[2][r][17]     delay_reg_2__r__17_
delay           net     delay_reg[2][r][16]     delay_reg_2__r__16_
delay           net     delay_reg[2][r][15]     delay_reg_2__r__15_
delay           net     delay_reg[2][r][14]     delay_reg_2__r__14_
delay           net     delay_reg[2][r][13]     delay_reg_2__r__13_
delay           net     delay_reg[2][r][12]     delay_reg_2__r__12_
delay           net     delay_reg[2][r][11]     delay_reg_2__r__11_
delay           net     delay_reg[2][r][10]     delay_reg_2__r__10_
delay           net     delay_reg[2][r][9]      delay_reg_2__r__9_
delay           net     delay_reg[2][r][8]      delay_reg_2__r__8_
delay           net     delay_reg[2][r][7]      delay_reg_2__r__7_
delay           net     delay_reg[2][r][6]      delay_reg_2__r__6_
delay           net     delay_reg[2][r][5]      delay_reg_2__r__5_
delay           net     delay_reg[2][r][4]      delay_reg_2__r__4_
delay           net     delay_reg[2][r][3]      delay_reg_2__r__3_
delay           net     delay_reg[2][r][2]      delay_reg_2__r__2_
delay           net     delay_reg[2][r][1]      delay_reg_2__r__1_
delay           net     delay_reg[2][r][0]      delay_reg_2__r__0_
delay           net     delay_reg[2][i][31]     delay_reg_2__i__31_
delay           net     delay_reg[2][i][30]     delay_reg_2__i__30_
delay           net     delay_reg[2][i][29]     delay_reg_2__i__29_
delay           net     delay_reg[2][i][28]     delay_reg_2__i__28_
delay           net     delay_reg[2][i][27]     delay_reg_2__i__27_
delay           net     delay_reg[2][i][26]     delay_reg_2__i__26_
delay           net     delay_reg[2][i][25]     delay_reg_2__i__25_
delay           net     delay_reg[2][i][24]     delay_reg_2__i__24_
delay           net     delay_reg[2][i][23]     delay_reg_2__i__23_
delay           net     delay_reg[2][i][22]     delay_reg_2__i__22_
delay           net     delay_reg[2][i][21]     delay_reg_2__i__21_
delay           net     delay_reg[2][i][20]     delay_reg_2__i__20_
delay           net     delay_reg[2][i][19]     delay_reg_2__i__19_
delay           net     delay_reg[2][i][18]     delay_reg_2__i__18_
delay           net     delay_reg[2][i][17]     delay_reg_2__i__17_
delay           net     delay_reg[2][i][16]     delay_reg_2__i__16_
delay           net     delay_reg[2][i][15]     delay_reg_2__i__15_
delay           net     delay_reg[2][i][14]     delay_reg_2__i__14_
delay           net     delay_reg[2][i][13]     delay_reg_2__i__13_
delay           net     delay_reg[2][i][12]     delay_reg_2__i__12_
delay           net     delay_reg[2][i][11]     delay_reg_2__i__11_
delay           net     delay_reg[2][i][10]     delay_reg_2__i__10_
delay           net     delay_reg[2][i][9]      delay_reg_2__i__9_
delay           net     delay_reg[2][i][8]      delay_reg_2__i__8_
delay           net     delay_reg[2][i][7]      delay_reg_2__i__7_
delay           net     delay_reg[2][i][6]      delay_reg_2__i__6_
delay           net     delay_reg[2][i][5]      delay_reg_2__i__5_
delay           net     delay_reg[2][i][4]      delay_reg_2__i__4_
delay           net     delay_reg[2][i][3]      delay_reg_2__i__3_
delay           net     delay_reg[2][i][2]      delay_reg_2__i__2_
delay           net     delay_reg[2][i][1]      delay_reg_2__i__1_
delay           net     delay_reg[2][i][0]      delay_reg_2__i__0_
delay           net     delay_reg[1][r][31]     delay_reg_1__r__31_
delay           net     delay_reg[1][r][30]     delay_reg_1__r__30_
delay           net     delay_reg[1][r][29]     delay_reg_1__r__29_
delay           net     delay_reg[1][r][28]     delay_reg_1__r__28_
delay           net     delay_reg[1][r][27]     delay_reg_1__r__27_
delay           net     delay_reg[1][r][26]     delay_reg_1__r__26_
delay           net     delay_reg[1][r][25]     delay_reg_1__r__25_
delay           net     delay_reg[1][r][24]     delay_reg_1__r__24_
delay           net     delay_reg[1][r][23]     delay_reg_1__r__23_
delay           net     delay_reg[1][r][22]     delay_reg_1__r__22_
delay           net     delay_reg[1][r][21]     delay_reg_1__r__21_
delay           net     delay_reg[1][r][20]     delay_reg_1__r__20_
delay           net     delay_reg[1][r][19]     delay_reg_1__r__19_
delay           net     delay_reg[1][r][18]     delay_reg_1__r__18_
delay           net     delay_reg[1][r][17]     delay_reg_1__r__17_
delay           net     delay_reg[1][r][16]     delay_reg_1__r__16_
delay           net     delay_reg[1][r][15]     delay_reg_1__r__15_
delay           net     delay_reg[1][r][14]     delay_reg_1__r__14_
delay           net     delay_reg[1][r][13]     delay_reg_1__r__13_
delay           net     delay_reg[1][r][12]     delay_reg_1__r__12_
delay           net     delay_reg[1][r][11]     delay_reg_1__r__11_
delay           net     delay_reg[1][r][10]     delay_reg_1__r__10_
delay           net     delay_reg[1][r][9]      delay_reg_1__r__9_
delay           net     delay_reg[1][r][8]      delay_reg_1__r__8_
delay           net     delay_reg[1][r][7]      delay_reg_1__r__7_
delay           net     delay_reg[1][r][6]      delay_reg_1__r__6_
delay           net     delay_reg[1][r][5]      delay_reg_1__r__5_
delay           net     delay_reg[1][r][4]      delay_reg_1__r__4_
delay           net     delay_reg[1][r][3]      delay_reg_1__r__3_
delay           net     delay_reg[1][r][2]      delay_reg_1__r__2_
delay           net     delay_reg[1][r][1]      delay_reg_1__r__1_
delay           net     delay_reg[1][r][0]      delay_reg_1__r__0_
delay           net     delay_reg[1][i][31]     delay_reg_1__i__31_
delay           net     delay_reg[1][i][30]     delay_reg_1__i__30_
delay           net     delay_reg[1][i][29]     delay_reg_1__i__29_
delay           net     delay_reg[1][i][28]     delay_reg_1__i__28_
delay           net     delay_reg[1][i][27]     delay_reg_1__i__27_
delay           net     delay_reg[1][i][26]     delay_reg_1__i__26_
delay           net     delay_reg[1][i][25]     delay_reg_1__i__25_
delay           net     delay_reg[1][i][24]     delay_reg_1__i__24_
delay           net     delay_reg[1][i][23]     delay_reg_1__i__23_
delay           net     delay_reg[1][i][22]     delay_reg_1__i__22_
delay           net     delay_reg[1][i][21]     delay_reg_1__i__21_
delay           net     delay_reg[1][i][20]     delay_reg_1__i__20_
delay           net     delay_reg[1][i][19]     delay_reg_1__i__19_
delay           net     delay_reg[1][i][18]     delay_reg_1__i__18_
delay           net     delay_reg[1][i][17]     delay_reg_1__i__17_
delay           net     delay_reg[1][i][16]     delay_reg_1__i__16_
delay           net     delay_reg[1][i][15]     delay_reg_1__i__15_
delay           net     delay_reg[1][i][14]     delay_reg_1__i__14_
delay           net     delay_reg[1][i][13]     delay_reg_1__i__13_
delay           net     delay_reg[1][i][12]     delay_reg_1__i__12_
delay           net     delay_reg[1][i][11]     delay_reg_1__i__11_
delay           net     delay_reg[1][i][10]     delay_reg_1__i__10_
delay           net     delay_reg[1][i][9]      delay_reg_1__i__9_
delay           net     delay_reg[1][i][8]      delay_reg_1__i__8_
delay           net     delay_reg[1][i][7]      delay_reg_1__i__7_
delay           net     delay_reg[1][i][6]      delay_reg_1__i__6_
delay           net     delay_reg[1][i][5]      delay_reg_1__i__5_
delay           net     delay_reg[1][i][4]      delay_reg_1__i__4_
delay           net     delay_reg[1][i][3]      delay_reg_1__i__3_
delay           net     delay_reg[1][i][2]      delay_reg_1__i__2_
delay           net     delay_reg[1][i][1]      delay_reg_1__i__1_
delay           net     delay_reg[1][i][0]      delay_reg_1__i__0_
delay           net     delay_reg[0][r][31]     delay_reg_0__r__31_
delay           net     delay_reg[0][r][30]     delay_reg_0__r__30_
delay           net     delay_reg[0][r][29]     delay_reg_0__r__29_
delay           net     delay_reg[0][r][28]     delay_reg_0__r__28_
delay           net     delay_reg[0][r][27]     delay_reg_0__r__27_
delay           net     delay_reg[0][r][26]     delay_reg_0__r__26_
delay           net     delay_reg[0][r][25]     delay_reg_0__r__25_
delay           net     delay_reg[0][r][24]     delay_reg_0__r__24_
delay           net     delay_reg[0][r][23]     delay_reg_0__r__23_
delay           net     delay_reg[0][r][22]     delay_reg_0__r__22_
delay           net     delay_reg[0][r][21]     delay_reg_0__r__21_
delay           net     delay_reg[0][r][20]     delay_reg_0__r__20_
delay           net     delay_reg[0][r][19]     delay_reg_0__r__19_
delay           net     delay_reg[0][r][18]     delay_reg_0__r__18_
delay           net     delay_reg[0][r][17]     delay_reg_0__r__17_
delay           net     delay_reg[0][r][16]     delay_reg_0__r__16_
delay           net     delay_reg[0][r][15]     delay_reg_0__r__15_
delay           net     delay_reg[0][r][14]     delay_reg_0__r__14_
delay           net     delay_reg[0][r][13]     delay_reg_0__r__13_
delay           net     delay_reg[0][r][12]     delay_reg_0__r__12_
delay           net     delay_reg[0][r][11]     delay_reg_0__r__11_
delay           net     delay_reg[0][r][10]     delay_reg_0__r__10_
delay           net     delay_reg[0][r][9]      delay_reg_0__r__9_
delay           net     delay_reg[0][r][8]      delay_reg_0__r__8_
delay           net     delay_reg[0][r][7]      delay_reg_0__r__7_
delay           net     delay_reg[0][r][6]      delay_reg_0__r__6_
delay           net     delay_reg[0][r][5]      delay_reg_0__r__5_
delay           net     delay_reg[0][r][4]      delay_reg_0__r__4_
delay           net     delay_reg[0][r][3]      delay_reg_0__r__3_
delay           net     delay_reg[0][r][2]      delay_reg_0__r__2_
delay           net     delay_reg[0][r][1]      delay_reg_0__r__1_
delay           net     delay_reg[0][r][0]      delay_reg_0__r__0_
delay           net     delay_reg[0][i][31]     delay_reg_0__i__31_
delay           net     delay_reg[0][i][30]     delay_reg_0__i__30_
delay           net     delay_reg[0][i][29]     delay_reg_0__i__29_
delay           net     delay_reg[0][i][28]     delay_reg_0__i__28_
delay           net     delay_reg[0][i][27]     delay_reg_0__i__27_
delay           net     delay_reg[0][i][26]     delay_reg_0__i__26_
delay           net     delay_reg[0][i][25]     delay_reg_0__i__25_
delay           net     delay_reg[0][i][24]     delay_reg_0__i__24_
delay           net     delay_reg[0][i][23]     delay_reg_0__i__23_
delay           net     delay_reg[0][i][22]     delay_reg_0__i__22_
delay           net     delay_reg[0][i][21]     delay_reg_0__i__21_
delay           net     delay_reg[0][i][20]     delay_reg_0__i__20_
delay           net     delay_reg[0][i][19]     delay_reg_0__i__19_
delay           net     delay_reg[0][i][18]     delay_reg_0__i__18_
delay           net     delay_reg[0][i][17]     delay_reg_0__i__17_
delay           net     delay_reg[0][i][16]     delay_reg_0__i__16_
delay           net     delay_reg[0][i][15]     delay_reg_0__i__15_
delay           net     delay_reg[0][i][14]     delay_reg_0__i__14_
delay           net     delay_reg[0][i][13]     delay_reg_0__i__13_
delay           net     delay_reg[0][i][12]     delay_reg_0__i__12_
delay           net     delay_reg[0][i][11]     delay_reg_0__i__11_
delay           net     delay_reg[0][i][10]     delay_reg_0__i__10_
delay           net     delay_reg[0][i][9]      delay_reg_0__i__9_
delay           net     delay_reg[0][i][8]      delay_reg_0__i__8_
delay           net     delay_reg[0][i][7]      delay_reg_0__i__7_
delay           net     delay_reg[0][i][6]      delay_reg_0__i__6_
delay           net     delay_reg[0][i][5]      delay_reg_0__i__5_
delay           net     delay_reg[0][i][4]      delay_reg_0__i__4_
delay           net     delay_reg[0][i][3]      delay_reg_0__i__3_
delay           net     delay_reg[0][i][2]      delay_reg_0__i__2_
delay           net     delay_reg[0][i][1]      delay_reg_0__i__1_
delay           net     delay_reg[0][i][0]      delay_reg_0__i__0_
delay           net     N285                    out_valid
delay           net     n14                     n1410
delay           net     n15                     n1510
delay           net     n16                     n1610
delay           net     n17                     n1710
delay           net     n18                     n1810
delay           net     n19                     n1910
delay           net     n20                     n201
delay           net     n23                     n2310
delay           net     n24                     n2410
delay           net     n25                     n2510
delay           net     n26                     n263
delay           net     n27                     n270
delay           net     n28                     n282
delay           net     n29                     n290
delay           net     n30                     n300
delay           net     n31                     n310
delay           net     n32                     n320
delay           net     n33                     n330
delay           net     n34                     n340
delay           net     n35                     n350
delay           net     n36                     n360
delay           net     n37                     n370
delay           net     n38                     n380
delay           net     n39                     n390
delay           net     n40                     n400
delay           net     n41                     n410
delay           net     n42                     n420
delay           net     n43                     n430
delay           net     n44                     n440
delay           net     n45                     n450
delay           net     n46                     n460
delay           net     n47                     n470
delay           net     n48                     n480
delay           net     n49                     n490
delay           net     n50                     n500
delay           net     n51                     n510
delay           net     n52                     n520
delay           net     n53                     n530
1
