 
****************************************
Report : clock timing
        -type summary
Design : delay
Version: T-2022.03-SP3
Date   : Sun Nov 10 20:52:55 2024
****************************************

  Clock: core_clk
----------------------------------------------------------------------------
  Maximum setup launch latency:
      delay_reg_reg_0__7_/CLK                                0.20      wr-+

  Minimum setup capture latency:
      delay_reg_reg_0__7_/CLK                                0.20      wr-+

  Minimum hold launch latency:
      delay_reg_reg_0__7_/CLK                                0.20      br-+

  Maximum hold capture latency:
      delay_reg_reg_0__7_/CLK                                0.20      br-+

  Maximum active transition:
      delay_reg_reg_0__7_/CLK                                0.08      wr-+

  Minimum active transition:
      delay_reg_reg_0__7_/CLK                                0.08      wr-+

  Maximum setup skew:
      delay_counter_reg_0_/CLK                                         wr-+
      delay_counter_reg_0_/CLK                               0.00      wr-+

  Maximum hold skew:
      delay_counter_reg_0_/CLK                                         br-+
      delay_counter_reg_0_/CLK                               0.00      br-+
----------------------------------------------------------------------------

1
