Information: Propagating switching activity (low effort zero delay simulation). (PWR-6)
Warning: Design has unannotated primary inputs. (PWR-414)
Warning: Design has unannotated sequential cell outputs. (PWR-415)
 
****************************************
Report : power
        -analysis_effort low
Design : delay
Version: T-2022.03-SP3
Date   : Mon Nov 18 21:06:35 2024
****************************************


Library(s) Used:

    saed32rvt_tt1p05v25c (File: /afs/umich.edu/class/eecs598-002/SAED32/SAED32_EDK/lib/stdcell_rvt/db_ccs/saed32rvt_tt1p05v25c.db)


Operating Conditions: tt1p05v25c   Library: saed32rvt_tt1p05v25c
Wire Load Model Mode: enclosed

Design        Wire Load Model            Library
------------------------------------------------
delay                  8000              saed32rvt_tt1p05v25c


Global Operating Voltage = 1.05 
Power-specific unit information :
    Voltage Units = 1V
    Capacitance Units = 1.000000ff
    Time Units = 1ns
    Dynamic Power Units = 1uW    (derived from V,C,T units)
    Leakage Power Units = 1pW


Attributes
----------
i - Including register clock pin internal power


  Cell Internal Power  = 203.3983 uW   (96%)
  Net Switching Power  =   7.5154 uW    (4%)
                         ---------
Total Dynamic Power    = 210.9138 uW  (100%)

Cell Leakage Power     =  53.9180 uW


                 Internal         Switching           Leakage            Total
Power Group      Power            Power               Power              Power   (   %    )  Attrs
--------------------------------------------------------------------------------------------------
io_pad             0.0000            0.0000            0.0000            0.0000  (   0.00%)
memory             0.0000            0.0000            0.0000            0.0000  (   0.00%)
black_box          0.0000            0.0000            0.0000            0.0000  (   0.00%)
clock_network    199.5800            0.0000            0.0000          199.5800  (  75.36%)  i
register           1.9014            1.6543        3.6933e+07           40.4886  (  15.29%)
sequential         0.0000            0.0000            0.0000            0.0000  (   0.00%)
combinational      1.9170            5.8611        1.6985e+07           24.7632  (   9.35%)
--------------------------------------------------------------------------------------------------
Total            203.3983 uW         7.5154 uW     5.3918e+07 pW       264.8318 uW
1
