 
****************************************
Report : area
Design : delay
Version: T-2022.03-SP3
Date   : Sun Nov 10 20:52:55 2024
****************************************

Library(s) Used:

    saed32rvt_tt1p05v25c (File: /afs/umich.edu/class/eecs598-002/SAED32/SAED32_EDK/lib/stdcell_rvt/db_ccs/saed32rvt_tt1p05v25c.db)

Number of ports:                           21
Number of nets:                           103
Number of cells:                           88
Number of combinational cells:             49
Number of sequential cells:                38
Number of macros/black boxes:               0
Number of buf/inv:                          5
Number of references:                      13

Combinational area:                100.132739
Buf/Inv area:                        6.353600
Noncombinational area:             251.602568
Macro/Black Box area:                0.000000
Net Interconnect area:              54.453915

Total cell area:                   351.735307
Total area:                        406.189222
1
