Information: Propagating switching activity (low effort zero delay simulation). (PWR-6)
Warning: Design has unannotated primary inputs. (PWR-414)
Warning: Design has unannotated sequential cell outputs. (PWR-415)
 
****************************************
Report : power
        -analysis_effort low
Design : fft_N_rad2
Version: T-2022.03-SP3
Date   : Wed Dec 11 14:50:10 2024
****************************************


Library(s) Used:

    saed32rvt_tt1p05v25c (File: /afs/umich.edu/class/eecs598-002/SAED32/SAED32_EDK/lib/stdcell_rvt/db_ccs/saed32rvt_tt1p05v25c.db)


Operating Conditions: tt1p05v25c   Library: saed32rvt_tt1p05v25c
Wire Load Model Mode: enclosed

Design        Wire Load Model            Library
------------------------------------------------
fft_N_rad2             280000            saed32rvt_tt1p05v25c


Global Operating Voltage = 1.05 
Power-specific unit information :
    Voltage Units = 1V
    Capacitance Units = 1.000000ff
    Time Units = 1ns
    Dynamic Power Units = 1uW    (derived from V,C,T units)
    Leakage Power Units = 1pW


Attributes
----------
i - Including register clock pin internal power


  Cell Internal Power  =   4.8916 mW   (99%)
  Net Switching Power  =  35.7300 uW    (1%)
                         ---------
Total Dynamic Power    =   4.9273 mW  (100%)

Cell Leakage Power     =   3.4355 mW


                 Internal         Switching           Leakage            Total
Power Group      Power            Power               Power              Power   (   %    )  Attrs
--------------------------------------------------------------------------------------------------
io_pad             0.0000            0.0000            0.0000            0.0000  (   0.00%)
memory             0.0000            0.0000            0.0000            0.0000  (   0.00%)
black_box          0.0000            0.0000            0.0000            0.0000  (   0.00%)
clock_network  4.8779e+03            0.0000            0.0000        4.8779e+03  (  58.33%)  i
register           5.6724            6.0055        1.6445e+09        1.6562e+03  (  19.80%)
sequential         0.0000            0.0000            0.0000            0.0000  (   0.00%)
combinational      8.1747           29.7250        1.7911e+09        1.8289e+03  (  21.87%)
--------------------------------------------------------------------------------------------------
Total          4.8918e+03 uW        35.7305 uW     3.4355e+09 pW     8.3630e+03 uW
1
