
Design          Type    Object                  New Name
--------------------------------------------------------------------------------
fp_mul          cell    idataA_exp_ff_reg[7]    idataA_exp_ff_reg_7_
fp_mul          cell    idataA_exp_ff_reg[6]    idataA_exp_ff_reg_6_
fp_mul          cell    idataA_exp_ff_reg[5]    idataA_exp_ff_reg_5_
fp_mul          cell    idataA_exp_ff_reg[4]    idataA_exp_ff_reg_4_
fp_mul          cell    idataA_exp_ff_reg[3]    idataA_exp_ff_reg_3_
fp_mul          cell    idataA_exp_ff_reg[2]    idataA_exp_ff_reg_2_
fp_mul          cell    idataA_exp_ff_reg[1]    idataA_exp_ff_reg_1_
fp_mul          cell    idataA_exp_ff_reg[0]    idataA_exp_ff_reg_0_
fp_mul          cell    idataA_mat_ff_reg[22]   idataA_mat_ff_reg_22_
fp_mul          cell    idataA_mat_ff_reg[21]   idataA_mat_ff_reg_21_
fp_mul          cell    idataA_mat_ff_reg[19]   idataA_mat_ff_reg_19_
fp_mul          cell    idataA_mat_ff_reg[18]   idataA_mat_ff_reg_18_
fp_mul          cell    idataA_mat_ff_reg[16]   idataA_mat_ff_reg_16_
fp_mul          cell    idataA_mat_ff_reg[15]   idataA_mat_ff_reg_15_
fp_mul          cell    idataA_mat_ff_reg[13]   idataA_mat_ff_reg_13_
fp_mul          cell    idataA_mat_ff_reg[12]   idataA_mat_ff_reg_12_
fp_mul          cell    idataA_mat_ff_reg[10]   idataA_mat_ff_reg_10_
fp_mul          cell    idataA_mat_ff_reg[9]    idataA_mat_ff_reg_9_
fp_mul          cell    idataA_mat_ff_reg[7]    idataA_mat_ff_reg_7_
fp_mul          cell    idataA_mat_ff_reg[6]    idataA_mat_ff_reg_6_
fp_mul          cell    idataA_mat_ff_reg[3]    idataA_mat_ff_reg_3_
fp_mul          cell    idataA_mat_ff_reg[1]    idataA_mat_ff_reg_1_
fp_mul          cell    idataA_mat_ff_reg[0]    idataA_mat_ff_reg_0_
fp_mul          cell    idataB_exp_ff_reg[7]    idataB_exp_ff_reg_7_
fp_mul          cell    idataB_exp_ff_reg[6]    idataB_exp_ff_reg_6_
fp_mul          cell    idataB_exp_ff_reg[5]    idataB_exp_ff_reg_5_
fp_mul          cell    idataB_exp_ff_reg[4]    idataB_exp_ff_reg_4_
fp_mul          cell    idataB_exp_ff_reg[3]    idataB_exp_ff_reg_3_
fp_mul          cell    idataB_exp_ff_reg[2]    idataB_exp_ff_reg_2_
fp_mul          cell    idataB_exp_ff_reg[1]    idataB_exp_ff_reg_1_
fp_mul          cell    idataB_exp_ff_reg[0]    idataB_exp_ff_reg_0_
fp_mul          cell    idataB_mat_ff_reg[2]    idataB_mat_ff_reg_2_
fp_mul          cell    product_exp_ff_reg[8]   product_exp_ff_reg_8_
fp_mul          cell    product_exp_ff_reg[6]   product_exp_ff_reg_6_
fp_mul          cell    product_exp_ff_reg[5]   product_exp_ff_reg_5_
fp_mul          cell    product_exp_ff_reg[4]   product_exp_ff_reg_4_
fp_mul          cell    product_exp_ff_reg[3]   product_exp_ff_reg_3_
fp_mul          cell    product_exp_ff_reg[2]   product_exp_ff_reg_2_
fp_mul          cell    product_exp_ff_reg[1]   product_exp_ff_reg_1_
fp_mul          cell    product_mat_ff_reg[46]  product_mat_ff_reg_46_
fp_mul          cell    product_mat_ff_reg[45]  product_mat_ff_reg_45_
fp_mul          cell    product_mat_ff_reg[44]  product_mat_ff_reg_44_
fp_mul          cell    product_mat_ff_reg[43]  product_mat_ff_reg_43_
fp_mul          cell    product_mat_ff_reg[42]  product_mat_ff_reg_42_
fp_mul          cell    product_mat_ff_reg[41]  product_mat_ff_reg_41_
fp_mul          cell    product_mat_ff_reg[40]  product_mat_ff_reg_40_
fp_mul          cell    product_mat_ff_reg[38]  product_mat_ff_reg_38_
fp_mul          cell    product_mat_ff_reg[37]  product_mat_ff_reg_37_
fp_mul          cell    product_mat_ff_reg[35]  product_mat_ff_reg_35_
fp_mul          cell    product_mat_ff_reg[34]  product_mat_ff_reg_34_
fp_mul          cell    product_mat_ff_reg[32]  product_mat_ff_reg_32_
fp_mul          cell    product_mat_ff_reg[31]  product_mat_ff_reg_31_
fp_mul          cell    product_mat_ff_reg[29]  product_mat_ff_reg_29_
fp_mul          cell    product_mat_ff_reg[28]  product_mat_ff_reg_28_
fp_mul          cell    product_mat_ff_reg[27]  product_mat_ff_reg_27_
fp_mul          cell    product_mat_ff_reg[26]  product_mat_ff_reg_26_
fp_mul          cell    product_mat_ff_reg[25]  product_mat_ff_reg_25_
fp_mul          cell    product_mat_ff_reg[24]  product_mat_ff_reg_24_
fp_mul          cell    product_mat_ff_reg[23]  product_mat_ff_reg_23_
fp_mul          cell    odata_exp_ff_reg[7]     odata_exp_ff_reg_7_
fp_mul          cell    odata_exp_ff_reg[6]     odata_exp_ff_reg_6_
fp_mul          cell    odata_exp_ff_reg[5]     odata_exp_ff_reg_5_
fp_mul          cell    odata_exp_ff_reg[4]     odata_exp_ff_reg_4_
fp_mul          cell    odata_exp_ff_reg[3]     odata_exp_ff_reg_3_
fp_mul          cell    odata_exp_ff_reg[2]     odata_exp_ff_reg_2_
fp_mul          cell    odata_exp_ff_reg[1]     odata_exp_ff_reg_1_
fp_mul          cell    odata_exp_ff_reg[0]     odata_exp_ff_reg_0_
fp_mul          cell    odata_mat_ff_reg[22]    odata_mat_ff_reg_22_
fp_mul          cell    odata_mat_ff_reg[21]    odata_mat_ff_reg_21_
fp_mul          cell    odata_mat_ff_reg[20]    odata_mat_ff_reg_20_
fp_mul          cell    odata_mat_ff_reg[19]    odata_mat_ff_reg_19_
fp_mul          cell    odata_mat_ff_reg[18]    odata_mat_ff_reg_18_
fp_mul          cell    odata_mat_ff_reg[17]    odata_mat_ff_reg_17_
fp_mul          cell    odata_mat_ff_reg[16]    odata_mat_ff_reg_16_
fp_mul          cell    odata_mat_ff_reg[15]    odata_mat_ff_reg_15_
fp_mul          cell    odata_mat_ff_reg[14]    odata_mat_ff_reg_14_
fp_mul          cell    odata_mat_ff_reg[13]    odata_mat_ff_reg_13_
fp_mul          cell    odata_mat_ff_reg[12]    odata_mat_ff_reg_12_
fp_mul          cell    odata_mat_ff_reg[11]    odata_mat_ff_reg_11_
fp_mul          cell    odata_mat_ff_reg[10]    odata_mat_ff_reg_10_
fp_mul          cell    odata_mat_ff_reg[9]     odata_mat_ff_reg_9_
fp_mul          cell    odata_mat_ff_reg[8]     odata_mat_ff_reg_8_
fp_mul          cell    odata_mat_ff_reg[7]     odata_mat_ff_reg_7_
fp_mul          cell    odata_mat_ff_reg[6]     odata_mat_ff_reg_6_
fp_mul          cell    odata_mat_ff_reg[5]     odata_mat_ff_reg_5_
fp_mul          cell    odata_mat_ff_reg[4]     odata_mat_ff_reg_4_
fp_mul          cell    odata_mat_ff_reg[3]     odata_mat_ff_reg_3_
fp_mul          cell    odata_mat_ff_reg[2]     odata_mat_ff_reg_2_
fp_mul          cell    odata_mat_ff_reg[1]     odata_mat_ff_reg_1_
fp_mul          cell    odata_mat_ff_reg[0]     odata_mat_ff_reg_0_
fp_mul          cell    intadd_10/U7            intadd_10_U7
fp_mul          cell    intadd_10/U6            intadd_10_U6
fp_mul          cell    intadd_10/U5            intadd_10_U5
fp_mul          cell    intadd_10/U4            intadd_10_U4
fp_mul          cell    intadd_10/U3            intadd_10_U3
fp_mul          cell    intadd_10/U2            intadd_10_U2
fp_mul          cell    intadd_11/U6            intadd_11_U6
fp_mul          cell    intadd_11/U5            intadd_11_U5
fp_mul          cell    intadd_11/U4            intadd_11_U4
fp_mul          cell    intadd_11/U3            intadd_11_U3
fp_mul          cell    intadd_11/U2            intadd_11_U2
fp_mul          cell    intadd_12/U4            intadd_12_U4
fp_mul          cell    intadd_12/U3            intadd_12_U3
fp_mul          cell    intadd_12/U2            intadd_12_U2
fp_mul          cell    intadd_13/U4            intadd_13_U4
fp_mul          cell    intadd_13/U3            intadd_13_U3
fp_mul          cell    intadd_13/U2            intadd_13_U2
fp_mul          cell    intadd_14/U4            intadd_14_U4
fp_mul          cell    intadd_14/U3            intadd_14_U3
fp_mul          cell    intadd_14/U2            intadd_14_U2
fp_mul          cell    intadd_15/U4            intadd_15_U4
fp_mul          cell    intadd_15/U3            intadd_15_U3
fp_mul          cell    intadd_15/U2            intadd_15_U2
fp_mul          cell    intadd_16/U4            intadd_16_U4
fp_mul          cell    intadd_16/U3            intadd_16_U3
fp_mul          cell    intadd_16/U2            intadd_16_U2
fp_mul          cell    intadd_17/U4            intadd_17_U4
fp_mul          cell    intadd_17/U3            intadd_17_U3
fp_mul          cell    intadd_17/U2            intadd_17_U2
fp_mul          cell    intadd_18/U4            intadd_18_U4
fp_mul          cell    intadd_18/U3            intadd_18_U3
fp_mul          cell    intadd_18/U2            intadd_18_U2
fp_mul          cell    intadd_19/U4            intadd_19_U4
fp_mul          cell    intadd_19/U3            intadd_19_U3
fp_mul          cell    intadd_19/U2            intadd_19_U2
fp_mul          cell    intadd_20/U4            intadd_20_U4
fp_mul          cell    intadd_20/U3            intadd_20_U3
fp_mul          cell    intadd_20/U2            intadd_20_U2
fp_mul          cell    intadd_0/U19            intadd_0_U19
fp_mul          cell    intadd_0/U15            intadd_0_U15
fp_mul          cell    intadd_0/U11            intadd_0_U11
fp_mul          cell    intadd_0/U9             intadd_0_U9
fp_mul          cell    intadd_0/U7             intadd_0_U7
fp_mul          cell    intadd_0/U6             intadd_0_U6
fp_mul          cell    intadd_0/U4             intadd_0_U4
fp_mul          cell    intadd_0/U2             intadd_0_U2
fp_mul          cell    intadd_1/U19            intadd_1_U19
fp_mul          cell    intadd_1/U18            intadd_1_U18
fp_mul          cell    intadd_1/U17            intadd_1_U17
fp_mul          cell    intadd_1/U16            intadd_1_U16
fp_mul          cell    intadd_1/U15            intadd_1_U15
fp_mul          cell    intadd_1/U14            intadd_1_U14
fp_mul          cell    intadd_1/U13            intadd_1_U13
fp_mul          cell    intadd_1/U12            intadd_1_U12
fp_mul          cell    intadd_1/U11            intadd_1_U11
fp_mul          cell    intadd_1/U10            intadd_1_U10
fp_mul          cell    intadd_1/U9             intadd_1_U9
fp_mul          cell    intadd_1/U8             intadd_1_U8
fp_mul          cell    intadd_1/U7             intadd_1_U7
fp_mul          cell    intadd_1/U6             intadd_1_U6
fp_mul          cell    intadd_1/U5             intadd_1_U5
fp_mul          cell    intadd_1/U4             intadd_1_U4
fp_mul          cell    intadd_1/U3             intadd_1_U3
fp_mul          cell    intadd_2/U19            intadd_2_U19
fp_mul          cell    intadd_2/U18            intadd_2_U18
fp_mul          cell    intadd_2/U17            intadd_2_U17
fp_mul          cell    intadd_2/U14            intadd_2_U14
fp_mul          cell    intadd_2/U13            intadd_2_U13
fp_mul          cell    intadd_2/U12            intadd_2_U12
fp_mul          cell    intadd_2/U11            intadd_2_U11
fp_mul          cell    intadd_2/U10            intadd_2_U10
fp_mul          cell    intadd_2/U9             intadd_2_U9
fp_mul          cell    intadd_2/U8             intadd_2_U8
fp_mul          cell    intadd_2/U7             intadd_2_U7
fp_mul          cell    intadd_2/U6             intadd_2_U6
fp_mul          cell    intadd_2/U5             intadd_2_U5
fp_mul          cell    intadd_2/U4             intadd_2_U4
fp_mul          cell    intadd_2/U3             intadd_2_U3
fp_mul          cell    intadd_2/U2             intadd_2_U2
fp_mul          cell    intadd_3/U18            intadd_3_U18
fp_mul          cell    intadd_3/U17            intadd_3_U17
fp_mul          cell    intadd_3/U16            intadd_3_U16
fp_mul          cell    intadd_3/U15            intadd_3_U15
fp_mul          cell    intadd_3/U14            intadd_3_U14
fp_mul          cell    intadd_3/U13            intadd_3_U13
fp_mul          cell    intadd_3/U12            intadd_3_U12
fp_mul          cell    intadd_3/U11            intadd_3_U11
fp_mul          cell    intadd_3/U10            intadd_3_U10
fp_mul          cell    intadd_3/U9             intadd_3_U9
fp_mul          cell    intadd_3/U8             intadd_3_U8
fp_mul          cell    intadd_3/U7             intadd_3_U7
fp_mul          cell    intadd_3/U6             intadd_3_U6
fp_mul          cell    intadd_3/U5             intadd_3_U5
fp_mul          cell    intadd_3/U4             intadd_3_U4
fp_mul          cell    intadd_3/U3             intadd_3_U3
fp_mul          cell    intadd_3/U2             intadd_3_U2
fp_mul          cell    intadd_4/U16            intadd_4_U16
fp_mul          cell    intadd_4/U15            intadd_4_U15
fp_mul          cell    intadd_4/U14            intadd_4_U14
fp_mul          cell    intadd_4/U13            intadd_4_U13
fp_mul          cell    intadd_4/U12            intadd_4_U12
fp_mul          cell    intadd_4/U11            intadd_4_U11
fp_mul          cell    intadd_4/U10            intadd_4_U10
fp_mul          cell    intadd_4/U9             intadd_4_U9
fp_mul          cell    intadd_4/U8             intadd_4_U8
fp_mul          cell    intadd_4/U7             intadd_4_U7
fp_mul          cell    intadd_4/U6             intadd_4_U6
fp_mul          cell    intadd_4/U5             intadd_4_U5
fp_mul          cell    intadd_4/U4             intadd_4_U4
fp_mul          cell    intadd_4/U3             intadd_4_U3
fp_mul          cell    intadd_5/U13            intadd_5_U13
fp_mul          cell    intadd_5/U12            intadd_5_U12
fp_mul          cell    intadd_5/U11            intadd_5_U11
fp_mul          cell    intadd_5/U10            intadd_5_U10
fp_mul          cell    intadd_5/U9             intadd_5_U9
fp_mul          cell    intadd_5/U8             intadd_5_U8
fp_mul          cell    intadd_5/U7             intadd_5_U7
fp_mul          cell    intadd_5/U6             intadd_5_U6
fp_mul          cell    intadd_5/U5             intadd_5_U5
fp_mul          cell    intadd_5/U4             intadd_5_U4
fp_mul          cell    intadd_5/U3             intadd_5_U3
fp_mul          cell    intadd_6/U12            intadd_6_U12
fp_mul          cell    intadd_6/U11            intadd_6_U11
fp_mul          cell    intadd_6/U10            intadd_6_U10
fp_mul          cell    intadd_6/U8             intadd_6_U8
fp_mul          cell    intadd_6/U7             intadd_6_U7
fp_mul          cell    intadd_6/U6             intadd_6_U6
fp_mul          cell    intadd_6/U5             intadd_6_U5
fp_mul          cell    intadd_6/U4             intadd_6_U4
fp_mul          cell    intadd_6/U3             intadd_6_U3
fp_mul          cell    intadd_6/U2             intadd_6_U2
fp_mul          cell    intadd_7/U12            intadd_7_U12
fp_mul          cell    intadd_7/U11            intadd_7_U11
fp_mul          cell    intadd_7/U10            intadd_7_U10
fp_mul          cell    intadd_7/U9             intadd_7_U9
fp_mul          cell    intadd_7/U8             intadd_7_U8
fp_mul          cell    intadd_7/U7             intadd_7_U7
fp_mul          cell    intadd_7/U6             intadd_7_U6
fp_mul          cell    intadd_7/U5             intadd_7_U5
fp_mul          cell    intadd_7/U4             intadd_7_U4
fp_mul          cell    intadd_7/U3             intadd_7_U3
fp_mul          cell    intadd_8/U9             intadd_8_U9
fp_mul          cell    intadd_8/U8             intadd_8_U8
fp_mul          cell    intadd_8/U7             intadd_8_U7
fp_mul          cell    intadd_8/U6             intadd_8_U6
fp_mul          cell    intadd_8/U5             intadd_8_U5
fp_mul          cell    intadd_8/U4             intadd_8_U4
fp_mul          cell    intadd_8/U3             intadd_8_U3
fp_mul          cell    intadd_9/U8             intadd_9_U8
fp_mul          cell    intadd_9/U6             intadd_9_U6
fp_mul          cell    intadd_9/U5             intadd_9_U5
fp_mul          cell    product_mat_ff_reg[36]  product_mat_ff_reg_36_
fp_mul          cell    product_mat_ff_reg[33]  product_mat_ff_reg_33_
fp_mul          cell    product_mat_ff_reg[30]  product_mat_ff_reg_30_
fp_mul          cell    product_mat_ff_reg[39]  product_mat_ff_reg_39_
fp_mul          cell    idataA_mat_ff_reg[4]    idataA_mat_ff_reg_4_
fp_mul          cell    idataB_mat_ff_reg[1]    idataB_mat_ff_reg_1_
fp_mul          cell    idataB_mat_ff_reg[14]   idataB_mat_ff_reg_14_
fp_mul          cell    idataB_mat_ff_reg[12]   idataB_mat_ff_reg_12_
fp_mul          cell    idataA_mat_ff_reg[8]    idataA_mat_ff_reg_8_
fp_mul          cell    idataB_mat_ff_reg[15]   idataB_mat_ff_reg_15_
fp_mul          cell    idataB_mat_ff_reg[13]   idataB_mat_ff_reg_13_
fp_mul          cell    idataB_mat_ff_reg[11]   idataB_mat_ff_reg_11_
fp_mul          cell    idataB_mat_ff_reg[8]    idataB_mat_ff_reg_8_
fp_mul          cell    idataB_mat_ff_reg[5]    idataB_mat_ff_reg_5_
fp_mul          cell    idataB_mat_ff_reg[10]   idataB_mat_ff_reg_10_
fp_mul          cell    idataB_mat_ff_reg[7]    idataB_mat_ff_reg_7_
fp_mul          cell    idataA_mat_ff_reg[20]   idataA_mat_ff_reg_20_
fp_mul          cell    idataB_mat_ff_reg[9]    idataB_mat_ff_reg_9_
fp_mul          cell    idataA_mat_ff_reg[17]   idataA_mat_ff_reg_17_
fp_mul          cell    idataB_mat_ff_reg[6]    idataB_mat_ff_reg_6_
fp_mul          cell    idataA_mat_ff_reg[14]   idataA_mat_ff_reg_14_
fp_mul          cell    idataA_mat_ff_reg[11]   idataA_mat_ff_reg_11_
fp_mul          cell    intadd_9/U7             intadd_9_U7
fp_mul          cell    product_exp_ff_reg[0]   product_exp_ff_reg_0_
fp_mul          cell    product_exp_ff_reg[7]   product_exp_ff_reg_7_
fp_mul          cell    product_mat_ff_reg[47]  product_mat_ff_reg_47_
fp_mul          cell    intadd_0/U12            intadd_0_U12
fp_mul          cell    intadd_0/U17            intadd_0_U17
fp_mul          cell    intadd_0/U3             intadd_0_U3
fp_mul          cell    intadd_0/U5             intadd_0_U5
fp_mul          cell    intadd_0/U8             intadd_0_U8
fp_mul          cell    intadd_0/U10            intadd_0_U10
fp_mul          cell    idataA_mat_ff_reg[23]   idataA_mat_ff_reg_23_
fp_mul          cell    idataA_mat_ff_reg[2]    idataA_mat_ff_reg_2_
fp_mul          cell    idataA_mat_ff_reg[5]    idataA_mat_ff_reg_5_
fp_mul          cell    intadd_0/U21            intadd_0_U21
fp_mul          cell    idataB_mat_ff_reg[0]    idataB_mat_ff_reg_0_
fp_mul          cell    idataB_mat_ff_reg[3]    idataB_mat_ff_reg_3_
fp_mul          cell    idataB_mat_ff_reg[4]    idataB_mat_ff_reg_4_
fp_mul          cell    idataB_mat_ff_reg[16]   idataB_mat_ff_reg_16_
fp_mul          cell    idataB_mat_ff_reg[17]   idataB_mat_ff_reg_17_
fp_mul          cell    idataB_mat_ff_reg[19]   idataB_mat_ff_reg_19_
fp_mul          cell    idataB_mat_ff_reg[18]   idataB_mat_ff_reg_18_
fp_mul          cell    idataB_mat_ff_reg[20]   idataB_mat_ff_reg_20_
fp_mul          cell    idataB_mat_ff_reg[21]   idataB_mat_ff_reg_21_
fp_mul          cell    idataB_mat_ff_reg[22]   idataB_mat_ff_reg_22_
fp_mul          net     intadd_10/CI            intadd_10_CI
fp_mul          net     intadd_10/SUM[5]        intadd_10_SUM_5_
fp_mul          net     intadd_10/SUM[4]        intadd_10_SUM_4_
fp_mul          net     intadd_10/SUM[3]        intadd_10_SUM_3_
fp_mul          net     intadd_10/SUM[2]        intadd_10_SUM_2_
fp_mul          net     intadd_10/SUM[1]        intadd_10_SUM_1_
fp_mul          net     intadd_10/SUM[0]        intadd_10_SUM_0_
fp_mul          net     intadd_10/n6            intadd_10_n6
fp_mul          net     intadd_10/n5            intadd_10_n5
fp_mul          net     intadd_10/n4            intadd_10_n4
fp_mul          net     intadd_10/n3            intadd_10_n3
fp_mul          net     intadd_10/n2            intadd_10_n2
fp_mul          net     intadd_10/n1            intadd_10_n1
fp_mul          net     intadd_11/A[4]          intadd_11_A_4_
fp_mul          net     intadd_11/A[3]          intadd_11_A_3_
fp_mul          net     intadd_11/A[2]          intadd_11_A_2_
fp_mul          net     intadd_11/A[1]          intadd_11_A_1_
fp_mul          net     intadd_11/A[0]          intadd_11_A_0_
fp_mul          net     intadd_11/B[4]          intadd_11_B_4_
fp_mul          net     intadd_11/B[3]          intadd_11_B_3_
fp_mul          net     intadd_11/B[2]          intadd_11_B_2_
fp_mul          net     intadd_11/B[1]          intadd_11_B_1_
fp_mul          net     intadd_11/B[0]          intadd_11_B_0_
fp_mul          net     intadd_11/CI            intadd_11_CI
fp_mul          net     intadd_11/SUM[4]        intadd_11_SUM_4_
fp_mul          net     intadd_11/SUM[3]        intadd_11_SUM_3_
fp_mul          net     intadd_11/SUM[2]        intadd_11_SUM_2_
fp_mul          net     intadd_11/SUM[1]        intadd_11_SUM_1_
fp_mul          net     intadd_11/SUM[0]        intadd_11_SUM_0_
fp_mul          net     intadd_11/n5            intadd_11_n5
fp_mul          net     intadd_11/n4            intadd_11_n4
fp_mul          net     intadd_11/n3            intadd_11_n3
fp_mul          net     intadd_11/n2            intadd_11_n2
fp_mul          net     intadd_11/n1            intadd_11_n1
fp_mul          net     intadd_12/A[2]          intadd_12_A_2_
fp_mul          net     intadd_12/A[1]          intadd_12_A_1_
fp_mul          net     intadd_12/A[0]          intadd_12_A_0_
fp_mul          net     intadd_12/B[2]          intadd_12_B_2_
fp_mul          net     intadd_12/B[1]          intadd_12_B_1_
fp_mul          net     intadd_12/B[0]          intadd_12_B_0_
fp_mul          net     intadd_12/CI            intadd_12_CI
fp_mul          net     intadd_12/SUM[2]        intadd_12_SUM_2_
fp_mul          net     intadd_12/SUM[1]        intadd_12_SUM_1_
fp_mul          net     intadd_12/SUM[0]        intadd_12_SUM_0_
fp_mul          net     intadd_12/n3            intadd_12_n3
fp_mul          net     intadd_12/n2            intadd_12_n2
fp_mul          net     intadd_12/n1            intadd_12_n1
fp_mul          net     intadd_13/A[2]          intadd_13_A_2_
fp_mul          net     intadd_13/A[1]          intadd_13_A_1_
fp_mul          net     intadd_13/A[0]          intadd_13_A_0_
fp_mul          net     intadd_13/B[2]          intadd_13_B_2_
fp_mul          net     intadd_13/B[1]          intadd_13_B_1_
fp_mul          net     intadd_13/B[0]          intadd_13_B_0_
fp_mul          net     intadd_13/CI            intadd_13_CI
fp_mul          net     intadd_13/SUM[2]        intadd_13_SUM_2_
fp_mul          net     intadd_13/SUM[1]        intadd_13_SUM_1_
fp_mul          net     intadd_13/SUM[0]        intadd_13_SUM_0_
fp_mul          net     intadd_13/n3            intadd_13_n3
fp_mul          net     intadd_13/n2            intadd_13_n2
fp_mul          net     intadd_13/n1            intadd_13_n1
fp_mul          net     intadd_14/A[2]          intadd_14_A_2_
fp_mul          net     intadd_14/A[1]          intadd_14_A_1_
fp_mul          net     intadd_14/B[2]          intadd_14_B_2_
fp_mul          net     intadd_14/B[1]          intadd_14_B_1_
fp_mul          net     intadd_14/B[0]          intadd_14_B_0_
fp_mul          net     intadd_14/CI            intadd_14_CI
fp_mul          net     intadd_14/SUM[2]        intadd_14_SUM_2_
fp_mul          net     intadd_14/SUM[1]        intadd_14_SUM_1_
fp_mul          net     intadd_14/SUM[0]        intadd_14_SUM_0_
fp_mul          net     intadd_14/n3            intadd_14_n3
fp_mul          net     intadd_14/n2            intadd_14_n2
fp_mul          net     intadd_14/n1            intadd_14_n1
fp_mul          net     intadd_15/A[2]          intadd_15_A_2_
fp_mul          net     intadd_15/A[1]          intadd_15_A_1_
fp_mul          net     intadd_15/A[0]          intadd_15_A_0_
fp_mul          net     intadd_15/B[2]          intadd_15_B_2_
fp_mul          net     intadd_15/B[1]          intadd_15_B_1_
fp_mul          net     intadd_15/B[0]          intadd_15_B_0_
fp_mul          net     intadd_15/CI            intadd_15_CI
fp_mul          net     intadd_15/SUM[2]        intadd_15_SUM_2_
fp_mul          net     intadd_15/SUM[1]        intadd_15_SUM_1_
fp_mul          net     intadd_15/SUM[0]        intadd_15_SUM_0_
fp_mul          net     intadd_15/n3            intadd_15_n3
fp_mul          net     intadd_15/n2            intadd_15_n2
fp_mul          net     intadd_15/n1            intadd_15_n1
fp_mul          net     intadd_16/A[2]          intadd_16_A_2_
fp_mul          net     intadd_16/A[1]          intadd_16_A_1_
fp_mul          net     intadd_16/A[0]          intadd_16_A_0_
fp_mul          net     intadd_16/B[2]          intadd_16_B_2_
fp_mul          net     intadd_16/B[1]          intadd_16_B_1_
fp_mul          net     intadd_16/B[0]          intadd_16_B_0_
fp_mul          net     intadd_16/CI            intadd_16_CI
fp_mul          net     intadd_16/SUM[2]        intadd_16_SUM_2_
fp_mul          net     intadd_16/SUM[1]        intadd_16_SUM_1_
fp_mul          net     intadd_16/SUM[0]        intadd_16_SUM_0_
fp_mul          net     intadd_16/n3            intadd_16_n3
fp_mul          net     intadd_16/n2            intadd_16_n2
fp_mul          net     intadd_16/n1            intadd_16_n1
fp_mul          net     intadd_17/A[2]          intadd_17_A_2_
fp_mul          net     intadd_17/A[1]          intadd_17_A_1_
fp_mul          net     intadd_17/A[0]          intadd_17_A_0_
fp_mul          net     intadd_17/B[2]          intadd_17_B_2_
fp_mul          net     intadd_17/B[1]          intadd_17_B_1_
fp_mul          net     intadd_17/B[0]          intadd_17_B_0_
fp_mul          net     intadd_17/CI            intadd_17_CI
fp_mul          net     intadd_17/SUM[2]        intadd_17_SUM_2_
fp_mul          net     intadd_17/SUM[1]        intadd_17_SUM_1_
fp_mul          net     intadd_17/SUM[0]        intadd_17_SUM_0_
fp_mul          net     intadd_17/n3            intadd_17_n3
fp_mul          net     intadd_17/n2            intadd_17_n2
fp_mul          net     intadd_17/n1            intadd_17_n1
fp_mul          net     intadd_18/A[2]          intadd_18_A_2_
fp_mul          net     intadd_18/A[1]          intadd_18_A_1_
fp_mul          net     intadd_18/A[0]          intadd_18_A_0_
fp_mul          net     intadd_18/B[2]          intadd_18_B_2_
fp_mul          net     intadd_18/B[1]          intadd_18_B_1_
fp_mul          net     intadd_18/B[0]          intadd_18_B_0_
fp_mul          net     intadd_18/CI            intadd_18_CI
fp_mul          net     intadd_18/SUM[2]        intadd_18_SUM_2_
fp_mul          net     intadd_18/SUM[1]        intadd_18_SUM_1_
fp_mul          net     intadd_18/SUM[0]        intadd_18_SUM_0_
fp_mul          net     intadd_18/n3            intadd_18_n3
fp_mul          net     intadd_18/n2            intadd_18_n2
fp_mul          net     intadd_18/n1            intadd_18_n1
fp_mul          net     intadd_19/A[2]          intadd_19_A_2_
fp_mul          net     intadd_19/A[1]          intadd_19_A_1_
fp_mul          net     intadd_19/A[0]          intadd_19_A_0_
fp_mul          net     intadd_19/B[2]          intadd_19_B_2_
fp_mul          net     intadd_19/B[1]          intadd_19_B_1_
fp_mul          net     intadd_19/B[0]          intadd_19_B_0_
fp_mul          net     intadd_19/CI            intadd_19_CI
fp_mul          net     intadd_19/SUM[2]        intadd_19_SUM_2_
fp_mul          net     intadd_19/SUM[1]        intadd_19_SUM_1_
fp_mul          net     intadd_19/SUM[0]        intadd_19_SUM_0_
fp_mul          net     intadd_19/n3            intadd_19_n3
fp_mul          net     intadd_19/n2            intadd_19_n2
fp_mul          net     intadd_19/n1            intadd_19_n1
fp_mul          net     intadd_20/A[2]          intadd_20_A_2_
fp_mul          net     intadd_20/A[1]          intadd_20_A_1_
fp_mul          net     intadd_20/A[0]          intadd_20_A_0_
fp_mul          net     intadd_20/B[2]          intadd_20_B_2_
fp_mul          net     intadd_20/B[1]          intadd_20_B_1_
fp_mul          net     intadd_20/B[0]          intadd_20_B_0_
fp_mul          net     intadd_20/CI            intadd_20_CI
fp_mul          net     intadd_20/SUM[2]        intadd_20_SUM_2_
fp_mul          net     intadd_20/SUM[1]        intadd_20_SUM_1_
fp_mul          net     intadd_20/SUM[0]        intadd_20_SUM_0_
fp_mul          net     intadd_20/n3            intadd_20_n3
fp_mul          net     intadd_20/n2            intadd_20_n2
fp_mul          net     intadd_20/n1            intadd_20_n1
fp_mul          net     intadd_0/SUM[20]        intadd_0_SUM_20_
fp_mul          net     intadd_0/SUM[19]        intadd_0_SUM_19_
fp_mul          net     intadd_0/SUM[18]        intadd_0_SUM_18_
fp_mul          net     intadd_0/SUM[17]        intadd_0_SUM_17_
fp_mul          net     intadd_0/SUM[16]        intadd_0_SUM_16_
fp_mul          net     intadd_0/SUM[15]        intadd_0_SUM_15_
fp_mul          net     intadd_0/SUM[14]        intadd_0_SUM_14_
fp_mul          net     intadd_0/SUM[13]        intadd_0_SUM_13_
fp_mul          net     intadd_0/SUM[12]        intadd_0_SUM_12_
fp_mul          net     intadd_0/SUM[11]        intadd_0_SUM_11_
fp_mul          net     intadd_0/SUM[10]        intadd_0_SUM_10_
fp_mul          net     intadd_0/SUM[8]         intadd_0_SUM_8_
fp_mul          net     intadd_0/SUM[7]         intadd_0_SUM_7_
fp_mul          net     intadd_0/SUM[5]         intadd_0_SUM_5_
fp_mul          net     intadd_0/SUM[4]         intadd_0_SUM_4_
fp_mul          net     intadd_0/SUM[3]         intadd_0_SUM_3_
fp_mul          net     intadd_0/SUM[2]         intadd_0_SUM_2_
fp_mul          net     intadd_0/SUM[1]         intadd_0_SUM_1_
fp_mul          net     intadd_0/n21            intadd_0_n21
fp_mul          net     intadd_0/n20            intadd_0_n20
fp_mul          net     intadd_0/n19            intadd_0_n19
fp_mul          net     intadd_0/n18            intadd_0_n18
fp_mul          net     intadd_0/n17            intadd_0_n17
fp_mul          net     intadd_0/n16            intadd_0_n16
fp_mul          net     intadd_0/n15            intadd_0_n15
fp_mul          net     intadd_0/n14            intadd_0_n14
fp_mul          net     intadd_0/n13            intadd_0_n13
fp_mul          net     intadd_0/n12            intadd_0_n12
fp_mul          net     intadd_0/n11            intadd_0_n11
fp_mul          net     intadd_0/n10            intadd_0_n10
fp_mul          net     intadd_0/n9             intadd_0_n9
fp_mul          net     intadd_0/n8             intadd_0_n8
fp_mul          net     intadd_0/n7             intadd_0_n7
fp_mul          net     intadd_0/n6             intadd_0_n6
fp_mul          net     intadd_0/n5             intadd_0_n5
fp_mul          net     intadd_0/n4             intadd_0_n4
fp_mul          net     intadd_0/n3             intadd_0_n3
fp_mul          net     intadd_0/n2             intadd_0_n2
fp_mul          net     intadd_0/n1             intadd_0_n1
fp_mul          net     intadd_1/A[16]          intadd_1_A_16_
fp_mul          net     intadd_1/A[15]          intadd_1_A_15_
fp_mul          net     intadd_1/A[13]          intadd_1_A_13_
fp_mul          net     intadd_1/A[12]          intadd_1_A_12_
fp_mul          net     intadd_1/A[11]          intadd_1_A_11_
fp_mul          net     intadd_1/A[10]          intadd_1_A_10_
fp_mul          net     intadd_1/A[9]           intadd_1_A_9_
fp_mul          net     intadd_1/A[8]           intadd_1_A_8_
fp_mul          net     intadd_1/A[7]           intadd_1_A_7_
fp_mul          net     intadd_1/A[6]           intadd_1_A_6_
fp_mul          net     intadd_1/A[5]           intadd_1_A_5_
fp_mul          net     intadd_1/A[4]           intadd_1_A_4_
fp_mul          net     intadd_1/A[3]           intadd_1_A_3_
fp_mul          net     intadd_1/A[2]           intadd_1_A_2_
fp_mul          net     intadd_1/A[1]           intadd_1_A_1_
fp_mul          net     intadd_1/A[0]           intadd_1_A_0_
fp_mul          net     intadd_1/B[14]          intadd_1_B_14_
fp_mul          net     intadd_1/B[13]          intadd_1_B_13_
fp_mul          net     intadd_1/B[12]          intadd_1_B_12_
fp_mul          net     intadd_1/B[11]          intadd_1_B_11_
fp_mul          net     intadd_1/B[10]          intadd_1_B_10_
fp_mul          net     intadd_1/B[9]           intadd_1_B_9_
fp_mul          net     intadd_1/B[8]           intadd_1_B_8_
fp_mul          net     intadd_1/B[7]           intadd_1_B_7_
fp_mul          net     intadd_1/B[6]           intadd_1_B_6_
fp_mul          net     intadd_1/B[5]           intadd_1_B_5_
fp_mul          net     intadd_1/B[4]           intadd_1_B_4_
fp_mul          net     intadd_1/B[3]           intadd_1_B_3_
fp_mul          net     intadd_1/B[2]           intadd_1_B_2_
fp_mul          net     intadd_1/B[1]           intadd_1_B_1_
fp_mul          net     intadd_1/B[0]           intadd_1_B_0_
fp_mul          net     intadd_1/CI             intadd_1_CI
fp_mul          net     intadd_1/SUM[16]        intadd_1_SUM_16_
fp_mul          net     intadd_1/SUM[15]        intadd_1_SUM_15_
fp_mul          net     intadd_1/SUM[14]        intadd_1_SUM_14_
fp_mul          net     intadd_1/SUM[13]        intadd_1_SUM_13_
fp_mul          net     intadd_1/SUM[12]        intadd_1_SUM_12_
fp_mul          net     intadd_1/SUM[11]        intadd_1_SUM_11_
fp_mul          net     intadd_1/SUM[10]        intadd_1_SUM_10_
fp_mul          net     intadd_1/SUM[9]         intadd_1_SUM_9_
fp_mul          net     intadd_1/SUM[8]         intadd_1_SUM_8_
fp_mul          net     intadd_1/SUM[7]         intadd_1_SUM_7_
fp_mul          net     intadd_1/SUM[6]         intadd_1_SUM_6_
fp_mul          net     intadd_1/SUM[5]         intadd_1_SUM_5_
fp_mul          net     intadd_1/SUM[4]         intadd_1_SUM_4_
fp_mul          net     intadd_1/SUM[3]         intadd_1_SUM_3_
fp_mul          net     intadd_1/SUM[2]         intadd_1_SUM_2_
fp_mul          net     intadd_1/SUM[1]         intadd_1_SUM_1_
fp_mul          net     intadd_1/SUM[0]         intadd_1_SUM_0_
fp_mul          net     intadd_1/n18            intadd_1_n18
fp_mul          net     intadd_1/n17            intadd_1_n17
fp_mul          net     intadd_1/n16            intadd_1_n16
fp_mul          net     intadd_1/n15            intadd_1_n15
fp_mul          net     intadd_1/n14            intadd_1_n14
fp_mul          net     intadd_1/n13            intadd_1_n13
fp_mul          net     intadd_1/n12            intadd_1_n12
fp_mul          net     intadd_1/n11            intadd_1_n11
fp_mul          net     intadd_1/n10            intadd_1_n10
fp_mul          net     intadd_1/n9             intadd_1_n9
fp_mul          net     intadd_1/n8             intadd_1_n8
fp_mul          net     intadd_1/n7             intadd_1_n7
fp_mul          net     intadd_1/n6             intadd_1_n6
fp_mul          net     intadd_1/n5             intadd_1_n5
fp_mul          net     intadd_1/n4             intadd_1_n4
fp_mul          net     intadd_1/n3             intadd_1_n3
fp_mul          net     intadd_1/n2             intadd_1_n2
fp_mul          net     intadd_2/A[17]          intadd_2_A_17_
fp_mul          net     intadd_2/A[16]          intadd_2_A_16_
fp_mul          net     intadd_2/A[15]          intadd_2_A_15_
fp_mul          net     intadd_2/A[14]          intadd_2_A_14_
fp_mul          net     intadd_2/A[13]          intadd_2_A_13_
fp_mul          net     intadd_2/A[12]          intadd_2_A_12_
fp_mul          net     intadd_2/A[11]          intadd_2_A_11_
fp_mul          net     intadd_2/A[10]          intadd_2_A_10_
fp_mul          net     intadd_2/A[9]           intadd_2_A_9_
fp_mul          net     intadd_2/A[8]           intadd_2_A_8_
fp_mul          net     intadd_2/A[7]           intadd_2_A_7_
fp_mul          net     intadd_2/A[6]           intadd_2_A_6_
fp_mul          net     intadd_2/A[5]           intadd_2_A_5_
fp_mul          net     intadd_2/A[4]           intadd_2_A_4_
fp_mul          net     intadd_2/A[3]           intadd_2_A_3_
fp_mul          net     intadd_2/A[2]           intadd_2_A_2_
fp_mul          net     intadd_2/A[1]           intadd_2_A_1_
fp_mul          net     intadd_2/A[0]           intadd_2_A_0_
fp_mul          net     intadd_2/B[17]          intadd_2_B_17_
fp_mul          net     intadd_2/B[16]          intadd_2_B_16_
fp_mul          net     intadd_2/B[15]          intadd_2_B_15_
fp_mul          net     intadd_2/B[14]          intadd_2_B_14_
fp_mul          net     intadd_2/B[13]          intadd_2_B_13_
fp_mul          net     intadd_2/B[12]          intadd_2_B_12_
fp_mul          net     intadd_2/B[11]          intadd_2_B_11_
fp_mul          net     intadd_2/B[10]          intadd_2_B_10_
fp_mul          net     intadd_2/B[9]           intadd_2_B_9_
fp_mul          net     intadd_2/B[8]           intadd_2_B_8_
fp_mul          net     intadd_2/B[7]           intadd_2_B_7_
fp_mul          net     intadd_2/B[6]           intadd_2_B_6_
fp_mul          net     intadd_2/B[5]           intadd_2_B_5_
fp_mul          net     intadd_2/B[4]           intadd_2_B_4_
fp_mul          net     intadd_2/B[3]           intadd_2_B_3_
fp_mul          net     intadd_2/B[2]           intadd_2_B_2_
fp_mul          net     intadd_2/B[1]           intadd_2_B_1_
fp_mul          net     intadd_2/B[0]           intadd_2_B_0_
fp_mul          net     intadd_2/CI             intadd_2_CI
fp_mul          net     intadd_2/SUM[17]        intadd_2_SUM_17_
fp_mul          net     intadd_2/SUM[16]        intadd_2_SUM_16_
fp_mul          net     intadd_2/SUM[15]        intadd_2_SUM_15_
fp_mul          net     intadd_2/SUM[14]        intadd_2_SUM_14_
fp_mul          net     intadd_2/SUM[13]        intadd_2_SUM_13_
fp_mul          net     intadd_2/SUM[12]        intadd_2_SUM_12_
fp_mul          net     intadd_2/SUM[11]        intadd_2_SUM_11_
fp_mul          net     intadd_2/SUM[10]        intadd_2_SUM_10_
fp_mul          net     intadd_2/SUM[9]         intadd_2_SUM_9_
fp_mul          net     intadd_2/SUM[8]         intadd_2_SUM_8_
fp_mul          net     intadd_2/SUM[7]         intadd_2_SUM_7_
fp_mul          net     intadd_2/SUM[6]         intadd_2_SUM_6_
fp_mul          net     intadd_2/SUM[5]         intadd_2_SUM_5_
fp_mul          net     intadd_2/SUM[4]         intadd_2_SUM_4_
fp_mul          net     intadd_2/SUM[3]         intadd_2_SUM_3_
fp_mul          net     intadd_2/SUM[2]         intadd_2_SUM_2_
fp_mul          net     intadd_2/SUM[1]         intadd_2_SUM_1_
fp_mul          net     intadd_2/SUM[0]         intadd_2_SUM_0_
fp_mul          net     intadd_2/n18            intadd_2_n18
fp_mul          net     intadd_2/n17            intadd_2_n17
fp_mul          net     intadd_2/n16            intadd_2_n16
fp_mul          net     intadd_2/n15            intadd_2_n15
fp_mul          net     intadd_2/n14            intadd_2_n14
fp_mul          net     intadd_2/n13            intadd_2_n13
fp_mul          net     intadd_2/n12            intadd_2_n12
fp_mul          net     intadd_2/n11            intadd_2_n11
fp_mul          net     intadd_2/n10            intadd_2_n10
fp_mul          net     intadd_2/n9             intadd_2_n9
fp_mul          net     intadd_2/n8             intadd_2_n8
fp_mul          net     intadd_2/n7             intadd_2_n7
fp_mul          net     intadd_2/n6             intadd_2_n6
fp_mul          net     intadd_2/n5             intadd_2_n5
fp_mul          net     intadd_2/n4             intadd_2_n4
fp_mul          net     intadd_2/n3             intadd_2_n3
fp_mul          net     intadd_2/n2             intadd_2_n2
fp_mul          net     intadd_2/n1             intadd_2_n1
fp_mul          net     intadd_3/A[16]          intadd_3_A_16_
fp_mul          net     intadd_3/A[15]          intadd_3_A_15_
fp_mul          net     intadd_3/A[14]          intadd_3_A_14_
fp_mul          net     intadd_3/A[2]           intadd_3_A_2_
fp_mul          net     intadd_3/A[1]           intadd_3_A_1_
fp_mul          net     intadd_3/A[0]           intadd_3_A_0_
fp_mul          net     intadd_3/B[13]          intadd_3_B_13_
fp_mul          net     intadd_3/B[12]          intadd_3_B_12_
fp_mul          net     intadd_3/B[11]          intadd_3_B_11_
fp_mul          net     intadd_3/B[10]          intadd_3_B_10_
fp_mul          net     intadd_3/B[9]           intadd_3_B_9_
fp_mul          net     intadd_3/B[8]           intadd_3_B_8_
fp_mul          net     intadd_3/B[7]           intadd_3_B_7_
fp_mul          net     intadd_3/B[6]           intadd_3_B_6_
fp_mul          net     intadd_3/B[5]           intadd_3_B_5_
fp_mul          net     intadd_3/B[4]           intadd_3_B_4_
fp_mul          net     intadd_3/B[3]           intadd_3_B_3_
fp_mul          net     intadd_3/B[2]           intadd_3_B_2_
fp_mul          net     intadd_3/B[1]           intadd_3_B_1_
fp_mul          net     intadd_3/B[0]           intadd_3_B_0_
fp_mul          net     intadd_3/CI             intadd_3_CI
fp_mul          net     intadd_3/SUM[16]        intadd_3_SUM_16_
fp_mul          net     intadd_3/SUM[15]        intadd_3_SUM_15_
fp_mul          net     intadd_3/n17            intadd_3_n17
fp_mul          net     intadd_3/n16            intadd_3_n16
fp_mul          net     intadd_3/n15            intadd_3_n15
fp_mul          net     intadd_3/n14            intadd_3_n14
fp_mul          net     intadd_3/n13            intadd_3_n13
fp_mul          net     intadd_3/n12            intadd_3_n12
fp_mul          net     intadd_3/n11            intadd_3_n11
fp_mul          net     intadd_3/n10            intadd_3_n10
fp_mul          net     intadd_3/n9             intadd_3_n9
fp_mul          net     intadd_3/n8             intadd_3_n8
fp_mul          net     intadd_3/n7             intadd_3_n7
fp_mul          net     intadd_3/n6             intadd_3_n6
fp_mul          net     intadd_3/n5             intadd_3_n5
fp_mul          net     intadd_3/n4             intadd_3_n4
fp_mul          net     intadd_3/n3             intadd_3_n3
fp_mul          net     intadd_3/n2             intadd_3_n2
fp_mul          net     intadd_3/n1             intadd_3_n1
fp_mul          net     intadd_4/A[14]          intadd_4_A_14_
fp_mul          net     intadd_4/A[13]          intadd_4_A_13_
fp_mul          net     intadd_4/A[11]          intadd_4_A_11_
fp_mul          net     intadd_4/A[10]          intadd_4_A_10_
fp_mul          net     intadd_4/A[9]           intadd_4_A_9_
fp_mul          net     intadd_4/A[7]           intadd_4_A_7_
fp_mul          net     intadd_4/A[6]           intadd_4_A_6_
fp_mul          net     intadd_4/A[5]           intadd_4_A_5_
fp_mul          net     intadd_4/A[2]           intadd_4_A_2_
fp_mul          net     intadd_4/A[1]           intadd_4_A_1_
fp_mul          net     intadd_4/A[0]           intadd_4_A_0_
fp_mul          net     intadd_4/B[8]           intadd_4_B_8_
fp_mul          net     intadd_4/B[4]           intadd_4_B_4_
fp_mul          net     intadd_4/B[3]           intadd_4_B_3_
fp_mul          net     intadd_4/B[2]           intadd_4_B_2_
fp_mul          net     intadd_4/B[1]           intadd_4_B_1_
fp_mul          net     intadd_4/B[0]           intadd_4_B_0_
fp_mul          net     intadd_4/CI             intadd_4_CI
fp_mul          net     intadd_4/SUM[14]        intadd_4_SUM_14_
fp_mul          net     intadd_4/SUM[13]        intadd_4_SUM_13_
fp_mul          net     intadd_4/SUM[12]        intadd_4_SUM_12_
fp_mul          net     intadd_4/SUM[8]         intadd_4_SUM_8_
fp_mul          net     intadd_4/SUM[7]         intadd_4_SUM_7_
fp_mul          net     intadd_4/SUM[6]         intadd_4_SUM_6_
fp_mul          net     intadd_4/SUM[5]         intadd_4_SUM_5_
fp_mul          net     intadd_4/SUM[4]         intadd_4_SUM_4_
fp_mul          net     intadd_4/SUM[3]         intadd_4_SUM_3_
fp_mul          net     intadd_4/SUM[2]         intadd_4_SUM_2_
fp_mul          net     intadd_4/SUM[1]         intadd_4_SUM_1_
fp_mul          net     intadd_4/SUM[0]         intadd_4_SUM_0_
fp_mul          net     intadd_4/n15            intadd_4_n15
fp_mul          net     intadd_4/n14            intadd_4_n14
fp_mul          net     intadd_4/n13            intadd_4_n13
fp_mul          net     intadd_4/n12            intadd_4_n12
fp_mul          net     intadd_4/n11            intadd_4_n11
fp_mul          net     intadd_4/n10            intadd_4_n10
fp_mul          net     intadd_4/n9             intadd_4_n9
fp_mul          net     intadd_4/n8             intadd_4_n8
fp_mul          net     intadd_4/n7             intadd_4_n7
fp_mul          net     intadd_4/n6             intadd_4_n6
fp_mul          net     intadd_4/n5             intadd_4_n5
fp_mul          net     intadd_4/n4             intadd_4_n4
fp_mul          net     intadd_4/n3             intadd_4_n3
fp_mul          net     intadd_4/n2             intadd_4_n2
fp_mul          net     intadd_4/n1             intadd_4_n1
fp_mul          net     intadd_5/A[11]          intadd_5_A_11_
fp_mul          net     intadd_5/A[10]          intadd_5_A_10_
fp_mul          net     intadd_5/A[8]           intadd_5_A_8_
fp_mul          net     intadd_5/A[7]           intadd_5_A_7_
fp_mul          net     intadd_5/A[5]           intadd_5_A_5_
fp_mul          net     intadd_5/A[4]           intadd_5_A_4_
fp_mul          net     intadd_5/A[3]           intadd_5_A_3_
fp_mul          net     intadd_5/A[2]           intadd_5_A_2_
fp_mul          net     intadd_5/A[1]           intadd_5_A_1_
fp_mul          net     intadd_5/A[0]           intadd_5_A_0_
fp_mul          net     intadd_5/B[2]           intadd_5_B_2_
fp_mul          net     intadd_5/B[1]           intadd_5_B_1_
fp_mul          net     intadd_5/B[0]           intadd_5_B_0_
fp_mul          net     intadd_5/CI             intadd_5_CI
fp_mul          net     intadd_5/SUM[11]        intadd_5_SUM_11_
fp_mul          net     intadd_5/SUM[10]        intadd_5_SUM_10_
fp_mul          net     intadd_5/SUM[9]         intadd_5_SUM_9_
fp_mul          net     intadd_5/SUM[2]         intadd_5_SUM_2_
fp_mul          net     intadd_5/n12            intadd_5_n12
fp_mul          net     intadd_5/n11            intadd_5_n11
fp_mul          net     intadd_5/n10            intadd_5_n10
fp_mul          net     intadd_5/n9             intadd_5_n9
fp_mul          net     intadd_5/n8             intadd_5_n8
fp_mul          net     intadd_5/n7             intadd_5_n7
fp_mul          net     intadd_5/n6             intadd_5_n6
fp_mul          net     intadd_5/n5             intadd_5_n5
fp_mul          net     intadd_5/n4             intadd_5_n4
fp_mul          net     intadd_5/n3             intadd_5_n3
fp_mul          net     intadd_5/n2             intadd_5_n2
fp_mul          net     intadd_5/n1             intadd_5_n1
fp_mul          net     intadd_6/A[10]          intadd_6_A_10_
fp_mul          net     intadd_6/A[9]           intadd_6_A_9_
fp_mul          net     intadd_6/A[8]           intadd_6_A_8_
fp_mul          net     intadd_6/A[2]           intadd_6_A_2_
fp_mul          net     intadd_6/A[1]           intadd_6_A_1_
fp_mul          net     intadd_6/A[0]           intadd_6_A_0_
fp_mul          net     intadd_6/B[7]           intadd_6_B_7_
fp_mul          net     intadd_6/B[6]           intadd_6_B_6_
fp_mul          net     intadd_6/B[5]           intadd_6_B_5_
fp_mul          net     intadd_6/B[4]           intadd_6_B_4_
fp_mul          net     intadd_6/B[3]           intadd_6_B_3_
fp_mul          net     intadd_6/B[2]           intadd_6_B_2_
fp_mul          net     intadd_6/B[1]           intadd_6_B_1_
fp_mul          net     intadd_6/B[0]           intadd_6_B_0_
fp_mul          net     intadd_6/CI             intadd_6_CI
fp_mul          net     intadd_6/n11            intadd_6_n11
fp_mul          net     intadd_6/n10            intadd_6_n10
fp_mul          net     intadd_6/n9             intadd_6_n9
fp_mul          net     intadd_6/n8             intadd_6_n8
fp_mul          net     intadd_6/n7             intadd_6_n7
fp_mul          net     intadd_6/n6             intadd_6_n6
fp_mul          net     intadd_6/n5             intadd_6_n5
fp_mul          net     intadd_6/n4             intadd_6_n4
fp_mul          net     intadd_6/n3             intadd_6_n3
fp_mul          net     intadd_6/n2             intadd_6_n2
fp_mul          net     intadd_6/n1             intadd_6_n1
fp_mul          net     intadd_7/A[10]          intadd_7_A_10_
fp_mul          net     intadd_7/A[9]           intadd_7_A_9_
fp_mul          net     intadd_7/A[7]           intadd_7_A_7_
fp_mul          net     intadd_7/A[6]           intadd_7_A_6_
fp_mul          net     intadd_7/A[5]           intadd_7_A_5_
fp_mul          net     intadd_7/A[4]           intadd_7_A_4_
fp_mul          net     intadd_7/A[3]           intadd_7_A_3_
fp_mul          net     intadd_7/A[2]           intadd_7_A_2_
fp_mul          net     intadd_7/A[1]           intadd_7_A_1_
fp_mul          net     intadd_7/B[4]           intadd_7_B_4_
fp_mul          net     intadd_7/B[3]           intadd_7_B_3_
fp_mul          net     intadd_7/B[2]           intadd_7_B_2_
fp_mul          net     intadd_7/B[1]           intadd_7_B_1_
fp_mul          net     intadd_7/CI             intadd_7_CI
fp_mul          net     intadd_7/SUM[10]        intadd_7_SUM_10_
fp_mul          net     intadd_7/SUM[9]         intadd_7_SUM_9_
fp_mul          net     intadd_7/SUM[8]         intadd_7_SUM_8_
fp_mul          net     intadd_7/n11            intadd_7_n11
fp_mul          net     intadd_7/n10            intadd_7_n10
fp_mul          net     intadd_7/n9             intadd_7_n9
fp_mul          net     intadd_7/n8             intadd_7_n8
fp_mul          net     intadd_7/n7             intadd_7_n7
fp_mul          net     intadd_7/n6             intadd_7_n6
fp_mul          net     intadd_7/n5             intadd_7_n5
fp_mul          net     intadd_7/n4             intadd_7_n4
fp_mul          net     intadd_7/n3             intadd_7_n3
fp_mul          net     intadd_7/n2             intadd_7_n2
fp_mul          net     intadd_7/n1             intadd_7_n1
fp_mul          net     intadd_8/A[7]           intadd_8_A_7_
fp_mul          net     intadd_8/A[6]           intadd_8_A_6_
fp_mul          net     intadd_8/A[5]           intadd_8_A_5_
fp_mul          net     intadd_8/A[4]           intadd_8_A_4_
fp_mul          net     intadd_8/A[3]           intadd_8_A_3_
fp_mul          net     intadd_8/A[2]           intadd_8_A_2_
fp_mul          net     intadd_8/A[1]           intadd_8_A_1_
fp_mul          net     intadd_8/B[4]           intadd_8_B_4_
fp_mul          net     intadd_8/B[3]           intadd_8_B_3_
fp_mul          net     intadd_8/B[2]           intadd_8_B_2_
fp_mul          net     intadd_8/B[1]           intadd_8_B_1_
fp_mul          net     intadd_8/B[0]           intadd_8_B_0_
fp_mul          net     intadd_8/CI             intadd_8_CI
fp_mul          net     intadd_8/SUM[7]         intadd_8_SUM_7_
fp_mul          net     intadd_8/SUM[6]         intadd_8_SUM_6_
fp_mul          net     intadd_8/SUM[5]         intadd_8_SUM_5_
fp_mul          net     intadd_8/n8             intadd_8_n8
fp_mul          net     intadd_8/n7             intadd_8_n7
fp_mul          net     intadd_8/n6             intadd_8_n6
fp_mul          net     intadd_8/n5             intadd_8_n5
fp_mul          net     intadd_8/n4             intadd_8_n4
fp_mul          net     intadd_8/n3             intadd_8_n3
fp_mul          net     intadd_8/n2             intadd_8_n2
fp_mul          net     intadd_8/n1             intadd_8_n1
fp_mul          net     intadd_9/A[3]           intadd_9_A_3_
fp_mul          net     intadd_9/A[2]           intadd_9_A_2_
fp_mul          net     intadd_9/A[1]           intadd_9_A_1_
fp_mul          net     intadd_9/B[3]           intadd_9_B_3_
fp_mul          net     intadd_9/B[2]           intadd_9_B_2_
fp_mul          net     intadd_9/B[1]           intadd_9_B_1_
fp_mul          net     intadd_9/B[0]           intadd_9_B_0_
fp_mul          net     intadd_9/CI             intadd_9_CI
fp_mul          net     intadd_9/SUM[6]         intadd_9_SUM_6_
fp_mul          net     intadd_9/SUM[3]         intadd_9_SUM_3_
fp_mul          net     intadd_9/SUM[2]         intadd_9_SUM_2_
fp_mul          net     intadd_9/n7             intadd_9_n7
fp_mul          net     intadd_9/n6             intadd_9_n6
fp_mul          net     intadd_9/n5             intadd_9_n5
fp_mul          net     intadd_9/n4             intadd_9_n4
fp_mul          net     n19                     n1900
fp_mul          net     n27                     n2700
fp_mul          net     n28                     n2800
fp_mul          net     n29                     n2900
fp_mul          net     n30                     n3000
fp_mul          net     n31                     n3100
fp_mul          net     n32                     n3200
fp_mul          net     n40                     n4000
fp_mul          net     n41                     n4100
fp_mul          net     n42                     n4200
fp_mul          net     n44                     n4400
fp_mul          net     n45                     n4500
fp_mul          net     n47                     n4700
fp_mul          net     n48                     n4800
fp_mul          net     n49                     n4900
fp_mul          net     n50                     n5000
fp_mul          net     n51                     n5100
fp_mul          net     n52                     n5200
fp_mul          net     n53                     n5300
fp_mul          net     n55                     n5500
fp_mul          net     n56                     n560
fp_mul          net     n57                     n5700
fp_mul          net     n58                     n5800
fp_mul          net     n59                     n5900
fp_mul          net     n60                     n6000
fp_mul          net     n61                     n6100
fp_mul          net     n63                     n6300
fp_mul          net     n64                     n6400
fp_mul          net     n65                     n6500
fp_mul          net     n66                     n6600
fp_mul          net     n67                     n6700
fp_mul          net     n68                     n6800
fp_mul          net     n69                     n6900
fp_mul          net     n70                     n7000
fp_mul          net     n72                     n7200
fp_mul          net     n73                     n7300
fp_mul          net     n74                     n7400
fp_mul          net     n75                     n7500
fp_mul          net     n77                     n7700
fp_mul          net     n79                     n7900
fp_mul          net     n82                     n8200
fp_mul          net     n83                     n8300
fp_mul          net     n86                     n8600
fp_mul          net     n87                     n8700
fp_mul          net     n89                     n8900
fp_mul          net     n90                     n9000
fp_mul          net     n91                     n9100
fp_mul          net     n92                     n9200
fp_mul          net     n93                     n930
fp_mul          net     n94                     n9400
fp_mul          net     n95                     n9500
fp_mul          net     n96                     n9600
fp_mul          net     n97                     n9700
fp_mul          net     n98                     n9800
fp_mul          net     n99                     n9900
fp_mul          net     n100                    n10000
fp_mul          net     n101                    n10100
fp_mul          net     n102                    n10200
fp_mul          net     n103                    n10300
fp_mul          net     n105                    n10500
fp_mul          net     n132                    n1320
fp_mul          net     n133                    n1330
fp_mul          net     n139                    n1390
fp_mul          net     n140                    n1400
fp_mul          net     n143                    n1430
fp_mul          net     n144                    n1440
fp_mul          net     n145                    n1450
fp_mul          net     n146                    n1460
fp_mul          net     n147                    n1470
fp_mul          net     n148                    n1480
fp_mul          net     n149                    n1490
fp_mul          net     n150                    n1500
fp_mul          net     n151                    n1510
fp_mul          net     n153                    n1530
fp_mul          net     n154                    n1540
fp_mul          net     n155                    n1550
fp_mul          net     n156                    n1560
fp_mul          net     n157                    n1570
fp_mul          net     n158                    n1580
fp_mul          net     n159                    n1590
fp_mul          net     n160                    n1600
fp_mul          net     n161                    n1610
fp_mul          net     n162                    n1620
fp_mul          net     n190                    n1901
fp_mul          net     n270                    n2701
fp_mul          net     n280                    n2801
fp_mul          net     n290                    n2901
fp_mul          net     n300                    n3001
fp_mul          net     n310                    n3101
fp_mul          net     n320                    n3201
fp_mul          net     n400                    n4001
fp_mul          net     n410                    n4101
fp_mul          net     n420                    n4201
fp_mul          net     n440                    n4401
fp_mul          net     n450                    n4501
fp_mul          net     n470                    n4701
fp_mul          net     n480                    n4801
fp_mul          net     n490                    n4901
fp_mul          net     n500                    n5001
fp_mul          net     n510                    n5101
fp_mul          net     n520                    n5201
fp_mul          net     n530                    n5301
fp_mul          net     n550                    n5501
fp_mul          net     n570                    n5701
fp_mul          net     n580                    n5801
fp_mul          net     n590                    n5901
fp_mul          net     n600                    n6001
fp_mul          net     n610                    n6101
fp_mul          net     n630                    n6301
fp_mul          net     n640                    n6401
fp_mul          net     n650                    n6501
fp_mul          net     n660                    n6601
fp_mul          net     n670                    n6701
fp_mul          net     n680                    n6801
fp_mul          net     n690                    n6901
fp_mul          net     n700                    n7001
fp_mul          net     n720                    n7201
fp_mul          net     n730                    n7301
fp_mul          net     n740                    n7401
fp_mul          net     n750                    n7501
fp_mul          net     n770                    n7701
fp_mul          net     n790                    n7901
fp_mul          net     n820                    n8201
fp_mul          net     n830                    n8301
fp_mul          net     n860                    n8601
fp_mul          net     n870                    n8701
fp_mul          net     n890                    n8901
fp_mul          net     n900                    n9001
fp_mul          net     n910                    n9101
fp_mul          net     n920                    n9201
fp_mul          net     n940                    n9401
fp_mul          net     n950                    n9501
fp_mul          net     n960                    n9601
fp_mul          net     n970                    n9701
fp_mul          net     n980                    n9801
fp_mul          net     n990                    n9901
fp_mul          net     n1000                   n10001
fp_mul          net     n1010                   n10101
fp_mul          net     n1020                   n10201
fp_mul          net     n1030                   n10301
fp_mul          net     n1050                   n10501
1
