 
****************************************
Report : area
Design : fp_mul
Version: T-2022.03-SP3
Date   : Mon Nov 18 20:09:29 2024
****************************************

Library(s) Used:

    saed32rvt_tt1p05v25c (File: /afs/umich.edu/class/eecs598-002/SAED32/SAED32_EDK/lib/stdcell_rvt/db_ccs/saed32rvt_tt1p05v25c.db)

Number of ports:                          100
Number of nets:                          1952
Number of cells:                         1637
Number of combinational cells:           1500
Number of sequential cells:               134
Number of macros/black boxes:               0
Number of buf/inv:                        110
Number of references:                      51

Combinational area:               4108.491893
Buf/Inv area:                      155.281985
Noncombinational area:             901.702938
Macro/Black Box area:                0.000000
Net Interconnect area:            1347.944640

Total cell area:                  5010.194831
Total area:                       6358.139471
1
