Information: Updating graph... (UID-83)
Warning: Design 'fp_mul' contains 1 high-fanout nets. A fanout number of 1000 will be used for delay calculations involving these nets. (TIM-134)
 
****************************************
Report : net fanout
        -high_fanout
Design : fp_mul
Version: V-2023.12-SP5
Date   : Tue Nov 12 13:34:59 2024
****************************************


Operating Conditions: nom_pvt   Library: dw_foundation.sldb
Wire Load Model Mode: top


Attributes:
   dr - drc disabled
    c - annotated capacitance
    d - dont_touch
    i - ideal_net
    I - ideal_network
    p - includes pin load
    r - annotated resistance
    h - high fanout

Net                 Fanout   Attributes   Capacitance   Driver
--------------------------------------------------------------------------------
n_Logic0_             1181   dr, h         1001.00      U2/**logic_0**
1
