 
****************************************
Report : timing
        -path full_clock
        -delay max
        -nets
        -max_paths 30
        -transition_time
Design : fp_mul
Version: V-2023.12-SP5
Date   : Tue Nov 12 13:34:59 2024
****************************************

 # A fanout number of 1000 was used for high fanout net computations.

Operating Conditions: nom_pvt   Library: dw_foundation.sldb
Wire Load Model Mode: top

  Startpoint: product_mat_ff_reg_47_
              (rising edge-triggered flip-flop clocked by core_clk)
  Endpoint: odata_exp_ff_reg_7_
            (rising edge-triggered flip-flop clocked by core_clk)
  Path Group: core_clk
  Path Type: max

Attributes:
    d - dont_touch
    u - dont_use
   mo - map_only
   so - size_only
    i - ideal_net or ideal_network
  inf - infeasible path

  Point                                   Fanout     Trans      Incr       Path      Attributes
  -----------------------------------------------------------------------------------------------------
  clock core_clk (rise edge)                                    0.00       0.00
  clock network delay (ideal)                                   0.10       0.10
  product_mat_ff_reg_47_/clocked_on (**SEQGEN**)      0.08      0.00       0.10 r
  product_mat_ff_reg_47_/Q (**SEQGEN**)               0.00      0.00       0.10 r
  product_mat_ff[47] (net)                  3                   0.00       0.10 r
  B_1/Z (GTECH_BUF)                                   0.00      0.00       0.10 r    d 
  N1 (net)                                  2                   0.00       0.10 r
  C301/Z_7 (*SELECT_OP_2.8_2.1_8)                     0.00      0.00       0.10 r
  odata_exp[7] (net)                        1                   0.00       0.10 r
  C304/Z_7 (*SELECT_OP_2.8_2.1_8)                     0.00      0.00       0.10 r
  N139 (net)                                1                   0.00       0.10 r
  odata_exp_ff_reg_7_/next_state (**SEQGEN**)         0.00      0.00       0.10 r
  data arrival time                                                        0.10

  clock core_clk (rise edge)                                    9.80       9.80
  clock network delay (ideal)                                   0.10       9.90
  clock uncertainty                                            -0.98       8.92
  odata_exp_ff_reg_7_/clocked_on (**SEQGEN**)                   0.00       8.92 r
  library setup time                                            0.00       8.92
  data required time                                                       8.92
  -----------------------------------------------------------------------------------------------------
  data required time                                                       8.92
  data arrival time                                                       -0.10
  -----------------------------------------------------------------------------------------------------
  slack (MET)                                                              8.82


  Startpoint: product_mat_ff_reg_47_
              (rising edge-triggered flip-flop clocked by core_clk)
  Endpoint: odata_exp_ff_reg_6_
            (rising edge-triggered flip-flop clocked by core_clk)
  Path Group: core_clk
  Path Type: max

Attributes:
    d - dont_touch
    u - dont_use
   mo - map_only
   so - size_only
    i - ideal_net or ideal_network
  inf - infeasible path

  Point                                   Fanout     Trans      Incr       Path      Attributes
  -----------------------------------------------------------------------------------------------------
  clock core_clk (rise edge)                                    0.00       0.00
  clock network delay (ideal)                                   0.10       0.10
  product_mat_ff_reg_47_/clocked_on (**SEQGEN**)      0.08      0.00       0.10 r
  product_mat_ff_reg_47_/Q (**SEQGEN**)               0.00      0.00       0.10 r
  product_mat_ff[47] (net)                  3                   0.00       0.10 r
  B_1/Z (GTECH_BUF)                                   0.00      0.00       0.10 r    d 
  N1 (net)                                  2                   0.00       0.10 r
  C301/Z_6 (*SELECT_OP_2.8_2.1_8)                     0.00      0.00       0.10 r
  odata_exp[6] (net)                        1                   0.00       0.10 r
  C304/Z_6 (*SELECT_OP_2.8_2.1_8)                     0.00      0.00       0.10 r
  N138 (net)                                1                   0.00       0.10 r
  odata_exp_ff_reg_6_/next_state (**SEQGEN**)         0.00      0.00       0.10 r
  data arrival time                                                        0.10

  clock core_clk (rise edge)                                    9.80       9.80
  clock network delay (ideal)                                   0.10       9.90
  clock uncertainty                                            -0.98       8.92
  odata_exp_ff_reg_6_/clocked_on (**SEQGEN**)                   0.00       8.92 r
  library setup time                                            0.00       8.92
  data required time                                                       8.92
  -----------------------------------------------------------------------------------------------------
  data required time                                                       8.92
  data arrival time                                                       -0.10
  -----------------------------------------------------------------------------------------------------
  slack (MET)                                                              8.82


  Startpoint: product_mat_ff_reg_47_
              (rising edge-triggered flip-flop clocked by core_clk)
  Endpoint: odata_exp_ff_reg_5_
            (rising edge-triggered flip-flop clocked by core_clk)
  Path Group: core_clk
  Path Type: max

Attributes:
    d - dont_touch
    u - dont_use
   mo - map_only
   so - size_only
    i - ideal_net or ideal_network
  inf - infeasible path

  Point                                   Fanout     Trans      Incr       Path      Attributes
  -----------------------------------------------------------------------------------------------------
  clock core_clk (rise edge)                                    0.00       0.00
  clock network delay (ideal)                                   0.10       0.10
  product_mat_ff_reg_47_/clocked_on (**SEQGEN**)      0.08      0.00       0.10 r
  product_mat_ff_reg_47_/Q (**SEQGEN**)               0.00      0.00       0.10 r
  product_mat_ff[47] (net)                  3                   0.00       0.10 r
  B_1/Z (GTECH_BUF)                                   0.00      0.00       0.10 r    d 
  N1 (net)                                  2                   0.00       0.10 r
  C301/Z_5 (*SELECT_OP_2.8_2.1_8)                     0.00      0.00       0.10 r
  odata_exp[5] (net)                        1                   0.00       0.10 r
  C304/Z_5 (*SELECT_OP_2.8_2.1_8)                     0.00      0.00       0.10 r
  N137 (net)                                1                   0.00       0.10 r
  odata_exp_ff_reg_5_/next_state (**SEQGEN**)         0.00      0.00       0.10 r
  data arrival time                                                        0.10

  clock core_clk (rise edge)                                    9.80       9.80
  clock network delay (ideal)                                   0.10       9.90
  clock uncertainty                                            -0.98       8.92
  odata_exp_ff_reg_5_/clocked_on (**SEQGEN**)                   0.00       8.92 r
  library setup time                                            0.00       8.92
  data required time                                                       8.92
  -----------------------------------------------------------------------------------------------------
  data required time                                                       8.92
  data arrival time                                                       -0.10
  -----------------------------------------------------------------------------------------------------
  slack (MET)                                                              8.82


  Startpoint: product_mat_ff_reg_47_
              (rising edge-triggered flip-flop clocked by core_clk)
  Endpoint: odata_exp_ff_reg_4_
            (rising edge-triggered flip-flop clocked by core_clk)
  Path Group: core_clk
  Path Type: max

Attributes:
    d - dont_touch
    u - dont_use
   mo - map_only
   so - size_only
    i - ideal_net or ideal_network
  inf - infeasible path

  Point                                   Fanout     Trans      Incr       Path      Attributes
  -----------------------------------------------------------------------------------------------------
  clock core_clk (rise edge)                                    0.00       0.00
  clock network delay (ideal)                                   0.10       0.10
  product_mat_ff_reg_47_/clocked_on (**SEQGEN**)      0.08      0.00       0.10 r
  product_mat_ff_reg_47_/Q (**SEQGEN**)               0.00      0.00       0.10 r
  product_mat_ff[47] (net)                  3                   0.00       0.10 r
  B_1/Z (GTECH_BUF)                                   0.00      0.00       0.10 r    d 
  N1 (net)                                  2                   0.00       0.10 r
  C301/Z_4 (*SELECT_OP_2.8_2.1_8)                     0.00      0.00       0.10 r
  odata_exp[4] (net)                        1                   0.00       0.10 r
  C304/Z_4 (*SELECT_OP_2.8_2.1_8)                     0.00      0.00       0.10 r
  N136 (net)                                1                   0.00       0.10 r
  odata_exp_ff_reg_4_/next_state (**SEQGEN**)         0.00      0.00       0.10 r
  data arrival time                                                        0.10

  clock core_clk (rise edge)                                    9.80       9.80
  clock network delay (ideal)                                   0.10       9.90
  clock uncertainty                                            -0.98       8.92
  odata_exp_ff_reg_4_/clocked_on (**SEQGEN**)                   0.00       8.92 r
  library setup time                                            0.00       8.92
  data required time                                                       8.92
  -----------------------------------------------------------------------------------------------------
  data required time                                                       8.92
  data arrival time                                                       -0.10
  -----------------------------------------------------------------------------------------------------
  slack (MET)                                                              8.82


  Startpoint: product_mat_ff_reg_47_
              (rising edge-triggered flip-flop clocked by core_clk)
  Endpoint: odata_exp_ff_reg_3_
            (rising edge-triggered flip-flop clocked by core_clk)
  Path Group: core_clk
  Path Type: max

Attributes:
    d - dont_touch
    u - dont_use
   mo - map_only
   so - size_only
    i - ideal_net or ideal_network
  inf - infeasible path

  Point                                   Fanout     Trans      Incr       Path      Attributes
  -----------------------------------------------------------------------------------------------------
  clock core_clk (rise edge)                                    0.00       0.00
  clock network delay (ideal)                                   0.10       0.10
  product_mat_ff_reg_47_/clocked_on (**SEQGEN**)      0.08      0.00       0.10 r
  product_mat_ff_reg_47_/Q (**SEQGEN**)               0.00      0.00       0.10 r
  product_mat_ff[47] (net)                  3                   0.00       0.10 r
  B_1/Z (GTECH_BUF)                                   0.00      0.00       0.10 r    d 
  N1 (net)                                  2                   0.00       0.10 r
  C301/Z_3 (*SELECT_OP_2.8_2.1_8)                     0.00      0.00       0.10 r
  odata_exp[3] (net)                        1                   0.00       0.10 r
  C304/Z_3 (*SELECT_OP_2.8_2.1_8)                     0.00      0.00       0.10 r
  N135 (net)                                1                   0.00       0.10 r
  odata_exp_ff_reg_3_/next_state (**SEQGEN**)         0.00      0.00       0.10 r
  data arrival time                                                        0.10

  clock core_clk (rise edge)                                    9.80       9.80
  clock network delay (ideal)                                   0.10       9.90
  clock uncertainty                                            -0.98       8.92
  odata_exp_ff_reg_3_/clocked_on (**SEQGEN**)                   0.00       8.92 r
  library setup time                                            0.00       8.92
  data required time                                                       8.92
  -----------------------------------------------------------------------------------------------------
  data required time                                                       8.92
  data arrival time                                                       -0.10
  -----------------------------------------------------------------------------------------------------
  slack (MET)                                                              8.82


  Startpoint: product_mat_ff_reg_47_
              (rising edge-triggered flip-flop clocked by core_clk)
  Endpoint: odata_exp_ff_reg_2_
            (rising edge-triggered flip-flop clocked by core_clk)
  Path Group: core_clk
  Path Type: max

Attributes:
    d - dont_touch
    u - dont_use
   mo - map_only
   so - size_only
    i - ideal_net or ideal_network
  inf - infeasible path

  Point                                   Fanout     Trans      Incr       Path      Attributes
  -----------------------------------------------------------------------------------------------------
  clock core_clk (rise edge)                                    0.00       0.00
  clock network delay (ideal)                                   0.10       0.10
  product_mat_ff_reg_47_/clocked_on (**SEQGEN**)      0.08      0.00       0.10 r
  product_mat_ff_reg_47_/Q (**SEQGEN**)               0.00      0.00       0.10 r
  product_mat_ff[47] (net)                  3                   0.00       0.10 r
  B_1/Z (GTECH_BUF)                                   0.00      0.00       0.10 r    d 
  N1 (net)                                  2                   0.00       0.10 r
  C301/Z_2 (*SELECT_OP_2.8_2.1_8)                     0.00      0.00       0.10 r
  odata_exp[2] (net)                        1                   0.00       0.10 r
  C304/Z_2 (*SELECT_OP_2.8_2.1_8)                     0.00      0.00       0.10 r
  N134 (net)                                1                   0.00       0.10 r
  odata_exp_ff_reg_2_/next_state (**SEQGEN**)         0.00      0.00       0.10 r
  data arrival time                                                        0.10

  clock core_clk (rise edge)                                    9.80       9.80
  clock network delay (ideal)                                   0.10       9.90
  clock uncertainty                                            -0.98       8.92
  odata_exp_ff_reg_2_/clocked_on (**SEQGEN**)                   0.00       8.92 r
  library setup time                                            0.00       8.92
  data required time                                                       8.92
  -----------------------------------------------------------------------------------------------------
  data required time                                                       8.92
  data arrival time                                                       -0.10
  -----------------------------------------------------------------------------------------------------
  slack (MET)                                                              8.82


  Startpoint: product_mat_ff_reg_47_
              (rising edge-triggered flip-flop clocked by core_clk)
  Endpoint: odata_exp_ff_reg_1_
            (rising edge-triggered flip-flop clocked by core_clk)
  Path Group: core_clk
  Path Type: max

Attributes:
    d - dont_touch
    u - dont_use
   mo - map_only
   so - size_only
    i - ideal_net or ideal_network
  inf - infeasible path

  Point                                   Fanout     Trans      Incr       Path      Attributes
  -----------------------------------------------------------------------------------------------------
  clock core_clk (rise edge)                                    0.00       0.00
  clock network delay (ideal)                                   0.10       0.10
  product_mat_ff_reg_47_/clocked_on (**SEQGEN**)      0.08      0.00       0.10 r
  product_mat_ff_reg_47_/Q (**SEQGEN**)               0.00      0.00       0.10 r
  product_mat_ff[47] (net)                  3                   0.00       0.10 r
  B_1/Z (GTECH_BUF)                                   0.00      0.00       0.10 r    d 
  N1 (net)                                  2                   0.00       0.10 r
  C301/Z_1 (*SELECT_OP_2.8_2.1_8)                     0.00      0.00       0.10 r
  odata_exp[1] (net)                        1                   0.00       0.10 r
  C304/Z_1 (*SELECT_OP_2.8_2.1_8)                     0.00      0.00       0.10 r
  N133 (net)                                1                   0.00       0.10 r
  odata_exp_ff_reg_1_/next_state (**SEQGEN**)         0.00      0.00       0.10 r
  data arrival time                                                        0.10

  clock core_clk (rise edge)                                    9.80       9.80
  clock network delay (ideal)                                   0.10       9.90
  clock uncertainty                                            -0.98       8.92
  odata_exp_ff_reg_1_/clocked_on (**SEQGEN**)                   0.00       8.92 r
  library setup time                                            0.00       8.92
  data required time                                                       8.92
  -----------------------------------------------------------------------------------------------------
  data required time                                                       8.92
  data arrival time                                                       -0.10
  -----------------------------------------------------------------------------------------------------
  slack (MET)                                                              8.82


  Startpoint: product_mat_ff_reg_45_
              (rising edge-triggered flip-flop clocked by core_clk)
  Endpoint: odata_mat_ff_reg_21_
            (rising edge-triggered flip-flop clocked by core_clk)
  Path Group: core_clk
  Path Type: max

Attributes:
    d - dont_touch
    u - dont_use
   mo - map_only
   so - size_only
    i - ideal_net or ideal_network
  inf - infeasible path

  Point                                   Fanout     Trans      Incr       Path      Attributes
  -----------------------------------------------------------------------------------------------------
  clock core_clk (rise edge)                                    0.00       0.00
  clock network delay (ideal)                                   0.10       0.10
  product_mat_ff_reg_45_/clocked_on (**SEQGEN**)      0.08      0.00       0.10 r
  product_mat_ff_reg_45_/Q (**SEQGEN**)               0.00      0.00       0.10 r
  product_mat_ff[45] (net)                  2                   0.00       0.10 r
  C302/Z_21 (*SELECT_OP_2.23_2.1_23)                  0.00      0.00       0.10 r
  odata_mat[21] (net)                       1                   0.00       0.10 r
  C305/Z_21 (*SELECT_OP_2.23_2.1_23)                  0.00      0.00       0.10 r
  N161 (net)                                1                   0.00       0.10 r
  odata_mat_ff_reg_21_/next_state (**SEQGEN**)        0.00      0.00       0.10 r
  data arrival time                                                        0.10

  clock core_clk (rise edge)                                    9.80       9.80
  clock network delay (ideal)                                   0.10       9.90
  clock uncertainty                                            -0.98       8.92
  odata_mat_ff_reg_21_/clocked_on (**SEQGEN**)                  0.00       8.92 r
  library setup time                                            0.00       8.92
  data required time                                                       8.92
  -----------------------------------------------------------------------------------------------------
  data required time                                                       8.92
  data arrival time                                                       -0.10
  -----------------------------------------------------------------------------------------------------
  slack (MET)                                                              8.82


  Startpoint: product_mat_ff_reg_44_
              (rising edge-triggered flip-flop clocked by core_clk)
  Endpoint: odata_mat_ff_reg_20_
            (rising edge-triggered flip-flop clocked by core_clk)
  Path Group: core_clk
  Path Type: max

Attributes:
    d - dont_touch
    u - dont_use
   mo - map_only
   so - size_only
    i - ideal_net or ideal_network
  inf - infeasible path

  Point                                   Fanout     Trans      Incr       Path      Attributes
  -----------------------------------------------------------------------------------------------------
  clock core_clk (rise edge)                                    0.00       0.00
  clock network delay (ideal)                                   0.10       0.10
  product_mat_ff_reg_44_/clocked_on (**SEQGEN**)      0.08      0.00       0.10 r
  product_mat_ff_reg_44_/Q (**SEQGEN**)               0.00      0.00       0.10 r
  product_mat_ff[44] (net)                  2                   0.00       0.10 r
  C302/Z_20 (*SELECT_OP_2.23_2.1_23)                  0.00      0.00       0.10 r
  odata_mat[20] (net)                       1                   0.00       0.10 r
  C305/Z_20 (*SELECT_OP_2.23_2.1_23)                  0.00      0.00       0.10 r
  N160 (net)                                1                   0.00       0.10 r
  odata_mat_ff_reg_20_/next_state (**SEQGEN**)        0.00      0.00       0.10 r
  data arrival time                                                        0.10

  clock core_clk (rise edge)                                    9.80       9.80
  clock network delay (ideal)                                   0.10       9.90
  clock uncertainty                                            -0.98       8.92
  odata_mat_ff_reg_20_/clocked_on (**SEQGEN**)                  0.00       8.92 r
  library setup time                                            0.00       8.92
  data required time                                                       8.92
  -----------------------------------------------------------------------------------------------------
  data required time                                                       8.92
  data arrival time                                                       -0.10
  -----------------------------------------------------------------------------------------------------
  slack (MET)                                                              8.82


  Startpoint: product_mat_ff_reg_43_
              (rising edge-triggered flip-flop clocked by core_clk)
  Endpoint: odata_mat_ff_reg_19_
            (rising edge-triggered flip-flop clocked by core_clk)
  Path Group: core_clk
  Path Type: max

Attributes:
    d - dont_touch
    u - dont_use
   mo - map_only
   so - size_only
    i - ideal_net or ideal_network
  inf - infeasible path

  Point                                   Fanout     Trans      Incr       Path      Attributes
  -----------------------------------------------------------------------------------------------------
  clock core_clk (rise edge)                                    0.00       0.00
  clock network delay (ideal)                                   0.10       0.10
  product_mat_ff_reg_43_/clocked_on (**SEQGEN**)      0.08      0.00       0.10 r
  product_mat_ff_reg_43_/Q (**SEQGEN**)               0.00      0.00       0.10 r
  product_mat_ff[43] (net)                  2                   0.00       0.10 r
  C302/Z_19 (*SELECT_OP_2.23_2.1_23)                  0.00      0.00       0.10 r
  odata_mat[19] (net)                       1                   0.00       0.10 r
  C305/Z_19 (*SELECT_OP_2.23_2.1_23)                  0.00      0.00       0.10 r
  N159 (net)                                1                   0.00       0.10 r
  odata_mat_ff_reg_19_/next_state (**SEQGEN**)        0.00      0.00       0.10 r
  data arrival time                                                        0.10

  clock core_clk (rise edge)                                    9.80       9.80
  clock network delay (ideal)                                   0.10       9.90
  clock uncertainty                                            -0.98       8.92
  odata_mat_ff_reg_19_/clocked_on (**SEQGEN**)                  0.00       8.92 r
  library setup time                                            0.00       8.92
  data required time                                                       8.92
  -----------------------------------------------------------------------------------------------------
  data required time                                                       8.92
  data arrival time                                                       -0.10
  -----------------------------------------------------------------------------------------------------
  slack (MET)                                                              8.82


  Startpoint: product_mat_ff_reg_42_
              (rising edge-triggered flip-flop clocked by core_clk)
  Endpoint: odata_mat_ff_reg_18_
            (rising edge-triggered flip-flop clocked by core_clk)
  Path Group: core_clk
  Path Type: max

Attributes:
    d - dont_touch
    u - dont_use
   mo - map_only
   so - size_only
    i - ideal_net or ideal_network
  inf - infeasible path

  Point                                   Fanout     Trans      Incr       Path      Attributes
  -----------------------------------------------------------------------------------------------------
  clock core_clk (rise edge)                                    0.00       0.00
  clock network delay (ideal)                                   0.10       0.10
  product_mat_ff_reg_42_/clocked_on (**SEQGEN**)      0.08      0.00       0.10 r
  product_mat_ff_reg_42_/Q (**SEQGEN**)               0.00      0.00       0.10 r
  product_mat_ff[42] (net)                  2                   0.00       0.10 r
  C302/Z_18 (*SELECT_OP_2.23_2.1_23)                  0.00      0.00       0.10 r
  odata_mat[18] (net)                       1                   0.00       0.10 r
  C305/Z_18 (*SELECT_OP_2.23_2.1_23)                  0.00      0.00       0.10 r
  N158 (net)                                1                   0.00       0.10 r
  odata_mat_ff_reg_18_/next_state (**SEQGEN**)        0.00      0.00       0.10 r
  data arrival time                                                        0.10

  clock core_clk (rise edge)                                    9.80       9.80
  clock network delay (ideal)                                   0.10       9.90
  clock uncertainty                                            -0.98       8.92
  odata_mat_ff_reg_18_/clocked_on (**SEQGEN**)                  0.00       8.92 r
  library setup time                                            0.00       8.92
  data required time                                                       8.92
  -----------------------------------------------------------------------------------------------------
  data required time                                                       8.92
  data arrival time                                                       -0.10
  -----------------------------------------------------------------------------------------------------
  slack (MET)                                                              8.82


  Startpoint: product_mat_ff_reg_41_
              (rising edge-triggered flip-flop clocked by core_clk)
  Endpoint: odata_mat_ff_reg_17_
            (rising edge-triggered flip-flop clocked by core_clk)
  Path Group: core_clk
  Path Type: max

Attributes:
    d - dont_touch
    u - dont_use
   mo - map_only
   so - size_only
    i - ideal_net or ideal_network
  inf - infeasible path

  Point                                   Fanout     Trans      Incr       Path      Attributes
  -----------------------------------------------------------------------------------------------------
  clock core_clk (rise edge)                                    0.00       0.00
  clock network delay (ideal)                                   0.10       0.10
  product_mat_ff_reg_41_/clocked_on (**SEQGEN**)      0.08      0.00       0.10 r
  product_mat_ff_reg_41_/Q (**SEQGEN**)               0.00      0.00       0.10 r
  product_mat_ff[41] (net)                  2                   0.00       0.10 r
  C302/Z_17 (*SELECT_OP_2.23_2.1_23)                  0.00      0.00       0.10 r
  odata_mat[17] (net)                       1                   0.00       0.10 r
  C305/Z_17 (*SELECT_OP_2.23_2.1_23)                  0.00      0.00       0.10 r
  N157 (net)                                1                   0.00       0.10 r
  odata_mat_ff_reg_17_/next_state (**SEQGEN**)        0.00      0.00       0.10 r
  data arrival time                                                        0.10

  clock core_clk (rise edge)                                    9.80       9.80
  clock network delay (ideal)                                   0.10       9.90
  clock uncertainty                                            -0.98       8.92
  odata_mat_ff_reg_17_/clocked_on (**SEQGEN**)                  0.00       8.92 r
  library setup time                                            0.00       8.92
  data required time                                                       8.92
  -----------------------------------------------------------------------------------------------------
  data required time                                                       8.92
  data arrival time                                                       -0.10
  -----------------------------------------------------------------------------------------------------
  slack (MET)                                                              8.82


  Startpoint: product_mat_ff_reg_40_
              (rising edge-triggered flip-flop clocked by core_clk)
  Endpoint: odata_mat_ff_reg_16_
            (rising edge-triggered flip-flop clocked by core_clk)
  Path Group: core_clk
  Path Type: max

Attributes:
    d - dont_touch
    u - dont_use
   mo - map_only
   so - size_only
    i - ideal_net or ideal_network
  inf - infeasible path

  Point                                   Fanout     Trans      Incr       Path      Attributes
  -----------------------------------------------------------------------------------------------------
  clock core_clk (rise edge)                                    0.00       0.00
  clock network delay (ideal)                                   0.10       0.10
  product_mat_ff_reg_40_/clocked_on (**SEQGEN**)      0.08      0.00       0.10 r
  product_mat_ff_reg_40_/Q (**SEQGEN**)               0.00      0.00       0.10 r
  product_mat_ff[40] (net)                  2                   0.00       0.10 r
  C302/Z_16 (*SELECT_OP_2.23_2.1_23)                  0.00      0.00       0.10 r
  odata_mat[16] (net)                       1                   0.00       0.10 r
  C305/Z_16 (*SELECT_OP_2.23_2.1_23)                  0.00      0.00       0.10 r
  N156 (net)                                1                   0.00       0.10 r
  odata_mat_ff_reg_16_/next_state (**SEQGEN**)        0.00      0.00       0.10 r
  data arrival time                                                        0.10

  clock core_clk (rise edge)                                    9.80       9.80
  clock network delay (ideal)                                   0.10       9.90
  clock uncertainty                                            -0.98       8.92
  odata_mat_ff_reg_16_/clocked_on (**SEQGEN**)                  0.00       8.92 r
  library setup time                                            0.00       8.92
  data required time                                                       8.92
  -----------------------------------------------------------------------------------------------------
  data required time                                                       8.92
  data arrival time                                                       -0.10
  -----------------------------------------------------------------------------------------------------
  slack (MET)                                                              8.82


  Startpoint: product_mat_ff_reg_39_
              (rising edge-triggered flip-flop clocked by core_clk)
  Endpoint: odata_mat_ff_reg_15_
            (rising edge-triggered flip-flop clocked by core_clk)
  Path Group: core_clk
  Path Type: max

Attributes:
    d - dont_touch
    u - dont_use
   mo - map_only
   so - size_only
    i - ideal_net or ideal_network
  inf - infeasible path

  Point                                   Fanout     Trans      Incr       Path      Attributes
  -----------------------------------------------------------------------------------------------------
  clock core_clk (rise edge)                                    0.00       0.00
  clock network delay (ideal)                                   0.10       0.10
  product_mat_ff_reg_39_/clocked_on (**SEQGEN**)      0.08      0.00       0.10 r
  product_mat_ff_reg_39_/Q (**SEQGEN**)               0.00      0.00       0.10 r
  product_mat_ff[39] (net)                  2                   0.00       0.10 r
  C302/Z_15 (*SELECT_OP_2.23_2.1_23)                  0.00      0.00       0.10 r
  odata_mat[15] (net)                       1                   0.00       0.10 r
  C305/Z_15 (*SELECT_OP_2.23_2.1_23)                  0.00      0.00       0.10 r
  N155 (net)                                1                   0.00       0.10 r
  odata_mat_ff_reg_15_/next_state (**SEQGEN**)        0.00      0.00       0.10 r
  data arrival time                                                        0.10

  clock core_clk (rise edge)                                    9.80       9.80
  clock network delay (ideal)                                   0.10       9.90
  clock uncertainty                                            -0.98       8.92
  odata_mat_ff_reg_15_/clocked_on (**SEQGEN**)                  0.00       8.92 r
  library setup time                                            0.00       8.92
  data required time                                                       8.92
  -----------------------------------------------------------------------------------------------------
  data required time                                                       8.92
  data arrival time                                                       -0.10
  -----------------------------------------------------------------------------------------------------
  slack (MET)                                                              8.82


  Startpoint: product_mat_ff_reg_38_
              (rising edge-triggered flip-flop clocked by core_clk)
  Endpoint: odata_mat_ff_reg_14_
            (rising edge-triggered flip-flop clocked by core_clk)
  Path Group: core_clk
  Path Type: max

Attributes:
    d - dont_touch
    u - dont_use
   mo - map_only
   so - size_only
    i - ideal_net or ideal_network
  inf - infeasible path

  Point                                   Fanout     Trans      Incr       Path      Attributes
  -----------------------------------------------------------------------------------------------------
  clock core_clk (rise edge)                                    0.00       0.00
  clock network delay (ideal)                                   0.10       0.10
  product_mat_ff_reg_38_/clocked_on (**SEQGEN**)      0.08      0.00       0.10 r
  product_mat_ff_reg_38_/Q (**SEQGEN**)               0.00      0.00       0.10 r
  product_mat_ff[38] (net)                  2                   0.00       0.10 r
  C302/Z_14 (*SELECT_OP_2.23_2.1_23)                  0.00      0.00       0.10 r
  odata_mat[14] (net)                       1                   0.00       0.10 r
  C305/Z_14 (*SELECT_OP_2.23_2.1_23)                  0.00      0.00       0.10 r
  N154 (net)                                1                   0.00       0.10 r
  odata_mat_ff_reg_14_/next_state (**SEQGEN**)        0.00      0.00       0.10 r
  data arrival time                                                        0.10

  clock core_clk (rise edge)                                    9.80       9.80
  clock network delay (ideal)                                   0.10       9.90
  clock uncertainty                                            -0.98       8.92
  odata_mat_ff_reg_14_/clocked_on (**SEQGEN**)                  0.00       8.92 r
  library setup time                                            0.00       8.92
  data required time                                                       8.92
  -----------------------------------------------------------------------------------------------------
  data required time                                                       8.92
  data arrival time                                                       -0.10
  -----------------------------------------------------------------------------------------------------
  slack (MET)                                                              8.82


  Startpoint: product_mat_ff_reg_37_
              (rising edge-triggered flip-flop clocked by core_clk)
  Endpoint: odata_mat_ff_reg_13_
            (rising edge-triggered flip-flop clocked by core_clk)
  Path Group: core_clk
  Path Type: max

Attributes:
    d - dont_touch
    u - dont_use
   mo - map_only
   so - size_only
    i - ideal_net or ideal_network
  inf - infeasible path

  Point                                   Fanout     Trans      Incr       Path      Attributes
  -----------------------------------------------------------------------------------------------------
  clock core_clk (rise edge)                                    0.00       0.00
  clock network delay (ideal)                                   0.10       0.10
  product_mat_ff_reg_37_/clocked_on (**SEQGEN**)      0.08      0.00       0.10 r
  product_mat_ff_reg_37_/Q (**SEQGEN**)               0.00      0.00       0.10 r
  product_mat_ff[37] (net)                  2                   0.00       0.10 r
  C302/Z_13 (*SELECT_OP_2.23_2.1_23)                  0.00      0.00       0.10 r
  odata_mat[13] (net)                       1                   0.00       0.10 r
  C305/Z_13 (*SELECT_OP_2.23_2.1_23)                  0.00      0.00       0.10 r
  N153 (net)                                1                   0.00       0.10 r
  odata_mat_ff_reg_13_/next_state (**SEQGEN**)        0.00      0.00       0.10 r
  data arrival time                                                        0.10

  clock core_clk (rise edge)                                    9.80       9.80
  clock network delay (ideal)                                   0.10       9.90
  clock uncertainty                                            -0.98       8.92
  odata_mat_ff_reg_13_/clocked_on (**SEQGEN**)                  0.00       8.92 r
  library setup time                                            0.00       8.92
  data required time                                                       8.92
  -----------------------------------------------------------------------------------------------------
  data required time                                                       8.92
  data arrival time                                                       -0.10
  -----------------------------------------------------------------------------------------------------
  slack (MET)                                                              8.82


  Startpoint: product_mat_ff_reg_36_
              (rising edge-triggered flip-flop clocked by core_clk)
  Endpoint: odata_mat_ff_reg_12_
            (rising edge-triggered flip-flop clocked by core_clk)
  Path Group: core_clk
  Path Type: max

Attributes:
    d - dont_touch
    u - dont_use
   mo - map_only
   so - size_only
    i - ideal_net or ideal_network
  inf - infeasible path

  Point                                   Fanout     Trans      Incr       Path      Attributes
  -----------------------------------------------------------------------------------------------------
  clock core_clk (rise edge)                                    0.00       0.00
  clock network delay (ideal)                                   0.10       0.10
  product_mat_ff_reg_36_/clocked_on (**SEQGEN**)      0.08      0.00       0.10 r
  product_mat_ff_reg_36_/Q (**SEQGEN**)               0.00      0.00       0.10 r
  product_mat_ff[36] (net)                  2                   0.00       0.10 r
  C302/Z_12 (*SELECT_OP_2.23_2.1_23)                  0.00      0.00       0.10 r
  odata_mat[12] (net)                       1                   0.00       0.10 r
  C305/Z_12 (*SELECT_OP_2.23_2.1_23)                  0.00      0.00       0.10 r
  N152 (net)                                1                   0.00       0.10 r
  odata_mat_ff_reg_12_/next_state (**SEQGEN**)        0.00      0.00       0.10 r
  data arrival time                                                        0.10

  clock core_clk (rise edge)                                    9.80       9.80
  clock network delay (ideal)                                   0.10       9.90
  clock uncertainty                                            -0.98       8.92
  odata_mat_ff_reg_12_/clocked_on (**SEQGEN**)                  0.00       8.92 r
  library setup time                                            0.00       8.92
  data required time                                                       8.92
  -----------------------------------------------------------------------------------------------------
  data required time                                                       8.92
  data arrival time                                                       -0.10
  -----------------------------------------------------------------------------------------------------
  slack (MET)                                                              8.82


  Startpoint: product_mat_ff_reg_35_
              (rising edge-triggered flip-flop clocked by core_clk)
  Endpoint: odata_mat_ff_reg_11_
            (rising edge-triggered flip-flop clocked by core_clk)
  Path Group: core_clk
  Path Type: max

Attributes:
    d - dont_touch
    u - dont_use
   mo - map_only
   so - size_only
    i - ideal_net or ideal_network
  inf - infeasible path

  Point                                   Fanout     Trans      Incr       Path      Attributes
  -----------------------------------------------------------------------------------------------------
  clock core_clk (rise edge)                                    0.00       0.00
  clock network delay (ideal)                                   0.10       0.10
  product_mat_ff_reg_35_/clocked_on (**SEQGEN**)      0.08      0.00       0.10 r
  product_mat_ff_reg_35_/Q (**SEQGEN**)               0.00      0.00       0.10 r
  product_mat_ff[35] (net)                  2                   0.00       0.10 r
  C302/Z_11 (*SELECT_OP_2.23_2.1_23)                  0.00      0.00       0.10 r
  odata_mat[11] (net)                       1                   0.00       0.10 r
  C305/Z_11 (*SELECT_OP_2.23_2.1_23)                  0.00      0.00       0.10 r
  N151 (net)                                1                   0.00       0.10 r
  odata_mat_ff_reg_11_/next_state (**SEQGEN**)        0.00      0.00       0.10 r
  data arrival time                                                        0.10

  clock core_clk (rise edge)                                    9.80       9.80
  clock network delay (ideal)                                   0.10       9.90
  clock uncertainty                                            -0.98       8.92
  odata_mat_ff_reg_11_/clocked_on (**SEQGEN**)                  0.00       8.92 r
  library setup time                                            0.00       8.92
  data required time                                                       8.92
  -----------------------------------------------------------------------------------------------------
  data required time                                                       8.92
  data arrival time                                                       -0.10
  -----------------------------------------------------------------------------------------------------
  slack (MET)                                                              8.82


  Startpoint: product_mat_ff_reg_34_
              (rising edge-triggered flip-flop clocked by core_clk)
  Endpoint: odata_mat_ff_reg_10_
            (rising edge-triggered flip-flop clocked by core_clk)
  Path Group: core_clk
  Path Type: max

Attributes:
    d - dont_touch
    u - dont_use
   mo - map_only
   so - size_only
    i - ideal_net or ideal_network
  inf - infeasible path

  Point                                   Fanout     Trans      Incr       Path      Attributes
  -----------------------------------------------------------------------------------------------------
  clock core_clk (rise edge)                                    0.00       0.00
  clock network delay (ideal)                                   0.10       0.10
  product_mat_ff_reg_34_/clocked_on (**SEQGEN**)      0.08      0.00       0.10 r
  product_mat_ff_reg_34_/Q (**SEQGEN**)               0.00      0.00       0.10 r
  product_mat_ff[34] (net)                  2                   0.00       0.10 r
  C302/Z_10 (*SELECT_OP_2.23_2.1_23)                  0.00      0.00       0.10 r
  odata_mat[10] (net)                       1                   0.00       0.10 r
  C305/Z_10 (*SELECT_OP_2.23_2.1_23)                  0.00      0.00       0.10 r
  N150 (net)                                1                   0.00       0.10 r
  odata_mat_ff_reg_10_/next_state (**SEQGEN**)        0.00      0.00       0.10 r
  data arrival time                                                        0.10

  clock core_clk (rise edge)                                    9.80       9.80
  clock network delay (ideal)                                   0.10       9.90
  clock uncertainty                                            -0.98       8.92
  odata_mat_ff_reg_10_/clocked_on (**SEQGEN**)                  0.00       8.92 r
  library setup time                                            0.00       8.92
  data required time                                                       8.92
  -----------------------------------------------------------------------------------------------------
  data required time                                                       8.92
  data arrival time                                                       -0.10
  -----------------------------------------------------------------------------------------------------
  slack (MET)                                                              8.82


  Startpoint: product_mat_ff_reg_33_
              (rising edge-triggered flip-flop clocked by core_clk)
  Endpoint: odata_mat_ff_reg_9_
            (rising edge-triggered flip-flop clocked by core_clk)
  Path Group: core_clk
  Path Type: max

Attributes:
    d - dont_touch
    u - dont_use
   mo - map_only
   so - size_only
    i - ideal_net or ideal_network
  inf - infeasible path

  Point                                   Fanout     Trans      Incr       Path      Attributes
  -----------------------------------------------------------------------------------------------------
  clock core_clk (rise edge)                                    0.00       0.00
  clock network delay (ideal)                                   0.10       0.10
  product_mat_ff_reg_33_/clocked_on (**SEQGEN**)      0.08      0.00       0.10 r
  product_mat_ff_reg_33_/Q (**SEQGEN**)               0.00      0.00       0.10 r
  product_mat_ff[33] (net)                  2                   0.00       0.10 r
  C302/Z_9 (*SELECT_OP_2.23_2.1_23)                   0.00      0.00       0.10 r
  odata_mat[9] (net)                        1                   0.00       0.10 r
  C305/Z_9 (*SELECT_OP_2.23_2.1_23)                   0.00      0.00       0.10 r
  N149 (net)                                1                   0.00       0.10 r
  odata_mat_ff_reg_9_/next_state (**SEQGEN**)         0.00      0.00       0.10 r
  data arrival time                                                        0.10

  clock core_clk (rise edge)                                    9.80       9.80
  clock network delay (ideal)                                   0.10       9.90
  clock uncertainty                                            -0.98       8.92
  odata_mat_ff_reg_9_/clocked_on (**SEQGEN**)                   0.00       8.92 r
  library setup time                                            0.00       8.92
  data required time                                                       8.92
  -----------------------------------------------------------------------------------------------------
  data required time                                                       8.92
  data arrival time                                                       -0.10
  -----------------------------------------------------------------------------------------------------
  slack (MET)                                                              8.82


  Startpoint: product_mat_ff_reg_32_
              (rising edge-triggered flip-flop clocked by core_clk)
  Endpoint: odata_mat_ff_reg_8_
            (rising edge-triggered flip-flop clocked by core_clk)
  Path Group: core_clk
  Path Type: max

Attributes:
    d - dont_touch
    u - dont_use
   mo - map_only
   so - size_only
    i - ideal_net or ideal_network
  inf - infeasible path

  Point                                   Fanout     Trans      Incr       Path      Attributes
  -----------------------------------------------------------------------------------------------------
  clock core_clk (rise edge)                                    0.00       0.00
  clock network delay (ideal)                                   0.10       0.10
  product_mat_ff_reg_32_/clocked_on (**SEQGEN**)      0.08      0.00       0.10 r
  product_mat_ff_reg_32_/Q (**SEQGEN**)               0.00      0.00       0.10 r
  product_mat_ff[32] (net)                  2                   0.00       0.10 r
  C302/Z_8 (*SELECT_OP_2.23_2.1_23)                   0.00      0.00       0.10 r
  odata_mat[8] (net)                        1                   0.00       0.10 r
  C305/Z_8 (*SELECT_OP_2.23_2.1_23)                   0.00      0.00       0.10 r
  N148 (net)                                1                   0.00       0.10 r
  odata_mat_ff_reg_8_/next_state (**SEQGEN**)         0.00      0.00       0.10 r
  data arrival time                                                        0.10

  clock core_clk (rise edge)                                    9.80       9.80
  clock network delay (ideal)                                   0.10       9.90
  clock uncertainty                                            -0.98       8.92
  odata_mat_ff_reg_8_/clocked_on (**SEQGEN**)                   0.00       8.92 r
  library setup time                                            0.00       8.92
  data required time                                                       8.92
  -----------------------------------------------------------------------------------------------------
  data required time                                                       8.92
  data arrival time                                                       -0.10
  -----------------------------------------------------------------------------------------------------
  slack (MET)                                                              8.82


  Startpoint: product_mat_ff_reg_31_
              (rising edge-triggered flip-flop clocked by core_clk)
  Endpoint: odata_mat_ff_reg_7_
            (rising edge-triggered flip-flop clocked by core_clk)
  Path Group: core_clk
  Path Type: max

Attributes:
    d - dont_touch
    u - dont_use
   mo - map_only
   so - size_only
    i - ideal_net or ideal_network
  inf - infeasible path

  Point                                   Fanout     Trans      Incr       Path      Attributes
  -----------------------------------------------------------------------------------------------------
  clock core_clk (rise edge)                                    0.00       0.00
  clock network delay (ideal)                                   0.10       0.10
  product_mat_ff_reg_31_/clocked_on (**SEQGEN**)      0.08      0.00       0.10 r
  product_mat_ff_reg_31_/Q (**SEQGEN**)               0.00      0.00       0.10 r
  product_mat_ff[31] (net)                  2                   0.00       0.10 r
  C302/Z_7 (*SELECT_OP_2.23_2.1_23)                   0.00      0.00       0.10 r
  odata_mat[7] (net)                        1                   0.00       0.10 r
  C305/Z_7 (*SELECT_OP_2.23_2.1_23)                   0.00      0.00       0.10 r
  N147 (net)                                1                   0.00       0.10 r
  odata_mat_ff_reg_7_/next_state (**SEQGEN**)         0.00      0.00       0.10 r
  data arrival time                                                        0.10

  clock core_clk (rise edge)                                    9.80       9.80
  clock network delay (ideal)                                   0.10       9.90
  clock uncertainty                                            -0.98       8.92
  odata_mat_ff_reg_7_/clocked_on (**SEQGEN**)                   0.00       8.92 r
  library setup time                                            0.00       8.92
  data required time                                                       8.92
  -----------------------------------------------------------------------------------------------------
  data required time                                                       8.92
  data arrival time                                                       -0.10
  -----------------------------------------------------------------------------------------------------
  slack (MET)                                                              8.82


  Startpoint: product_mat_ff_reg_30_
              (rising edge-triggered flip-flop clocked by core_clk)
  Endpoint: odata_mat_ff_reg_6_
            (rising edge-triggered flip-flop clocked by core_clk)
  Path Group: core_clk
  Path Type: max

Attributes:
    d - dont_touch
    u - dont_use
   mo - map_only
   so - size_only
    i - ideal_net or ideal_network
  inf - infeasible path

  Point                                   Fanout     Trans      Incr       Path      Attributes
  -----------------------------------------------------------------------------------------------------
  clock core_clk (rise edge)                                    0.00       0.00
  clock network delay (ideal)                                   0.10       0.10
  product_mat_ff_reg_30_/clocked_on (**SEQGEN**)      0.08      0.00       0.10 r
  product_mat_ff_reg_30_/Q (**SEQGEN**)               0.00      0.00       0.10 r
  product_mat_ff[30] (net)                  2                   0.00       0.10 r
  C302/Z_6 (*SELECT_OP_2.23_2.1_23)                   0.00      0.00       0.10 r
  odata_mat[6] (net)                        1                   0.00       0.10 r
  C305/Z_6 (*SELECT_OP_2.23_2.1_23)                   0.00      0.00       0.10 r
  N146 (net)                                1                   0.00       0.10 r
  odata_mat_ff_reg_6_/next_state (**SEQGEN**)         0.00      0.00       0.10 r
  data arrival time                                                        0.10

  clock core_clk (rise edge)                                    9.80       9.80
  clock network delay (ideal)                                   0.10       9.90
  clock uncertainty                                            -0.98       8.92
  odata_mat_ff_reg_6_/clocked_on (**SEQGEN**)                   0.00       8.92 r
  library setup time                                            0.00       8.92
  data required time                                                       8.92
  -----------------------------------------------------------------------------------------------------
  data required time                                                       8.92
  data arrival time                                                       -0.10
  -----------------------------------------------------------------------------------------------------
  slack (MET)                                                              8.82


  Startpoint: product_mat_ff_reg_29_
              (rising edge-triggered flip-flop clocked by core_clk)
  Endpoint: odata_mat_ff_reg_5_
            (rising edge-triggered flip-flop clocked by core_clk)
  Path Group: core_clk
  Path Type: max

Attributes:
    d - dont_touch
    u - dont_use
   mo - map_only
   so - size_only
    i - ideal_net or ideal_network
  inf - infeasible path

  Point                                   Fanout     Trans      Incr       Path      Attributes
  -----------------------------------------------------------------------------------------------------
  clock core_clk (rise edge)                                    0.00       0.00
  clock network delay (ideal)                                   0.10       0.10
  product_mat_ff_reg_29_/clocked_on (**SEQGEN**)      0.08      0.00       0.10 r
  product_mat_ff_reg_29_/Q (**SEQGEN**)               0.00      0.00       0.10 r
  product_mat_ff[29] (net)                  2                   0.00       0.10 r
  C302/Z_5 (*SELECT_OP_2.23_2.1_23)                   0.00      0.00       0.10 r
  odata_mat[5] (net)                        1                   0.00       0.10 r
  C305/Z_5 (*SELECT_OP_2.23_2.1_23)                   0.00      0.00       0.10 r
  N145 (net)                                1                   0.00       0.10 r
  odata_mat_ff_reg_5_/next_state (**SEQGEN**)         0.00      0.00       0.10 r
  data arrival time                                                        0.10

  clock core_clk (rise edge)                                    9.80       9.80
  clock network delay (ideal)                                   0.10       9.90
  clock uncertainty                                            -0.98       8.92
  odata_mat_ff_reg_5_/clocked_on (**SEQGEN**)                   0.00       8.92 r
  library setup time                                            0.00       8.92
  data required time                                                       8.92
  -----------------------------------------------------------------------------------------------------
  data required time                                                       8.92
  data arrival time                                                       -0.10
  -----------------------------------------------------------------------------------------------------
  slack (MET)                                                              8.82


  Startpoint: product_mat_ff_reg_28_
              (rising edge-triggered flip-flop clocked by core_clk)
  Endpoint: odata_mat_ff_reg_4_
            (rising edge-triggered flip-flop clocked by core_clk)
  Path Group: core_clk
  Path Type: max

Attributes:
    d - dont_touch
    u - dont_use
   mo - map_only
   so - size_only
    i - ideal_net or ideal_network
  inf - infeasible path

  Point                                   Fanout     Trans      Incr       Path      Attributes
  -----------------------------------------------------------------------------------------------------
  clock core_clk (rise edge)                                    0.00       0.00
  clock network delay (ideal)                                   0.10       0.10
  product_mat_ff_reg_28_/clocked_on (**SEQGEN**)      0.08      0.00       0.10 r
  product_mat_ff_reg_28_/Q (**SEQGEN**)               0.00      0.00       0.10 r
  product_mat_ff[28] (net)                  2                   0.00       0.10 r
  C302/Z_4 (*SELECT_OP_2.23_2.1_23)                   0.00      0.00       0.10 r
  odata_mat[4] (net)                        1                   0.00       0.10 r
  C305/Z_4 (*SELECT_OP_2.23_2.1_23)                   0.00      0.00       0.10 r
  N144 (net)                                1                   0.00       0.10 r
  odata_mat_ff_reg_4_/next_state (**SEQGEN**)         0.00      0.00       0.10 r
  data arrival time                                                        0.10

  clock core_clk (rise edge)                                    9.80       9.80
  clock network delay (ideal)                                   0.10       9.90
  clock uncertainty                                            -0.98       8.92
  odata_mat_ff_reg_4_/clocked_on (**SEQGEN**)                   0.00       8.92 r
  library setup time                                            0.00       8.92
  data required time                                                       8.92
  -----------------------------------------------------------------------------------------------------
  data required time                                                       8.92
  data arrival time                                                       -0.10
  -----------------------------------------------------------------------------------------------------
  slack (MET)                                                              8.82


  Startpoint: product_mat_ff_reg_27_
              (rising edge-triggered flip-flop clocked by core_clk)
  Endpoint: odata_mat_ff_reg_3_
            (rising edge-triggered flip-flop clocked by core_clk)
  Path Group: core_clk
  Path Type: max

Attributes:
    d - dont_touch
    u - dont_use
   mo - map_only
   so - size_only
    i - ideal_net or ideal_network
  inf - infeasible path

  Point                                   Fanout     Trans      Incr       Path      Attributes
  -----------------------------------------------------------------------------------------------------
  clock core_clk (rise edge)                                    0.00       0.00
  clock network delay (ideal)                                   0.10       0.10
  product_mat_ff_reg_27_/clocked_on (**SEQGEN**)      0.08      0.00       0.10 r
  product_mat_ff_reg_27_/Q (**SEQGEN**)               0.00      0.00       0.10 r
  product_mat_ff[27] (net)                  2                   0.00       0.10 r
  C302/Z_3 (*SELECT_OP_2.23_2.1_23)                   0.00      0.00       0.10 r
  odata_mat[3] (net)                        1                   0.00       0.10 r
  C305/Z_3 (*SELECT_OP_2.23_2.1_23)                   0.00      0.00       0.10 r
  N143 (net)                                1                   0.00       0.10 r
  odata_mat_ff_reg_3_/next_state (**SEQGEN**)         0.00      0.00       0.10 r
  data arrival time                                                        0.10

  clock core_clk (rise edge)                                    9.80       9.80
  clock network delay (ideal)                                   0.10       9.90
  clock uncertainty                                            -0.98       8.92
  odata_mat_ff_reg_3_/clocked_on (**SEQGEN**)                   0.00       8.92 r
  library setup time                                            0.00       8.92
  data required time                                                       8.92
  -----------------------------------------------------------------------------------------------------
  data required time                                                       8.92
  data arrival time                                                       -0.10
  -----------------------------------------------------------------------------------------------------
  slack (MET)                                                              8.82


  Startpoint: product_mat_ff_reg_26_
              (rising edge-triggered flip-flop clocked by core_clk)
  Endpoint: odata_mat_ff_reg_2_
            (rising edge-triggered flip-flop clocked by core_clk)
  Path Group: core_clk
  Path Type: max

Attributes:
    d - dont_touch
    u - dont_use
   mo - map_only
   so - size_only
    i - ideal_net or ideal_network
  inf - infeasible path

  Point                                   Fanout     Trans      Incr       Path      Attributes
  -----------------------------------------------------------------------------------------------------
  clock core_clk (rise edge)                                    0.00       0.00
  clock network delay (ideal)                                   0.10       0.10
  product_mat_ff_reg_26_/clocked_on (**SEQGEN**)      0.08      0.00       0.10 r
  product_mat_ff_reg_26_/Q (**SEQGEN**)               0.00      0.00       0.10 r
  product_mat_ff[26] (net)                  2                   0.00       0.10 r
  C302/Z_2 (*SELECT_OP_2.23_2.1_23)                   0.00      0.00       0.10 r
  odata_mat[2] (net)                        1                   0.00       0.10 r
  C305/Z_2 (*SELECT_OP_2.23_2.1_23)                   0.00      0.00       0.10 r
  N142 (net)                                1                   0.00       0.10 r
  odata_mat_ff_reg_2_/next_state (**SEQGEN**)         0.00      0.00       0.10 r
  data arrival time                                                        0.10

  clock core_clk (rise edge)                                    9.80       9.80
  clock network delay (ideal)                                   0.10       9.90
  clock uncertainty                                            -0.98       8.92
  odata_mat_ff_reg_2_/clocked_on (**SEQGEN**)                   0.00       8.92 r
  library setup time                                            0.00       8.92
  data required time                                                       8.92
  -----------------------------------------------------------------------------------------------------
  data required time                                                       8.92
  data arrival time                                                       -0.10
  -----------------------------------------------------------------------------------------------------
  slack (MET)                                                              8.82


  Startpoint: product_mat_ff_reg_25_
              (rising edge-triggered flip-flop clocked by core_clk)
  Endpoint: odata_mat_ff_reg_1_
            (rising edge-triggered flip-flop clocked by core_clk)
  Path Group: core_clk
  Path Type: max

Attributes:
    d - dont_touch
    u - dont_use
   mo - map_only
   so - size_only
    i - ideal_net or ideal_network
  inf - infeasible path

  Point                                   Fanout     Trans      Incr       Path      Attributes
  -----------------------------------------------------------------------------------------------------
  clock core_clk (rise edge)                                    0.00       0.00
  clock network delay (ideal)                                   0.10       0.10
  product_mat_ff_reg_25_/clocked_on (**SEQGEN**)      0.08      0.00       0.10 r
  product_mat_ff_reg_25_/Q (**SEQGEN**)               0.00      0.00       0.10 r
  product_mat_ff[25] (net)                  2                   0.00       0.10 r
  C302/Z_1 (*SELECT_OP_2.23_2.1_23)                   0.00      0.00       0.10 r
  odata_mat[1] (net)                        1                   0.00       0.10 r
  C305/Z_1 (*SELECT_OP_2.23_2.1_23)                   0.00      0.00       0.10 r
  N141 (net)                                1                   0.00       0.10 r
  odata_mat_ff_reg_1_/next_state (**SEQGEN**)         0.00      0.00       0.10 r
  data arrival time                                                        0.10

  clock core_clk (rise edge)                                    9.80       9.80
  clock network delay (ideal)                                   0.10       9.90
  clock uncertainty                                            -0.98       8.92
  odata_mat_ff_reg_1_/clocked_on (**SEQGEN**)                   0.00       8.92 r
  library setup time                                            0.00       8.92
  data required time                                                       8.92
  -----------------------------------------------------------------------------------------------------
  data required time                                                       8.92
  data arrival time                                                       -0.10
  -----------------------------------------------------------------------------------------------------
  slack (MET)                                                              8.82


  Startpoint: product_mat_ff_reg_24_
              (rising edge-triggered flip-flop clocked by core_clk)
  Endpoint: odata_mat_ff_reg_0_
            (rising edge-triggered flip-flop clocked by core_clk)
  Path Group: core_clk
  Path Type: max

Attributes:
    d - dont_touch
    u - dont_use
   mo - map_only
   so - size_only
    i - ideal_net or ideal_network
  inf - infeasible path

  Point                                   Fanout     Trans      Incr       Path      Attributes
  -----------------------------------------------------------------------------------------------------
  clock core_clk (rise edge)                                    0.00       0.00
  clock network delay (ideal)                                   0.10       0.10
  product_mat_ff_reg_24_/clocked_on (**SEQGEN**)      0.08      0.00       0.10 r
  product_mat_ff_reg_24_/Q (**SEQGEN**)               0.00      0.00       0.10 r
  product_mat_ff[24] (net)                  2                   0.00       0.10 r
  C302/Z_0 (*SELECT_OP_2.23_2.1_23)                   0.00      0.00       0.10 r
  odata_mat[0] (net)                        1                   0.00       0.10 r
  C305/Z_0 (*SELECT_OP_2.23_2.1_23)                   0.00      0.00       0.10 r
  N140 (net)                                1                   0.00       0.10 r
  odata_mat_ff_reg_0_/next_state (**SEQGEN**)         0.00      0.00       0.10 r
  data arrival time                                                        0.10

  clock core_clk (rise edge)                                    9.80       9.80
  clock network delay (ideal)                                   0.10       9.90
  clock uncertainty                                            -0.98       8.92
  odata_mat_ff_reg_0_/clocked_on (**SEQGEN**)                   0.00       8.92 r
  library setup time                                            0.00       8.92
  data required time                                                       8.92
  -----------------------------------------------------------------------------------------------------
  data required time                                                       8.92
  data arrival time                                                       -0.10
  -----------------------------------------------------------------------------------------------------
  slack (MET)                                                              8.82


  Startpoint: product_exp_ff_reg_0_
              (rising edge-triggered flip-flop clocked by core_clk)
  Endpoint: odata_exp_ff_reg_0_
            (rising edge-triggered flip-flop clocked by core_clk)
  Path Group: core_clk
  Path Type: max

Attributes:
    d - dont_touch
    u - dont_use
   mo - map_only
   so - size_only
    i - ideal_net or ideal_network
  inf - infeasible path

  Point                                  Fanout     Trans      Incr       Path      Attributes
  ----------------------------------------------------------------------------------------------------
  clock core_clk (rise edge)                                   0.00       0.00
  clock network delay (ideal)                                  0.10       0.10
  product_exp_ff_reg_0_/clocked_on (**SEQGEN**)      0.08      0.00       0.10 r
  product_exp_ff_reg_0_/Q (**SEQGEN**)               0.00      0.00       0.10 f
  product_exp_ff[0] (net)                  4                   0.00       0.10 f
  sub_87_2/A_0 (*SUB_UNS_OP_8_7_8)                             0.00       0.10 f
  sub_87_2/net1079 (net)                                       0.00       0.10 f
  sub_87_2/*cell*34/A[0] (DW01_sub_width8)                     0.00       0.10 f
  sub_87_2/*cell*34/A[0] (net)                                 0.00       0.10 f
  ...
  sub_87_2/*cell*34/DIFF[0] (DW01_sub_width8)                  0.00       0.10 r
  sub_87_2/net1089 (net)                                       0.00       0.10 r
  sub_87_2/Z_0 (*SUB_UNS_OP_8_7_8)                             0.00       0.10 r
  N123 (net)                                                   0.00       0.10 r
  C301/Z_0 (*SELECT_OP_2.8_2.1_8)                    0.00      0.00       0.10 r
  odata_exp[0] (net)                       1                   0.00       0.10 r
  C304/Z_0 (*SELECT_OP_2.8_2.1_8)                    0.00      0.00       0.10 r
  N132 (net)                               1                   0.00       0.10 r
  odata_exp_ff_reg_0_/next_state (**SEQGEN**)        0.00      0.00       0.10 r
  data arrival time                                                       0.10

  clock core_clk (rise edge)                                   9.80       9.80
  clock network delay (ideal)                                  0.10       9.90
  clock uncertainty                                           -0.98       8.92
  odata_exp_ff_reg_0_/clocked_on (**SEQGEN**)                  0.00       8.92 r
  library setup time                                           0.00       8.92
  data required time                                                      8.92
  ----------------------------------------------------------------------------------------------------
  data required time                                                      8.92
  data arrival time                                                      -0.10
  ----------------------------------------------------------------------------------------------------
  slack (MET)                                                             8.82


1
