 
****************************************
Report : area
Design : givens_rotation
Version: T-2022.03-SP3
Date   : Fri Dec  6 21:28:09 2024
****************************************

Library(s) Used:

    saed32rvt_tt1p05v25c (File: /afs/umich.edu/class/eecs598-002/SAED32/SAED32_EDK/lib/stdcell_rvt/db_ccs/saed32rvt_tt1p05v25c.db)

Number of ports:                          130
Number of nets:                         23506
Number of cells:                        22501
Number of combinational cells:          19111
Number of sequential cells:              3346
Number of macros/black boxes:               0
Number of buf/inv:                       3866
Number of references:                      96

Combinational area:              49155.007706
Buf/Inv area:                     7287.579164
Noncombinational area:           22990.883387
Macro/Black Box area:                0.000000
Net Interconnect area:           30992.266335

Total cell area:                 72145.891092
Total area:                     103138.157427
1
