Information: Propagating switching activity (low effort zero delay simulation). (PWR-6)
Warning: Design has unannotated primary inputs. (PWR-414)
Warning: Design has unannotated sequential cell outputs. (PWR-415)
 
****************************************
Report : power
        -analysis_effort low
Design : givens_rotation
Version: T-2022.03-SP3
Date   : Fri Dec  6 21:28:10 2024
****************************************


Library(s) Used:

    saed32rvt_tt1p05v25c (File: /afs/umich.edu/class/eecs598-002/SAED32/SAED32_EDK/lib/stdcell_rvt/db_ccs/saed32rvt_tt1p05v25c.db)


Operating Conditions: tt1p05v25c   Library: saed32rvt_tt1p05v25c
Wire Load Model Mode: enclosed

Design        Wire Load Model            Library
------------------------------------------------
givens_rotation        140000            saed32rvt_tt1p05v25c


Global Operating Voltage = 1.05 
Power-specific unit information :
    Voltage Units = 1V
    Capacitance Units = 1.000000ff
    Time Units = 1ns
    Dynamic Power Units = 1uW    (derived from V,C,T units)
    Leakage Power Units = 1pW


Attributes
----------
i - Including register clock pin internal power


  Cell Internal Power  =   1.3352 mW   (75%)
  Net Switching Power  = 449.6228 uW   (25%)
                         ---------
Total Dynamic Power    =   1.7848 mW  (100%)

Cell Leakage Power     =   1.9594 mW


                 Internal         Switching           Leakage            Total
Power Group      Power            Power               Power              Power   (   %    )  Attrs
--------------------------------------------------------------------------------------------------
io_pad             0.0000            0.0000            0.0000            0.0000  (   0.00%)
memory             0.0000            0.0000            0.0000            0.0000  (   0.00%)
black_box          0.0000            0.0000            0.0000            0.0000  (   0.00%)
clock_network  1.0009e+03            0.0000            0.0000        1.0009e+03  (  26.73%)  i
register          46.9027           48.9746        5.0847e+08          604.3437  (  16.14%)
sequential         0.0000            0.0000            0.0000            0.0000  (   0.00%)
combinational    287.3879          400.6470        1.4510e+09        2.1390e+03  (  57.13%)
--------------------------------------------------------------------------------------------------
Total          1.3352e+03 uW       449.6216 uW     1.9594e+09 pW     3.7442e+03 uW
1
