Information: Checking out the license 'DesignWare'. (SEC-104)
Information: Changed wire load model for 'fp_mul_I_EXP8_I_MNT23_I_DATA32' from '(none)' to 'ForQA'. (OPT-170)
Information: Changed wire load model for 'fp_mul_I_EXP8_I_MNT23_I_DATA32' from '(none)' to 'ForQA'. (OPT-170)
Information: Changed wire load model for 'fp_mul_I_EXP8_I_MNT23_I_DATA32' from '(none)' to 'ForQA'. (OPT-170)
Information: Changed wire load model for 'delay_fp_DELAY9_DATA_WIDTH32' from '(none)' to 'ForQA'. (OPT-170)
Information: Changed wire load model for 'lead_one_IDATA_BIT48_ODATA_BIT23' from '(none)' to 'ForQA'. (OPT-170)
Information: Changed wire load model for 'fp_add_I_EXP8_I_MNT23_I_DATA32_ADD_SUB1' from '(none)' to 'ForQA'. (OPT-170)
Information: Changed wire load model for 'fp_mul_I_EXP8_I_MNT23_I_DATA32' from '(none)' to 'ForQA'. (OPT-170)
Information: Changed wire load model for 'fp_mul_I_EXP8_I_MNT23_I_DATA32' from '(none)' to 'ForQA'. (OPT-170)
Information: Changed wire load model for 'delay_fp_DELAY3_DATA_WIDTH32' from '(none)' to 'ForQA'. (OPT-170)
Information: Changed wire load model for 'inv_sqrt_I_EXP8_I_MNT23_I_DATA32' from '(none)' to 'ForQA'. (OPT-170)
Information: Changed wire load model for 'lead_one_IDATA_BIT48_ODATA_BIT23' from '(none)' to 'ForQA'. (OPT-170)
Information: Changed wire load model for 'fp_add_I_EXP8_I_MNT23_I_DATA32' from '(none)' to 'ForQA'. (OPT-170)
Information: Changed wire load model for 'fp_mul_I_EXP8_I_MNT23_I_DATA32' from '(none)' to 'ForQA'. (OPT-170)
Information: Changed wire load model for 'fp_mul_I_EXP8_I_MNT23_I_DATA32' from '(none)' to 'ForQA'. (OPT-170)
Information: Changed wire load model for 'alt1' from '(none)' to 'ForQA'. (OPT-170)
Information: Changed wire load model for 'apparch' from '(none)' to 'ForQA'. (OPT-170)
Information: Changed wire load model for 'alt1' from '(none)' to 'ForQA'. (OPT-170)
Information: Changed wire load model for 'astr' from '(none)' to 'ForQA'. (OPT-170)
Information: Changed wire load model for 'alt1' from '(none)' to 'ForQA'. (OPT-170)
Information: Changed wire load model for 'astr' from '(none)' to 'ForQA'. (OPT-170)
Information: Changed wire load model for 'DW01_inc_width8' from '(none)' to 'ForQA'. (OPT-170)
Information: Changed wire load model for '*ADD_UNS_OP_8_1_8' from '(none)' to 'ForQA'. (OPT-170)
Information: Changed wire load model for 'DW01_sub_width8' from '(none)' to 'ForQA'. (OPT-170)
Information: Changed wire load model for '*SUB_UNS_OP_8_7_8' from '(none)' to 'ForQA'. (OPT-170)
Information: Changed wire load model for 'DW01_sub_width8' from '(none)' to 'ForQA'. (OPT-170)
Information: Changed wire load model for '*SUB_UNS_OP_8_7_8' from '(none)' to 'ForQA'. (OPT-170)
Information: Changed wire load model for 'DW02_mult' from '(none)' to 'ForQA'. (OPT-170)
Information: Changed wire load model for '*MULT_UNS_OP_24_24_48' from '(none)' to 'ForQA'. (OPT-170)
Information: Changed wire load model for 'DW01_add_width9' from '(none)' to 'ForQA'. (OPT-170)
Information: Changed wire load model for '*ADD_UNS_OP_8_8_9' from '(none)' to 'ForQA'. (OPT-170)
Information: Changed wire load model for 'DW01_cmp2_width9' from '(none)' to 'ForQA'. (OPT-170)
Information: Changed wire load model for '*LT_UNS_OP_9_7_1' from '(none)' to 'ForQA'. (OPT-170)
Information: Changed wire load model for 'DW01_inc_width8' from '(none)' to 'ForQA'. (OPT-170)
Information: Changed wire load model for '*ADD_UNS_OP_8_1_8' from '(none)' to 'ForQA'. (OPT-170)
Information: Changed wire load model for 'DW01_sub_width8' from '(none)' to 'ForQA'. (OPT-170)
Information: Changed wire load model for '*SUB_UNS_OP_8_7_8' from '(none)' to 'ForQA'. (OPT-170)
Information: Changed wire load model for 'DW01_sub_width8' from '(none)' to 'ForQA'. (OPT-170)
Information: Changed wire load model for '*SUB_UNS_OP_8_7_8' from '(none)' to 'ForQA'. (OPT-170)
Information: Changed wire load model for 'DW02_mult' from '(none)' to 'ForQA'. (OPT-170)
Information: Changed wire load model for '*MULT_UNS_OP_24_24_48' from '(none)' to 'ForQA'. (OPT-170)
Information: Changed wire load model for 'DW01_add_width9' from '(none)' to 'ForQA'. (OPT-170)
Information: Changed wire load model for '*ADD_UNS_OP_8_8_9' from '(none)' to 'ForQA'. (OPT-170)
Information: Changed wire load model for 'DW01_cmp2_width9' from '(none)' to 'ForQA'. (OPT-170)
Information: Changed wire load model for '*LT_UNS_OP_9_7_1' from '(none)' to 'ForQA'. (OPT-170)
Information: Changed wire load model for 'DW01_sub_width32' from '(none)' to 'ForQA'. (OPT-170)
Information: Changed wire load model for '*SUB_UNS_OP_31_31_32' from '(none)' to 'ForQA'. (OPT-170)
Information: Changed wire load model for 'DW01_dec_width9' from '(none)' to 'ForQA'. (OPT-170)
Information: Changed wire load model for '*SUB_UNS_OP_8_1_9' from '(none)' to 'ForQA'. (OPT-170)
Information: Changed wire load model for 'DW01_inc_width8' from '(none)' to 'ForQA'. (OPT-170)
Information: Changed wire load model for '*ADD_UNS_OP_8_1_8' from '(none)' to 'ForQA'. (OPT-170)
Information: Changed wire load model for 'DW01_sub_width8' from '(none)' to 'ForQA'. (OPT-170)
Information: Changed wire load model for '*SUB_UNS_OP_8_7_8' from '(none)' to 'ForQA'. (OPT-170)
Information: Changed wire load model for 'DW01_sub_width8' from '(none)' to 'ForQA'. (OPT-170)
Information: Changed wire load model for '*SUB_UNS_OP_8_7_8' from '(none)' to 'ForQA'. (OPT-170)
Information: Changed wire load model for 'DW02_mult' from '(none)' to 'ForQA'. (OPT-170)
Information: Changed wire load model for '*MULT_UNS_OP_24_24_48' from '(none)' to 'ForQA'. (OPT-170)
Information: Changed wire load model for 'DW01_add_width9' from '(none)' to 'ForQA'. (OPT-170)
Information: Changed wire load model for '*ADD_UNS_OP_8_8_9' from '(none)' to 'ForQA'. (OPT-170)
Information: Changed wire load model for 'DW01_cmp2_width9' from '(none)' to 'ForQA'. (OPT-170)
Information: Changed wire load model for '*LT_UNS_OP_9_7_1' from '(none)' to 'ForQA'. (OPT-170)
Information: Changed wire load model for 'DW01_inc_width5' from '(none)' to 'ForQA'. (OPT-170)
Information: Changed wire load model for '*ADD_UNS_OP_5_1_5' from '(none)' to 'ForQA'. (OPT-170)
Information: Changed wire load model for 'DW01_inc_width5' from '(none)' to 'ForQA'. (OPT-170)
Information: Changed wire load model for '*ADD_UNS_OP_5_1_5' from '(none)' to 'ForQA'. (OPT-170)
Information: Changed wire load model for 'DW01_sub_width8' from '(none)' to 'ForQA'. (OPT-170)
Information: Changed wire load model for '*SUB_UNS_OP_8_8_8' from '(none)' to 'ForQA'. (OPT-170)
Information: Changed wire load model for 'DW01_sub_width8' from '(none)' to 'ForQA'. (OPT-170)
Information: Changed wire load model for '*SUB_UNS_OP_8_8_8' from '(none)' to 'ForQA'. (OPT-170)
Information: Changed wire load model for 'DW01_add_width48' from '(none)' to 'ForQA'. (OPT-170)
Information: Changed wire load model for '*ADD_UNS_OP_47_47_48' from '(none)' to 'ForQA'. (OPT-170)
Information: Changed wire load model for 'DW01_sub_width48' from '(none)' to 'ForQA'. (OPT-170)
Information: Changed wire load model for '*SUB_UNS_OP_47_47_48' from '(none)' to 'ForQA'. (OPT-170)
Information: Changed wire load model for 'DW01_sub_width48' from '(none)' to 'ForQA'. (OPT-170)
Information: Changed wire load model for '*SUB_UNS_OP_47_47_48' from '(none)' to 'ForQA'. (OPT-170)
Information: Changed wire load model for 'DW_rightsh' from '(none)' to 'ForQA'. (OPT-170)
Information: Changed wire load model for '*ASHR_UNS_UNS_OP_47_8_47' from '(none)' to 'ForQA'. (OPT-170)
Information: Changed wire load model for 'DW_rightsh' from '(none)' to 'ForQA'. (OPT-170)
Information: Changed wire load model for '*ASHR_UNS_UNS_OP_47_8_47' from '(none)' to 'ForQA'. (OPT-170)
Information: Changed wire load model for 'DW01_add_width8' from '(none)' to 'ForQA'. (OPT-170)
Information: Changed wire load model for '*ADD_UNS_OP_8_2_8' from '(none)' to 'ForQA'. (OPT-170)
Information: Changed wire load model for 'DW01_sub_width8' from '(none)' to 'ForQA'. (OPT-170)
Information: Changed wire load model for '*SUB_UNS_OP_8_8_8' from '(none)' to 'ForQA'. (OPT-170)
Information: Changed wire load model for 'DW01_sub_width8' from '(none)' to 'ForQA'. (OPT-170)
Information: Changed wire load model for '*SUB_UNS_OP_6_8_8' from '(none)' to 'ForQA'. (OPT-170)
Information: Changed wire load model for 'DW01_sub_width24' from '(none)' to 'ForQA'. (OPT-170)
Information: Changed wire load model for '*SUB_UNS_OP_6_23_24' from '(none)' to 'ForQA'. (OPT-170)
Information: Changed wire load model for 'DW_leftsh' from '(none)' to 'ForQA'. (OPT-170)
Information: Changed wire load model for '*ASH_UNS_UNS_OP_48_32_48' from '(none)' to 'ForQA'. (OPT-170)
Information: Changed wire load model for 'DW01_cmp2_width8' from '(none)' to 'ForQA'. (OPT-170)
Information: Changed wire load model for '*GT_UNS_OP_8_6_1' from '(none)' to 'ForQA'. (OPT-170)
Information: Changed wire load model for 'DW01_cmp2_width8' from '(none)' to 'ForQA'. (OPT-170)
Information: Changed wire load model for '*GT_UNS_OP_8_6_1' from '(none)' to 'ForQA'. (OPT-170)
Information: Changed wire load model for 'DW01_cmp2_width24' from '(none)' to 'ForQA'. (OPT-170)
Information: Changed wire load model for '*GT_UNS_OP_24_24_1' from '(none)' to 'ForQA'. (OPT-170)
Information: Changed wire load model for 'DW01_cmp6_width8' from '(none)' to 'ForQA'. (OPT-170)
Information: Changed wire load model for '*EQ_UNS_OP_8_8_1' from '(none)' to 'ForQA'. (OPT-170)
Information: Changed wire load model for 'DW01_cmp2_width8' from '(none)' to 'ForQA'. (OPT-170)
Information: Changed wire load model for '*GT_UNS_OP_8_8_1' from '(none)' to 'ForQA'. (OPT-170)
Information: Changed wire load model for 'DW01_inc_width8' from '(none)' to 'ForQA'. (OPT-170)
Information: Changed wire load model for '*ADD_UNS_OP_8_1_8' from '(none)' to 'ForQA'. (OPT-170)
Information: Changed wire load model for 'DW01_sub_width8' from '(none)' to 'ForQA'. (OPT-170)
Information: Changed wire load model for '*SUB_UNS_OP_8_7_8' from '(none)' to 'ForQA'. (OPT-170)
Information: Changed wire load model for 'DW01_sub_width8' from '(none)' to 'ForQA'. (OPT-170)
Information: Changed wire load model for '*SUB_UNS_OP_8_7_8' from '(none)' to 'ForQA'. (OPT-170)
Information: Changed wire load model for 'DW02_mult' from '(none)' to 'ForQA'. (OPT-170)
Information: Changed wire load model for '*MULT_UNS_OP_24_24_48' from '(none)' to 'ForQA'. (OPT-170)
Information: Changed wire load model for 'DW01_add_width9' from '(none)' to 'ForQA'. (OPT-170)
Information: Changed wire load model for '*ADD_UNS_OP_8_8_9' from '(none)' to 'ForQA'. (OPT-170)
Information: Changed wire load model for 'DW01_cmp2_width9' from '(none)' to 'ForQA'. (OPT-170)
Information: Changed wire load model for '*LT_UNS_OP_9_7_1' from '(none)' to 'ForQA'. (OPT-170)
Information: Changed wire load model for 'DW01_inc_width8' from '(none)' to 'ForQA'. (OPT-170)
Information: Changed wire load model for '*ADD_UNS_OP_8_1_8' from '(none)' to 'ForQA'. (OPT-170)
Information: Changed wire load model for 'DW01_sub_width8' from '(none)' to 'ForQA'. (OPT-170)
Information: Changed wire load model for '*SUB_UNS_OP_8_7_8' from '(none)' to 'ForQA'. (OPT-170)
Information: Changed wire load model for 'DW01_sub_width8' from '(none)' to 'ForQA'. (OPT-170)
Information: Changed wire load model for '*SUB_UNS_OP_8_7_8' from '(none)' to 'ForQA'. (OPT-170)
Information: Changed wire load model for 'DW02_mult' from '(none)' to 'ForQA'. (OPT-170)
Information: Changed wire load model for '*MULT_UNS_OP_24_24_48' from '(none)' to 'ForQA'. (OPT-170)
Information: Changed wire load model for 'DW01_add_width9' from '(none)' to 'ForQA'. (OPT-170)
Information: Changed wire load model for '*ADD_UNS_OP_8_8_9' from '(none)' to 'ForQA'. (OPT-170)
Information: Changed wire load model for 'DW01_cmp2_width9' from '(none)' to 'ForQA'. (OPT-170)
Information: Changed wire load model for '*LT_UNS_OP_9_7_1' from '(none)' to 'ForQA'. (OPT-170)
Information: Changed wire load model for 'DW01_inc_width3' from '(none)' to 'ForQA'. (OPT-170)
Information: Changed wire load model for '*ADD_UNS_OP_3_1_3' from '(none)' to 'ForQA'. (OPT-170)
Information: Changed wire load model for 'DW01_inc_width3' from '(none)' to 'ForQA'. (OPT-170)
Information: Changed wire load model for '*ADD_UNS_OP_3_1_3' from '(none)' to 'ForQA'. (OPT-170)
Information: Changed wire load model for 'DW01_sub_width8' from '(none)' to 'ForQA'. (OPT-170)
Information: Changed wire load model for '*SUB_UNS_OP_8_8_8' from '(none)' to 'ForQA'. (OPT-170)
Information: Changed wire load model for 'DW01_sub_width8' from '(none)' to 'ForQA'. (OPT-170)
Information: Changed wire load model for '*SUB_UNS_OP_8_8_8' from '(none)' to 'ForQA'. (OPT-170)
Information: Changed wire load model for 'DW01_add_width48' from '(none)' to 'ForQA'. (OPT-170)
Information: Changed wire load model for '*ADD_UNS_OP_47_47_48' from '(none)' to 'ForQA'. (OPT-170)
Information: Changed wire load model for 'DW01_sub_width48' from '(none)' to 'ForQA'. (OPT-170)
Information: Changed wire load model for '*SUB_UNS_OP_47_47_48' from '(none)' to 'ForQA'. (OPT-170)
Information: Changed wire load model for 'DW01_sub_width48' from '(none)' to 'ForQA'. (OPT-170)
Information: Changed wire load model for '*SUB_UNS_OP_47_47_48' from '(none)' to 'ForQA'. (OPT-170)
Information: Changed wire load model for 'DW_rightsh' from '(none)' to 'ForQA'. (OPT-170)
Information: Changed wire load model for '*ASHR_UNS_UNS_OP_47_8_47' from '(none)' to 'ForQA'. (OPT-170)
Information: Changed wire load model for 'DW_rightsh' from '(none)' to 'ForQA'. (OPT-170)
Information: Changed wire load model for '*ASHR_UNS_UNS_OP_47_8_47' from '(none)' to 'ForQA'. (OPT-170)
Information: Changed wire load model for 'DW01_add_width8' from '(none)' to 'ForQA'. (OPT-170)
Information: Changed wire load model for '*ADD_UNS_OP_8_2_8' from '(none)' to 'ForQA'. (OPT-170)
Information: Changed wire load model for 'DW01_sub_width8' from '(none)' to 'ForQA'. (OPT-170)
Information: Changed wire load model for '*SUB_UNS_OP_8_8_8' from '(none)' to 'ForQA'. (OPT-170)
Information: Changed wire load model for 'DW01_sub_width8' from '(none)' to 'ForQA'. (OPT-170)
Information: Changed wire load model for '*SUB_UNS_OP_6_8_8' from '(none)' to 'ForQA'. (OPT-170)
Information: Changed wire load model for 'DW01_sub_width24' from '(none)' to 'ForQA'. (OPT-170)
Information: Changed wire load model for '*SUB_UNS_OP_6_23_24' from '(none)' to 'ForQA'. (OPT-170)
Information: Changed wire load model for 'DW_leftsh' from '(none)' to 'ForQA'. (OPT-170)
Information: Changed wire load model for '*ASH_UNS_UNS_OP_48_32_48' from '(none)' to 'ForQA'. (OPT-170)
Information: Changed wire load model for 'DW01_cmp2_width8' from '(none)' to 'ForQA'. (OPT-170)
Information: Changed wire load model for '*GT_UNS_OP_8_6_1' from '(none)' to 'ForQA'. (OPT-170)
Information: Changed wire load model for 'DW01_cmp2_width8' from '(none)' to 'ForQA'. (OPT-170)
Information: Changed wire load model for '*GT_UNS_OP_8_6_1' from '(none)' to 'ForQA'. (OPT-170)
Information: Changed wire load model for 'DW01_cmp2_width24' from '(none)' to 'ForQA'. (OPT-170)
Information: Changed wire load model for '*GT_UNS_OP_24_24_1' from '(none)' to 'ForQA'. (OPT-170)
Information: Changed wire load model for 'DW01_cmp6_width8' from '(none)' to 'ForQA'. (OPT-170)
Information: Changed wire load model for '*EQ_UNS_OP_8_8_1' from '(none)' to 'ForQA'. (OPT-170)
Information: Changed wire load model for 'DW01_cmp2_width8' from '(none)' to 'ForQA'. (OPT-170)
Information: Changed wire load model for '*GT_UNS_OP_8_8_1' from '(none)' to 'ForQA'. (OPT-170)
Information: Changed wire load model for 'DW01_inc_width8' from '(none)' to 'ForQA'. (OPT-170)
Information: Changed wire load model for '*ADD_UNS_OP_8_1_8' from '(none)' to 'ForQA'. (OPT-170)
Information: Changed wire load model for 'DW01_sub_width8' from '(none)' to 'ForQA'. (OPT-170)
Information: Changed wire load model for '*SUB_UNS_OP_8_7_8' from '(none)' to 'ForQA'. (OPT-170)
Information: Changed wire load model for 'DW01_sub_width8' from '(none)' to 'ForQA'. (OPT-170)
Information: Changed wire load model for '*SUB_UNS_OP_8_7_8' from '(none)' to 'ForQA'. (OPT-170)
Information: Changed wire load model for 'DW02_mult' from '(none)' to 'ForQA'. (OPT-170)
Information: Changed wire load model for '*MULT_UNS_OP_24_24_48' from '(none)' to 'ForQA'. (OPT-170)
Information: Changed wire load model for 'DW01_add_width9' from '(none)' to 'ForQA'. (OPT-170)
Information: Changed wire load model for '*ADD_UNS_OP_8_8_9' from '(none)' to 'ForQA'. (OPT-170)
Information: Changed wire load model for 'DW01_cmp2_width9' from '(none)' to 'ForQA'. (OPT-170)
Information: Changed wire load model for '*LT_UNS_OP_9_7_1' from '(none)' to 'ForQA'. (OPT-170)
Information: Changed wire load model for 'DW01_inc_width8' from '(none)' to 'ForQA'. (OPT-170)
Information: Changed wire load model for '*ADD_UNS_OP_8_1_8' from '(none)' to 'ForQA'. (OPT-170)
Information: Changed wire load model for 'DW01_sub_width8' from '(none)' to 'ForQA'. (OPT-170)
Information: Changed wire load model for '*SUB_UNS_OP_8_7_8' from '(none)' to 'ForQA'. (OPT-170)
Information: Changed wire load model for 'DW01_sub_width8' from '(none)' to 'ForQA'. (OPT-170)
Information: Changed wire load model for '*SUB_UNS_OP_8_7_8' from '(none)' to 'ForQA'. (OPT-170)
Information: Changed wire load model for 'DW02_mult' from '(none)' to 'ForQA'. (OPT-170)
Information: Changed wire load model for '*MULT_UNS_OP_24_24_48' from '(none)' to 'ForQA'. (OPT-170)
Information: Changed wire load model for 'DW01_add_width9' from '(none)' to 'ForQA'. (OPT-170)
Information: Changed wire load model for '*ADD_UNS_OP_8_8_9' from '(none)' to 'ForQA'. (OPT-170)
Information: Changed wire load model for 'DW01_cmp2_width9' from '(none)' to 'ForQA'. (OPT-170)
Information: Changed wire load model for '*LT_UNS_OP_9_7_1' from '(none)' to 'ForQA'. (OPT-170)
Information: Updating design information... (UID-85)
Warning: Design 'givens_rotation' contains 14 high-fanout nets. A fanout number of 1000 will be used for delay calculations involving these nets. (TIM-134)

Information: Checking generated_clocks...

Information: Checking loops...

Information: Checking no_input_delay...
Warning: The following input ports have no clock_relative delay specified, the command set_input_delay without -clock option will be ignored. (TIM-216)
--------------------
reset

Information: Checking unconstrained_endpoints...

Warning: The following end-points are not constrained for maximum delay.

End point
---------------
sin[0]
sin[1]
sin[2]
sin[3]
sin[4]
sin[5]
sin[6]
sin[7]
sin[8]
sin[9]
sin[10]
sin[11]
sin[12]
sin[13]
sin[14]
sin[15]
sin[16]
sin[17]
sin[18]
sin[19]
sin[20]
sin[21]
sin[22]
sin[23]
sin[24]
sin[25]
sin[26]
sin[27]
sin[28]
sin[29]
sin[30]
sin[31]

Information: Checking pulse_clock_cell_type...

Information: Checking no_driving_cell...

Information: Checking partial_input_delay...
1
