 
****************************************
Report : net fanout
        -high_fanout
Design : alt1
Version: T-2022.03-SP3
Date   : Mon Nov 18 20:11:11 2024
****************************************


Operating Conditions: 
Wire Load Model Mode: top


Attributes:
   dr - drc disabled
    c - annotated capacitance
    d - dont_touch
    i - ideal_net
    I - ideal_network
    p - includes pin load
    r - annotated resistance
    h - high fanout

Net                 Fanout   Attributes   Capacitance   Driver
--------------------------------------------------------------------------------
1
