 
****************************************
Report : area
Design : input_reorder
Version: T-2022.03-SP3
Date   : Mon Nov 18 21:12:36 2024
****************************************

Library(s) Used:

    saed32rvt_tt1p05v25c (File: /afs/umich.edu/class/eecs598-002/SAED32/SAED32_EDK/lib/stdcell_rvt/db_ccs/saed32rvt_tt1p05v25c.db)

Number of ports:                          516
Number of nets:                           792
Number of cells:                          533
Number of combinational cells:            276
Number of sequential cells:               257
Number of macros/black boxes:               0
Number of buf/inv:                         19
Number of references:                       5

Combinational area:                546.409626
Buf/Inv area:                       24.397824
Noncombinational area:            1698.190264
Macro/Black Box area:                0.000000
Net Interconnect area:             437.298280

Total cell area:                  2244.599890
Total area:                       2681.898171
1
