Information: Propagating switching activity (low effort zero delay simulation). (PWR-6)
Warning: Design has unannotated primary inputs. (PWR-414)
 
****************************************
Report : power
        -analysis_effort low
Design : input_reorder
Version: T-2022.03-SP3
Date   : Mon Nov 18 21:12:36 2024
****************************************


Library(s) Used:

    saed32rvt_tt1p05v25c (File: /afs/umich.edu/class/eecs598-002/SAED32/SAED32_EDK/lib/stdcell_rvt/db_ccs/saed32rvt_tt1p05v25c.db)


Operating Conditions: tt1p05v25c   Library: saed32rvt_tt1p05v25c
Wire Load Model Mode: enclosed

Design        Wire Load Model            Library
------------------------------------------------
input_reorder          8000              saed32rvt_tt1p05v25c


Global Operating Voltage = 1.05 
Power-specific unit information :
    Voltage Units = 1V
    Capacitance Units = 1.000000ff
    Time Units = 1ns
    Dynamic Power Units = 1uW    (derived from V,C,T units)
    Leakage Power Units = 1pW


Attributes
----------
i - Including register clock pin internal power


  Cell Internal Power  = 198.5748 uW   (96%)
  Net Switching Power  =   7.3203 uW    (4%)
                         ---------
Total Dynamic Power    = 205.8951 uW  (100%)

Cell Leakage Power     =  51.8379 uW


                 Internal         Switching           Leakage            Total
Power Group      Power            Power               Power              Power   (   %    )  Attrs
--------------------------------------------------------------------------------------------------
io_pad             0.0000            0.0000            0.0000            0.0000  (   0.00%)
memory             0.0000            0.0000            0.0000            0.0000  (   0.00%)
black_box          0.0000            0.0000            0.0000            0.0000  (   0.00%)
clock_network    197.1410            0.0000            0.0000          197.1410  (  76.49%)  i
register       -1.9908e+00            0.2889        3.6192e+07           34.4898 (  13.38%)
sequential         0.0000            0.0000            0.0000            0.0000  (   0.00%)
combinational      3.4246            7.0313        1.5646e+07           26.1022  (  10.13%)
--------------------------------------------------------------------------------------------------
Total            198.5748 uW         7.3203 uW     5.1838e+07 pW       257.7330 uW
1
