Information: Propagating switching activity (low effort zero delay simulation). (PWR-6)
Warning: Design has unannotated primary inputs. (PWR-414)
Warning: Design has unannotated sequential cell outputs. (PWR-415)
 
****************************************
Report : power
        -analysis_effort low
Design : matmul
Version: T-2022.03-SP3
Date   : Fri Dec  6 20:48:36 2024
****************************************


Library(s) Used:

    saed32rvt_tt1p05v25c (File: /afs/umich.edu/class/eecs598-002/SAED32/SAED32_EDK/lib/stdcell_rvt/db_ccs/saed32rvt_tt1p05v25c.db)


Operating Conditions: tt1p05v25c   Library: saed32rvt_tt1p05v25c
Wire Load Model Mode: enclosed

Design        Wire Load Model            Library
------------------------------------------------
matmul                 1000000           saed32rvt_tt1p05v25c


Global Operating Voltage = 1.05 
Power-specific unit information :
    Voltage Units = 1V
    Capacitance Units = 1.000000ff
    Time Units = 1ns
    Dynamic Power Units = 1uW    (derived from V,C,T units)
    Leakage Power Units = 1pW


Attributes
----------
i - Including register clock pin internal power


  Cell Internal Power  =  17.4411 mW   (67%)
  Net Switching Power  =   8.5999 mW   (33%)
                         ---------
Total Dynamic Power    =  26.0410 mW  (100%)

Cell Leakage Power     =  16.8952 mW


                 Internal         Switching           Leakage            Total
Power Group      Power            Power               Power              Power   (   %    )  Attrs
--------------------------------------------------------------------------------------------------
io_pad             0.0000            0.0000            0.0000            0.0000  (   0.00%)
memory             0.0000            0.0000            0.0000            0.0000  (   0.00%)
black_box          0.0000            0.0000            0.0000            0.0000  (   0.00%)
clock_network  1.1030e+04            0.0000            0.0000        1.1030e+04  (  25.69%)  i
register         837.8203          893.2988        2.8613e+09        4.5925e+03  (  10.70%)
sequential         0.0000            0.0000            0.0000            0.0000  (   0.00%)
combinational  5.5726e+03        7.7065e+03        1.4034e+10        2.7314e+04  (  63.61%)
--------------------------------------------------------------------------------------------------
Total          1.7441e+04 uW     8.5998e+03 uW     1.6895e+10 pW     4.2936e+04 uW
1
