 
****************************************
Report : area
Design : matmul
Version: T-2022.03-SP3
Date   : Fri Dec  6 20:48:22 2024
****************************************

Library(s) Used:

    saed32rvt_tt1p05v25c (File: /afs/umich.edu/class/eecs598-002/SAED32/SAED32_EDK/lib/stdcell_rvt/db_ccs/saed32rvt_tt1p05v25c.db)

Number of ports:                         1538
Number of nets:                        222713
Number of cells:                       207963
Number of combinational cells:         186682
Number of sequential cells:             20026
Number of macros/black boxes:               0
Number of buf/inv:                      26729
Number of references:                     101

Combinational area:             470617.253000
Buf/Inv area:                    38526.705617
Noncombinational area:          133738.201210
Macro/Black Box area:                0.000000
Net Interconnect area:          586425.374424

Total cell area:                604355.454210
Total area:                    1190780.828634
1
