
                           Design Compiler Graphical 
                                 DC Ultra (TM)
                                  DFTMAX (TM)
                              Power Compiler (TM)
                                 DesignWare (R)
                                 DC Expert (TM)
                               Design Vision (TM)
                               HDL Compiler (TM)
                               VHDL Compiler (TM)
                                  DFT Compiler
                               Design Compiler(R)

               Version T-2022.03-SP3 for linux64 - Jul 12, 2022 

                    Copyright (c) 1988 - 2022 Synopsys, Inc.
   This software and the associated documentation are proprietary to Synopsys,
 Inc. This software may only be used in accordance with the terms and conditions
 of a written license agreement with Synopsys, Inc. All other use, reproduction,
   or distribution of this software is strictly prohibited.  Licensed Products
     communicate with Synopsys servers for the purpose of providing software
    updates, detecting software piracy and verifying that customers are using
    Licensed Products in conformity with the applicable License Key for such
  Licensed Products. Synopsys will use information gathered in connection with
    this process to deliver software updates and pursue software pirates and
                                   infringers.

 Inclusivity & Diversity - Visit SolvNetPlus to read the "Synopsys Statement on
            Inclusivity and Diversity" (Refer to article 000036315 at
                        https://solvnetplus.synopsys.com)
Initializing...
###############################
#                             #
# Create By Yufan Yue 2023.10 #
#                             #
###############################
set COURSE_NAME $::env(MK_COURSE_NAME)
EECS598-002
puts "\[$COURSE_NAME\] Running script [info script]\n"
[EECS598-002] Running script /home/ksnl/eecs598/final-project/mimo-ofdm/scripts/synth.tcl

set PDK_PATH $::env(SAED32_PATH)
/afs/umich.edu/class/eecs598-002/SAED32/SAED32_EDK
puts "PDK path at $PDK_PATH"
PDK path at /afs/umich.edu/class/eecs598-002/SAED32/SAED32_EDK
set DESIGN_NAME $::env(MK_DESIGN_NAME)
fft_N_rad2 
set RTL_SOURCE_FILES  [glob -nocomplain src/*.v	src/*.sv src/*.vh src/*.svh]
src/input_reorder.sv src/fft_N_rad2.sv src/butterfly.sv src/delay.sv src/delay_commutator.sv src/deserializer.sv
set NETLIST_FILES ""
set DESIGN_DEFINES ""
set DESIGN_PATH          "[pwd]"
/home/ksnl/eecs598/final-project/mimo-ofdm
set REPORTS_DIR "${DESIGN_PATH}/reports"
/home/ksnl/eecs598/final-project/mimo-ofdm/reports
set RESULTS_DIR "${DESIGN_PATH}/syn"
/home/ksnl/eecs598/final-project/mimo-ofdm/syn
set CONSTRAINTS_FILE "${DESIGN_PATH}/scripts/constraints.tcl"
/home/ksnl/eecs598/final-project/mimo-ofdm/scripts/constraints.tcl
set USE_NUM_CORES $::env(MK_USE_NUM_CORES)
4
set ADDITIONAL_SEARCH_PATH ""
set MEM_SUFFIX $::env(MK_MEM_SUFFIX)
typ_1d05_25
##########################################################################################
# Library Setup Variables
##########################################################################################
#  Target technology logical libraries
# set MAX_LIBRARY_SET               [glob -nocomplain "${PDK_PATH}/lib/stdcell_rvt/db_ccs/saed32rvt_ss0p95v125c.db"]
set TYP_LIBRARY_SET               [glob -nocomplain "${PDK_PATH}/lib/stdcell_rvt/db_ccs/saed32rvt_tt1p05v25c.db"]
/afs/umich.edu/class/eecs598-002/SAED32/SAED32_EDK/lib/stdcell_rvt/db_ccs/saed32rvt_tt1p05v25c.db
# set MIN_LIBRARY_SET               [glob -nocomplain "${PDK_PATH}/lib/stdcell_rvt/db_ccs/saed32rvt_ff1p16vn40c.db"]
set corner_case "typ"
typ
set TARGET_LIBRARY_FILES        ${TYP_LIBRARY_SET}
/afs/umich.edu/class/eecs598-002/SAED32/SAED32_EDK/lib/stdcell_rvt/db_ccs/saed32rvt_tt1p05v25c.db
set ADDITIONAL_LINK_LIB_FILES   "[glob -nocomplain ${DESIGN_PATH}/memory/db/*_${MEM_SUFFIX}_ccs.db]
                                   [glob -nocomplain ${DESIGN_PATH}/blocks/*/export/*.db]"

                                   
set_app_var sh_new_variable_message false
false
#################################################################################
# Design Compiler Setup Variables
#################################################################################
set_host_options -max_cores [expr min(6, ${USE_NUM_CORES})]
1
if { ! [file exists $REPORTS_DIR] } { file mkdir ${REPORTS_DIR} }
if { ! [file exists $RESULTS_DIR] } { file mkdir ${RESULTS_DIR} }
#################################################################################
# Search Path Setup
#
# Set up the search path to find the libraries and design files.
#################################################################################
set_app_var search_path ". ${ADDITIONAL_SEARCH_PATH} $search_path"
.  . /usr/caen/synopsys-synth-2022.03-SP3/libraries/syn /usr/caen/synopsys-synth-2022.03-SP3/dw/syn_ver /usr/caen/synopsys-synth-2022.03-SP3/dw/sim_ver
#################################################################################
# Library Setup
#
# This section is designed to work with the settings from common_setup.tcl
# without any additional modification.
#################################################################################
set_app_var target_library ${TARGET_LIBRARY_FILES}
/afs/umich.edu/class/eecs598-002/SAED32/SAED32_EDK/lib/stdcell_rvt/db_ccs/saed32rvt_tt1p05v25c.db
set_app_var synthetic_library dw_foundation.sldb
dw_foundation.sldb
set_app_var link_library "* $target_library $ADDITIONAL_LINK_LIB_FILES $synthetic_library"
* /afs/umich.edu/class/eecs598-002/SAED32/SAED32_EDK/lib/stdcell_rvt/db_ccs/saed32rvt_tt1p05v25c.db 
                                    dw_foundation.sldb
check_library > ${REPORTS_DIR}/${DESIGN_NAME}.check_library.rpt
#################################################################################
# Read in the RTL Design
#
# Read in the RTL source files or read in the elaborated design (.ddc).
#################################################################################
if { ! [file exists ${DESIGN_NAME}_dclib] } { file mkdir ${DESIGN_NAME}_dclib }
define_design_lib WORK -path ${DESIGN_PATH}/${DESIGN_NAME}_dclib
1
if { [llength $NETLIST_FILES] > 0} { read_verilog -netlist $NETLIST_FILES }
if { ![analyze -define ${DESIGN_DEFINES} -f sverilog $RTL_SOURCE_FILES] } { exit 1 }
Running PRESTO HDLC
Compiling source file ./src/input_reorder.sv
Error:  ./src/input_reorder.sv:9: Syntax error at or near token 'input_array'. (VER-294)
Error:  ./src/input_reorder.sv:10: Redeclaration of port 'COMPLEX_PRODUCT_T' is not allowed. (VER-121)
Error:  ./src/input_reorder.sv:10: Syntax error at or near token 'output_array'. (VER-294)
Error:  ./src/input_reorder.sv:12: 'COMPLEX_PRODUCT_T' is listed more than once in port list. (VER-174)
Error:  ./src/input_reorder.sv:16: Syntax error at or near token ';'. (VER-294)
Compiling source file ./src/fft_N_rad2.sv
Error:  Cannot recover from previous errors. (VER-518)
*** Presto compilation terminated with 6 errors. ***
Loading db file '/afs/umich.edu/class/eecs598-002/SAED32/SAED32_EDK/lib/stdcell_rvt/db_ccs/saed32rvt_tt1p05v25c.db'
Information: Using CCS timing libraries. (TIM-024)
Loading db file '/usr/caen/synopsys-synth-2022.03-SP3/libraries/syn/dw_foundation.sldb'

Memory usage for this session 244 Mbytes.
Memory usage for this session including child processes 244 Mbytes.
CPU usage for this session 3 seconds ( 0.00 hours ).
Elapsed time for this session 5 seconds ( 0.00 hours ).

Thank you...
