          0,           0, 1
    -119192,      -37155, 1
        803,       -1959, 1
    4066004,   -15326719, 1
       1339,         473, 1
   -3960269,     5097023, 1
     324355,     -216060, 1
    -373563,    22560222, 1
       -655,         753, 1
   -4548039,     2123163, 1
     322788,      -59399, 1
   -4858287,     4965295, 1
    -109852,      244219, 1
   -4980465,   -14210150, 1
   -2460287,    -8841321, 1
   24539699,    -2031459, 1
       -460,        -348, 1
   -2020142,     4096103, 1
    -248353,     -148173, 1
    9059242,    -4281102, 1
     114418,       93579, 1
  -10304072,    -9180019, 1
    8431469,    -4444569, 1
   15641776,     8321951, 1
      56065,       22827, 1
    3953054,     2699269, 1
    4406736,      716005, 1
   19015396,    11706604, 1
   -3221931,    -5584170, 1
    2613734,   -10196938, 1
   -3259728,   -16658008, 1
   -1789170,   -12624279, 1
        217,         175, 1
    7999672,     -835265, 1
     -73339,       41951, 1
    -763342,      907273, 1
     -23845,      -44819, 1
    3393267,    -5554847, 1
   -5966944,     -283655, 1
    1855445,     8139016, 1
      28191,       32373, 1
   -2993618,    -4788676, 1
     959132,     5425135, 1
    2136559,     5008705, 1
    7426282,    -3092307, 1
   -5444383,     6868752, 1
    1940217,    12543819, 1
   -6984506,     3171826, 1
       5955,       -2875, 1
    2272008,    -2663869, 1
   -4327565,     2983615, 1
   -9518351,      740649, 1
    5814147,      287044, 1
   12418827,     6022604, 1
   -7215317,     1519173, 1
   12808152,      730029, 1
    -670887,    -3847275, 1
   13730844,      -59863, 1
   -2589570,    -9535455, 1
     447542,    14497682, 1
   11616531,     3003170, 1
   -5358691,      978117, 1
   14527800,     -984574, 1
    -226704,    11412521, 1
        434,           0, 1
    6803384,     4814951, 1
     130665,      103695, 1
    7532864,     3644267, 1
     -73439,       15779, 1
    7291923,      920395, 1
    1736543,     1675132, 1
    7013705,    -6737844, 1
     -18569,      -53289, 1
   -7856365,    -4821501, 1
    8184078,     5449041, 1
    8132047,    -3650303, 1
    3775490,    -4912105, 1
    2086507,    -3719868, 1
   -3945921,     7603349, 1
    5210831,    -3224161, 1
      23870,       20088, 1
   -5269884,     7186259, 1
   -7027003,     7285093, 1
    6066154,     2365912, 1
   -1481614,     -506261, 1
    5441820,    -6992519, 1
    3425541,    -1945373, 1
    6475758,     8093399, 1
   -1874539,    -1026937, 1
   -2848722,    -4251281, 1
    -870632,     6434491, 1
    3601224,    -1227896, 1
    3694639,    -8010026, 1
   -7147804,     7958050, 1
   -8161118,     -836406, 1
    3771068,     2249153, 1
       6727,       -5425, 1
   -2664008,     3593937, 1
   -2375809,     -491319, 1
    5816378,    -4221309, 1
    -884895,    -1587789, 1
    2789707,     5482517, 1
    5863772,    -5768887, 1
    5389157,    -6288934, 1
    1165321,      501363, 1
    -627252,     1931688, 1
    -899638,       51915, 1
    7051901,    -5869425, 1
    1464464,     6982549, 1
   -4001823,    -5007682, 1
    5977383,     2219585, 1
    2186002,     4825156, 1
     113305,     -199175, 1
    3424650,    -2641937, 1
    -371123,     4597765, 1
    4380829,    -2787689, 1
   -1463181,    -1123952, 1
   -6955193,    -1060024, 1
   -2368045,    -5578535, 1
    3561810,    -7932303, 1
    -828847,    -3956519, 1
   -1421208,     2695447, 1
   -3977686,     2150779, 1
   -4336750,     5976010, 1
   -4884187,     -107010, 1
   -2558297,      441525, 1
    2400282,     4266380, 1
   -1841786,     2539345, 1
     -10353,           0, 1
      61040,       18587, 1
      73182,       35260, 1
   -1940134,    16161466, 1
       4802,        2211, 1
    1826766,    -2368531, 1
    1618844,    -7915806, 1
  -10084883,    18657637, 1
      -2901,        1132, 1
    2254811,     -992402, 1
   -2173935,    -4069027, 1
    4138437,   -10944989, 1
    1353347,      549725, 1
   -2877435,     6209350, 1
   16252316,    -6146098, 1
   -1162607,    22455385, 1
       1296,         171, 1
   -7534085,    14707205, 1
   -9138515,     5077686, 1
   -4760476,     3105260, 1
   -2061469,      136486, 1
    8023713,    12267953, 1
  -18882486,    -2236310, 1
  -11999979,    13158924, 1
    -146933,     -291635, 1
    2454041,     3516063, 1
   -3631378,   -16507467, 1
   12616525,    13850067, 1
    6128720,     -992504, 1
  -15436052,     4750907, 1
   13315220,    -5181875, 1
   -4562761,     7260143, 1
        341,        -100, 1
    4380752,      426391, 1
    -476566,    -1095520, 1
     775648,     2540418, 1
    -424583,       36602, 1
     929641,   -14928598, 1
    5821366,     8958680, 1
    -212449,    -7302633, 1
      87738,      198705, 1
      68359,     7970914, 1
    4841162,     4364084, 1
   -8891753,    -8123231, 1
   -2379278,    -3961430, 1
    2030266,   -15935647, 1
   -6549300,    -5327928, 1
    1836877,    -9103051, 1
      49556,      -35625, 1
    4951488,    10990396, 1
   -1457074,     1263915, 1
    4714716,     3862744, 1
   -8806538,     6256675, 1
    6810161,     6897581, 1
   -1524852,     3829322, 1
   -4797718,    -6840397, 1
   -2429127,     6706325, 1
   16133632,    -2949952, 1
  -11197046,    -2266899, 1
   12783317,    -5328615, 1
    1966099,    -9972875, 1
  -11548285,     1567604, 1
   -6189167,     9018020, 1
    1156633,     3694581, 1
        217,           0, 1
   -3406652,    -2412699, 1
   -3933528,     3358478, 1
    3072114,     1116062, 1
    -523156,       73005, 1
    -775028,    -3032717, 1
    7056500,    -6286238, 1
    7035933,    -7908103, 1
      66123,       56048, 1
   -5506753,    -3484016, 1
   -7522549,    -6822463, 1
    6630307,     4456357, 1
    2637405,     6739929, 1
   -7263757,      239488, 1
   -1750558,    -5410160, 1
   -6636849,    -6358085, 1
        186,      -11501, 1
   -3027185,     6758755, 1
   -2873285,     2215356, 1
   -1833234,    -6266982, 1
   -7324667,     6028368, 1
   -1761159,     3040785, 1
   -7183876,     1880964, 1
   -3434223,     6367268, 1
   -8261547,     6695535, 1
    3704189,    -4714955, 1
   -4875618,    -8101745, 1
    2534677,     3415411, 1
    1567776,     4838750, 1
    8278540,     -445013, 1
    4770904,    -5371971, 1
    6274329,     6243321, 1
      10571,        3100, 1
    1061684,     6326853, 1
   -3890996,     2090282, 1
    8258640,      188554, 1
    3701911,     5336712, 1
   -6872689,    -1434044, 1
    6966822,    -3634052, 1
    6469491,      684375, 1
   -2339322,    -4372395, 1
   -7418549,    -4497720, 1
    2454108,     2256896, 1
   -1736975,    -4266197, 1
    8025736,     1558514, 1
     749072,    -4651473, 1
    6959658,     7497894, 1
    6178475,     -873017, 1
    -285014,     1296575, 1
    2787604,    -7000034, 1
   -1380476,     4856217, 1
    6737902,    -6181950, 1
     762988,     5896145, 1
    3629649,      264033, 1
     801302,    -2586184, 1
    5711202,    -3933801, 1
   -2843505,     7800375, 1
   -2038700,     -668966, 1
    2181410,     8337727, 1
    2081793,    -2133551, 1
    5591839,     3440119, 1
   -3372773,    -2808632, 1
   -1318723,    -4529424, 1
   -5174437,     -673721, 1
          0,           0, 1
          0,           0, 1
          0,           0, 1
          0,           0, 1
          0,           0, 1
          0,           0, 1
          0,           0, 1
          0,           0, 1
          0,           0, 1
          0,           0, 1
          0,           0, 1
          0,           0, 1
          0,           0, 1
          0,           0, 1
          0,           0, 1
          0,           0, 1
          0,           0, 1
          0,           0, 1
          0,           0, 1
          0,           0, 1
          0,           0, 1
          0,           0, 1
          0,           0, 1
          0,           0, 1
          0,           0, 1
          0,           0, 1
          0,           0, 1
          0,           0, 1
          0,           0, 1
          0,           0, 1
          0,           0, 1
          0,           0, 1
          0,           0, 1
          0,           0, 1
          0,           0, 1
          0,           0, 1
          0,           0, 1
          0,           0, 1
          0,           0, 1
          0,           0, 1
          0,           0, 1
          0,           0, 1
          0,           0, 1
          0,           0, 1
          0,           0, 1
          0,           0, 1
          0,           0, 1
          0,           0, 1
          0,           0, 1
          0,           0, 1
          0,           0, 1
          0,           0, 1
          0,           0, 1
          0,           0, 1
          0,           0, 1
          0,           0, 1
          0,           0, 1
          0,           0, 1
          0,           0, 1
          0,           0, 1
          0,           0, 1
          0,           0, 1
          0,           0, 1
          0,           0, 1
          0,           0, 1
          0,           0, 1
          0,           0, 1
          0,           0, 1
          0,           0, 1
          0,           0, 1
          0,           0, 1
          0,           0, 1
          0,           0, 1
          0,           0, 1
          0,           0, 1
          0,           0, 1
          0,           0, 1
          0,           0, 1
          0,           0, 1
          0,           0, 1
          0,           0, 1
          0,           0, 1
          0,           0, 1
          0,           0, 1
          0,           0, 1
          0,           0, 1
          0,           0, 1
          0,           0, 1
          0,           0, 1
          0,           0, 1
          0,           0, 1
          0,           0, 1
          0,           0, 1
          0,           0, 1
          0,           0, 1
          0,           0, 1
          0,           0, 1
          0,           0, 1
          0,           0, 1
          0,           0, 1
          0,           0, 1
          0,           0, 1
          0,           0, 1
          0,           0, 1
          0,           0, 1
          0,           0, 1
          0,           0, 1
          0,           0, 1
          0,           0, 1
          0,           0, 1
          0,           0, 1
          0,           0, 1
          0,           0, 1
          0,           0, 1
          0,           0, 1
          0,           0, 1
          0,           0, 1
          0,           0, 1
          0,           0, 1
          0,           0, 1
          0,           0, 1
          0,           0, 1
          0,           0, 1
          0,           0, 1
          0,           0, 1
          0,           0, 1
          0,           0, 1
          0,           0, 1
